<?xml version="1.0" encoding="UTF-8"?>
<testsuite xmlns:xsi="http://www.w3.org/2001/XMLSchema-instance" xsi:noNamespaceSchemaLocation="https://maven.apache.org/surefire/maven-surefire-plugin/xsd/surefire-test-report-3.0.xsd" version="3.0" name="com.warcampaign.backend.integration.NotificationIntegrationTest" time="0.565" tests="5" errors="0" skipped="0" failures="0">
  <properties>
[...]
</properties>
  <testcase name="operationsAdvanceCreatesOrdersAutoLockedNotification" classname="com.warcampaign.backend.integration.NotificationIntegrationTest" time="0.153">
    <system-out><![CDATA[2026-03-26T14:58:44.353Z DEBUG 61 --- [           main] .b.t.c.SpringBootTestContextBootstrapper : Neither @ContextConfiguration nor @ContextHierarchy found for test class [NotificationIntegrationTest]: using SpringBootContextLoader
2026-03-26T14:58:44.353Z  INFO 61 --- [           main] t.c.s.AnnotationConfigContextLoaderUtils : Could not detect default configuration classes for test class [com.warcampaign.backend.integration.NotificationIntegrationTest]: NotificationIntegrationTest does not declare any static, non-private, non-final, nested classes annotated with @Configuration.
2026-03-26T14:58:44.354Z DEBUG 61 --- [           main] .b.t.c.SpringBootTestContextBootstrapper : Using ContextCustomizerFactory implementations for test class [NotificationIntegrationTest]: [ImportsContextCustomizerFactory, ExcludeFilterContextCustomizerFactory, HttpGraphQlTesterContextCustomizerFactory, DuplicateJsonObjectContextCustomizerFactory, MockitoContextCustomizerFactory, TestRestTemplateContextCustomizerFactory, WebTestClientContextCustomizerFactory, DisableReactorResourceFactoryGlobalResourcesContextCustomizerFactory, OnFailureConditionReportContextCustomizerFactory, OverrideAutoConfigurationContextCustomizerFactory, ObservabilityContextCustomizerFactory, TypeExcludeFiltersContextCustomizerFactory, PropertyMappingContextCustomizerFactory, WebDriverContextCustomizerFactory, MockServerContainerContextCustomizerFactory, DynamicPropertiesContextCustomizerFactory]
2026-03-26T14:58:44.356Z DEBUG 61 --- [           main] .b.t.c.SpringBootTestContextBootstrapper : Using ContextCustomizers for test class [NotificationIntegrationTest]: [ImportsContextCustomizer, ExcludeFilterContextCustomizer, DuplicateJsonObjectContextCustomizer, MockitoContextCustomizer, TestRestTemplateContextCustomizer, DisableReactorResourceFactoryGlobalResourcesContextCustomizerCustomizer, OnFailureConditionReportContextCustomizer, DisableObservabilityContextCustomizer, PropertyMappingContextCustomizer, WebDriverContextCustomizer]
2026-03-26T14:58:44.357Z  INFO 61 --- [           main] .b.t.c.SpringBootTestContextBootstrapper : Found @SpringBootConfiguration com.warcampaign.backend.WarApiApplication for test class com.warcampaign.backend.integration.NotificationIntegrationTest
2026-03-26T14:58:44.359Z DEBUG 61 --- [           main] .b.t.c.SpringBootTestContextBootstrapper : Using TestExecutionListeners for test class [NotificationIntegrationTest]: [ServletTestExecutionListener, DirtiesContextBeforeModesTestExecutionListener, ApplicationEventsTestExecutionListener, MockitoTestExecutionListener, DependencyInjectionTestExecutionListener, DirtiesContextTestExecutionListener, TransactionalTestExecutionListener, SqlScriptsTestExecutionListener, EventPublishingTestExecutionListener, WithSecurityContextTestExecutionListener, ReactorContextTestExecutionListener, ResetMocksTestExecutionListener, RestDocsTestExecutionListener, MockRestServiceServerResetTestExecutionListener, MockMvcPrintOnlyOnFailureTestExecutionListener, WebDriverTestExecutionListener, MockWebServiceServerTestExecutionListener]
2026-03-26T14:58:44.370Z DEBUG 61 --- [           main] org.hibernate.SQL                        : select n1_0.id,n1_0.body,n1_0.campaign_id,n1_0.created_at,n1_0.payload_json,n1_0.read_at,n1_0.recipient_user_id,n1_0.title,n1_0.type from notification n1_0
2026-03-26T14:58:44.373Z DEBUG 61 --- [           main] org.hibernate.SQL                        : select vs1_0.id,vs1_0.campaign_id,vs1_0.confidence_score,vs1_0.decay_turn,vs1_0.source_type,vs1_0.territory_id,vs1_0.turn_number,vs1_0.updated_at,vs1_0.viewer_faction_id,vs1_0.visibility_level,vs1_0.visible_forces_summary,vs1_0.visible_fort_level,vs1_0.visible_owner_faction_id from visibility_state vs1_0
2026-03-26T14:58:44.375Z DEBUG 61 --- [           main] org.hibernate.SQL                        : select re1_0.id,re1_0.actor_faction_id,re1_0.campaign_id,re1_0.created_at,re1_0.created_by_member_id,re1_0.created_by_type,re1_0.event_type,re1_0.payload_json,re1_0.phase,re1_0.target_faction_id,re1_0.territory_id,re1_0.turn_number,re1_0.viewer_faction_id,re1_0.visibility_scope from resolution_event re1_0
2026-03-26T14:58:44.377Z DEBUG 61 --- [           main] org.hibernate.SQL                        : select bp1_0.id,bp1_0.battle_id,bp1_0.created_at,bp1_0.platoon_id,bp1_0.post_condition_band,bp1_0.pre_condition_band,bp1_0.side from battle_participant bp1_0
2026-03-26T14:58:44.379Z DEBUG 61 --- [           main] org.hibernate.SQL                        : select b1_0.id,b1_0.attacker_faction_id,b1_0.battle_mode,b1_0.battle_status,b1_0.campaign_id,b1_0.created_at,b1_0.defender_faction_id,b1_0.scenario_key,b1_0.scheduled_for,b1_0.strategic_result_json,b1_0.tabletop_result_summary,b1_0.territory_id,b1_0.turn_number from battle b1_0
2026-03-26T14:58:44.381Z DEBUG 61 --- [           main] org.hibernate.SQL                        : select cal1_0.id,cal1_0.action_type,cal1_0.actor_member_id,cal1_0.actor_type,cal1_0.actor_user_id,cal1_0.after_json,cal1_0.before_json,cal1_0.campaign_id,cal1_0.created_at,cal1_0.entity_id,cal1_0.entity_type from campaign_audit_log cal1_0
2026-03-26T14:58:44.383Z DEBUG 61 --- [           main] org.hibernate.SQL                        : select po1_0.id,po1_0.created_at,po1_0.order_submission_id,po1_0.order_type,po1_0.payload_json,po1_0.platoon_id,po1_0.source_territory_id,po1_0.target_territory_id,po1_0.validation_errors_json,po1_0.validation_status from platoon_order po1_0
2026-03-26T14:58:44.385Z DEBUG 61 --- [           main] org.hibernate.SQL                        : select os1_0.id,os1_0.campaign_id,os1_0.checksum,os1_0.faction_id,os1_0.locked_at,os1_0.reveal_at,os1_0.status,os1_0.submitted_at,os1_0.submitted_by_member_id,os1_0.turn_number from order_submission os1_0
2026-03-26T14:58:44.387Z DEBUG 61 --- [           main] org.hibernate.SQL                        : select ps1_0.id,ps1_0.notes,ps1_0.platoon_id,ps1_0.readiness_status,ps1_0.strength,ps1_0.territory_id,ps1_0.turn_id from platoon_state ps1_0
2026-03-26T14:58:44.389Z DEBUG 61 --- [           main] org.hibernate.SQL                        : delete from platoon_state where id=?
2026-03-26T14:58:44.389Z DEBUG 61 --- [           main] org.hibernate.SQL                        : delete from platoon_state where id=?
2026-03-26T14:58:44.390Z DEBUG 61 --- [           main] org.hibernate.SQL                        : delete from platoon_state where id=?
2026-03-26T14:58:44.392Z DEBUG 61 --- [           main] org.hibernate.SQL                        : select ts1_0.id,ts1_0.controller_nation_id,ts1_0.controlling_faction_id,ts1_0.damage_json,ts1_0.fort_level,ts1_0.control_status,ts1_0.notes,ts1_0.partisan_risk,ts1_0.strategic_status,ts1_0.supply_status,ts1_0.territory_id,ts1_0.turn_id from territory_state ts1_0
2026-03-26T14:58:44.394Z DEBUG 61 --- [           main] org.hibernate.SQL                        : select p1_0.id,p1_0.assigned_member_id,p1_0.campaign_id,p1_0.faction_id,p1_0.hidden_from_players,p1_0.home_territory_id,p1_0.name,p1_0.nation_id,p1_0.platoon_key,p1_0.unit_type from platoon p1_0
2026-03-26T14:58:44.395Z DEBUG 61 --- [           main] org.hibernate.SQL                        : delete from platoon where id=?
2026-03-26T14:58:44.396Z DEBUG 61 --- [           main] org.hibernate.SQL                        : delete from platoon where id=?
2026-03-26T14:58:44.398Z DEBUG 61 --- [           main] org.hibernate.SQL                        : select cm1_0.id,cm1_0.campaign_id,cm1_0.faction_id,cm1_0.nation_id,cm1_0.role,cm1_0.user_id from campaign_member cm1_0
2026-03-26T14:58:44.400Z DEBUG 61 --- [           main] org.hibernate.SQL                        : delete from campaign_member where id=?
2026-03-26T14:58:44.401Z DEBUG 61 --- [           main] org.hibernate.SQL                        : delete from campaign_member where id=?
2026-03-26T14:58:44.401Z DEBUG 61 --- [           main] org.hibernate.SQL                        : delete from campaign_member where id=?
2026-03-26T14:58:44.403Z DEBUG 61 --- [           main] org.hibernate.SQL                        : select ci1_0.id,ci1_0.campaign_id,ci1_0.expires_at,ci1_0.intended_role,ci1_0.invite_token,ci1_0.invited_by_user_id,ci1_0.invitee_email,ci1_0.status from campaign_invite ci1_0
2026-03-26T14:58:44.405Z DEBUG 61 --- [           main] org.hibernate.SQL                        : select n1_0.id,n1_0.campaign_id,n1_0.doctrine_profile_key,n1_0.faction_id,n1_0.metadata_json,n1_0.name,n1_0.nation_key,n1_0.is_npc from nation n1_0
2026-03-26T14:58:44.406Z DEBUG 61 --- [           main] org.hibernate.SQL                        : delete from nation where id=?
2026-03-26T14:58:44.407Z DEBUG 61 --- [           main] org.hibernate.SQL                        : delete from nation where id=?
2026-03-26T14:58:44.409Z DEBUG 61 --- [           main] org.hibernate.SQL                        : select t1_0.id,t1_0.base_industry,t1_0.base_manpower,t1_0.campaign_id,t1_0.has_airfield,t1_0.has_port,t1_0.theatre_key,t1_0.max_fort_level,t1_0.metadata_json,t1_0.name,t1_0.strategic_tags_json,t1_0.terrain_type,t1_0.territory_key,t1_0.theatre_id from territory t1_0
2026-03-26T14:58:44.411Z DEBUG 61 --- [           main] org.hibernate.SQL                        : delete from territory where id=?
2026-03-26T14:58:44.411Z DEBUG 61 --- [           main] org.hibernate.SQL                        : delete from territory where id=?
2026-03-26T14:58:44.412Z DEBUG 61 --- [           main] org.hibernate.SQL                        : delete from territory where id=?
2026-03-26T14:58:44.413Z DEBUG 61 --- [           main] org.hibernate.SQL                        : select t1_0.id,t1_0.campaign_id,t1_0.ends_at,t1_0.phase,t1_0.starts_at,t1_0.turn_number from turn t1_0
2026-03-26T14:58:44.415Z DEBUG 61 --- [           main] org.hibernate.SQL                        : delete from turn where id=?
2026-03-26T14:58:44.415Z DEBUG 61 --- [           main] org.hibernate.SQL                        : delete from turn where id=?
2026-03-26T14:58:44.417Z DEBUG 61 --- [           main] org.hibernate.SQL                        : select t1_0.id,t1_0.active,t1_0.campaign_id,t1_0.display_order,t1_0.name,t1_0.theatre_key from theatre t1_0
2026-03-26T14:58:44.418Z DEBUG 61 --- [           main] org.hibernate.SQL                        : delete from theatre where id=?
2026-03-26T14:58:44.420Z DEBUG 61 --- [           main] org.hibernate.SQL                        : select f1_0.id,f1_0.campaign_id,f1_0.color,f1_0.faction_key,f1_0.name,f1_0.is_player_controlled,f1_0.type from faction f1_0
2026-03-26T14:58:44.421Z DEBUG 61 --- [           main] org.hibernate.SQL                        : delete from faction where id=?
2026-03-26T14:58:44.422Z DEBUG 61 --- [           main] org.hibernate.SQL                        : delete from faction where id=?
2026-03-26T14:58:44.423Z DEBUG 61 --- [           main] org.hibernate.SQL                        : select c1_0.id,c1_0.campaign_status,c1_0.created_by_user_id,c1_0.current_phase,c1_0.current_turn_number,c1_0.fog_of_war_enabled,c1_0.gm_controls_enabled,c1_0.name,c1_0.phase_ends_at,c1_0.phase_started_at,c1_0.ruleset_version,c1_0.timers_enabled from campaign c1_0
2026-03-26T14:58:44.425Z DEBUG 61 --- [           main] org.hibernate.SQL                        : delete from campaign where id=?
2026-03-26T14:58:44.426Z DEBUG 61 --- [           main] org.hibernate.SQL                        : select u1_0.id,u1_0.active,u1_0.display_name,u1_0.email from app_user u1_0
2026-03-26T14:58:44.428Z DEBUG 61 --- [           main] org.hibernate.SQL                        : delete from app_user where id=?
2026-03-26T14:58:44.428Z DEBUG 61 --- [           main] org.hibernate.SQL                        : delete from app_user where id=?
2026-03-26T14:58:44.429Z DEBUG 61 --- [           main] org.hibernate.SQL                        : delete from app_user where id=?
2026-03-26T14:58:44.431Z DEBUG 61 --- [           main] org.hibernate.SQL                        : insert into app_user (active,display_name,email,id) values (?,?,?,?)
2026-03-26T14:58:44.432Z DEBUG 61 --- [           main] org.hibernate.SQL                        : insert into app_user (active,display_name,email,id) values (?,?,?,?)
2026-03-26T14:58:44.434Z DEBUG 61 --- [           main] org.hibernate.SQL                        : insert into campaign (campaign_status,created_by_user_id,current_phase,current_turn_number,fog_of_war_enabled,gm_controls_enabled,name,phase_ends_at,phase_started_at,ruleset_version,timers_enabled,id) values (?,?,?,?,?,?,?,?,?,?,?,?)
2026-03-26T14:58:44.435Z DEBUG 61 --- [           main] org.hibernate.SQL                        : insert into theatre (active,campaign_id,display_order,name,theatre_key,id) values (?,?,?,?,?,?)
2026-03-26T14:58:44.437Z DEBUG 61 --- [           main] org.hibernate.SQL                        : insert into faction (campaign_id,color,faction_key,name,is_player_controlled,type,id) values (?,?,?,?,?,?,?)
2026-03-26T14:58:44.438Z DEBUG 61 --- [           main] org.hibernate.SQL                        : insert into nation (campaign_id,doctrine_profile_key,faction_id,metadata_json,name,nation_key,is_npc,id) values (?,?,?,?,?,?,?,?)
2026-03-26T14:58:44.439Z DEBUG 61 --- [           main] org.hibernate.SQL                        : insert into campaign_member (campaign_id,faction_id,nation_id,role,user_id,id) values (?,?,?,?,?,?)
2026-03-26T14:58:44.440Z DEBUG 61 --- [           main] org.hibernate.SQL                        : insert into campaign_member (campaign_id,faction_id,nation_id,role,user_id,id) values (?,?,?,?,?,?)
2026-03-26T14:58:44.441Z DEBUG 61 --- [           main] org.hibernate.SQL                        : insert into territory (base_industry,base_manpower,campaign_id,has_airfield,has_port,theatre_key,max_fort_level,metadata_json,name,strategic_tags_json,terrain_type,territory_key,theatre_id,id) values (?,?,?,?,?,?,?,?,?,?,?,?,?,?)
2026-03-26T14:58:44.442Z DEBUG 61 --- [           main] org.hibernate.SQL                        : insert into territory (base_industry,base_manpower,campaign_id,has_airfield,has_port,theatre_key,max_fort_level,metadata_json,name,strategic_tags_json,terrain_type,territory_key,theatre_id,id) values (?,?,?,?,?,?,?,?,?,?,?,?,?,?)
2026-03-26T14:58:44.444Z DEBUG 61 --- [           main] org.hibernate.SQL                        : insert into turn (campaign_id,ends_at,phase,starts_at,turn_number,id) values (?,?,?,?,?,?)
2026-03-26T14:58:44.445Z DEBUG 61 --- [           main] org.hibernate.SQL                        : insert into platoon (assigned_member_id,campaign_id,faction_id,hidden_from_players,home_territory_id,name,nation_id,platoon_key,unit_type,id) values (?,?,?,?,?,?,?,?,?,?)
2026-03-26T14:58:44.446Z DEBUG 61 --- [           main] org.hibernate.SQL                        : insert into platoon_state (notes,platoon_id,readiness_status,strength,territory_id,turn_id,id) values (?,?,?,?,?,?,?)
2026-03-26T14:58:44.447Z DEBUG 61 --- [           main] org.hibernate.SQL                        : insert into order_submission (campaign_id,checksum,faction_id,locked_at,reveal_at,status,submitted_at,submitted_by_member_id,turn_number,id) values (?,?,?,?,?,?,?,?,?,?)
2026-03-26T14:58:44.448Z DEBUG 61 --- [           main] org.hibernate.SQL                        : insert into platoon_order (order_submission_id,order_type,payload_json,platoon_id,source_territory_id,target_territory_id,validation_errors_json,validation_status,id) values (?,?,?,?,?,?,?,?,?)
2026-03-26T14:58:44.451Z DEBUG 61 --- [           main] org.hibernate.SQL                        : select u1_0.id,u1_0.active,u1_0.display_name,u1_0.email from app_user u1_0 where upper(u1_0.email)=upper(?)
2026-03-26T14:58:44.452Z DEBUG 61 --- [           main] s.w.s.m.m.a.RequestMappingHandlerMapping : Mapped to com.warcampaign.backend.controller.CampaignController#advancePhase(UUID)
2026-03-26T14:58:44.456Z DEBUG 61 --- [           main] org.hibernate.SQL                        : select cm1_0.id,cm1_0.campaign_id,c1_0.id,c1_0.campaign_status,c1_0.created_by_user_id,cb1_0.id,cb1_0.active,cb1_0.display_name,cb1_0.email,c1_0.current_phase,c1_0.current_turn_number,c1_0.fog_of_war_enabled,c1_0.gm_controls_enabled,c1_0.name,c1_0.phase_ends_at,c1_0.phase_started_at,c1_0.ruleset_version,c1_0.timers_enabled,f1_0.id,f1_0.campaign_id,f1_0.color,f1_0.faction_key,f1_0.name,f1_0.is_player_controlled,f1_0.type,n1_0.id,n1_0.campaign_id,n1_0.doctrine_profile_key,n1_0.faction_id,n1_0.metadata_json,n1_0.name,n1_0.nation_key,n1_0.is_npc,cm1_0.role,cm1_0.user_id,u1_0.id,u1_0.active,u1_0.display_name,u1_0.email from campaign_member cm1_0 join campaign c1_0 on c1_0.id=cm1_0.campaign_id left join app_user cb1_0 on cb1_0.id=c1_0.created_by_user_id left join faction f1_0 on f1_0.id=cm1_0.faction_id left join nation n1_0 on n1_0.id=cm1_0.nation_id join app_user u1_0 on u1_0.id=cm1_0.user_id where cm1_0.campaign_id=? and cm1_0.user_id=?
2026-03-26T14:58:44.459Z DEBUG 61 --- [           main] org.hibernate.SQL                        : select t1_0.id,t1_0.campaign_id,t1_0.ends_at,t1_0.phase,t1_0.starts_at,t1_0.turn_number from turn t1_0 where t1_0.campaign_id=? and t1_0.turn_number=?
2026-03-26T14:58:44.464Z DEBUG 61 --- [           main] org.hibernate.SQL                        : select cm1_0.id,cm1_0.campaign_id,f1_0.id,f1_0.campaign_id,f1_0.color,f1_0.faction_key,f1_0.name,f1_0.is_player_controlled,f1_0.type,n1_0.id,n1_0.campaign_id,n1_0.doctrine_profile_key,n1_0.faction_id,n1_0.metadata_json,n1_0.name,n1_0.nation_key,n1_0.is_npc,cm1_0.role,cm1_0.user_id,u1_0.id,u1_0.active,u1_0.display_name,u1_0.email from campaign_member cm1_0 left join faction f1_0 on f1_0.id=cm1_0.faction_id left join nation n1_0 on n1_0.id=cm1_0.nation_id join app_user u1_0 on u1_0.id=cm1_0.user_id where cm1_0.campaign_id=? order by u1_0.display_name
2026-03-26T14:58:44.469Z DEBUG 61 --- [           main] org.hibernate.SQL                        : select os1_0.id,os1_0.campaign_id,os1_0.checksum,os1_0.faction_id,f1_0.id,f1_0.campaign_id,f1_0.color,f1_0.faction_key,f1_0.name,f1_0.is_player_controlled,f1_0.type,os1_0.locked_at,os1_0.reveal_at,os1_0.status,os1_0.submitted_at,os1_0.submitted_by_member_id,sbm2_0.id,sbm2_0.campaign_id,sbm2_0.faction_id,sbm2_0.nation_id,sbm2_0.role,sbm2_0.user_id,u1_0.id,u1_0.active,u1_0.display_name,u1_0.email,os1_0.turn_number from order_submission os1_0 join faction f1_0 on f1_0.id=os1_0.faction_id join campaign_member sbm2_0 on sbm2_0.id=os1_0.submitted_by_member_id left join app_user u1_0 on u1_0.id=sbm2_0.user_id where os1_0.campaign_id=? and os1_0.turn_number=? and os1_0.submitted_by_member_id=?
2026-03-26T14:58:44.484Z DEBUG 61 --- [           main] org.hibernate.SQL                        : select cm1_0.id,cm1_0.campaign_id,f1_0.id,f1_0.campaign_id,f1_0.color,f1_0.faction_key,f1_0.name,f1_0.is_player_controlled,f1_0.type,n1_0.id,n1_0.campaign_id,n1_0.doctrine_profile_key,n1_0.faction_id,n1_0.metadata_json,n1_0.name,n1_0.nation_key,n1_0.is_npc,cm1_0.role,cm1_0.user_id,u1_0.id,u1_0.active,u1_0.display_name,u1_0.email from campaign_member cm1_0 left join faction f1_0 on f1_0.id=cm1_0.faction_id left join nation n1_0 on n1_0.id=cm1_0.nation_id join app_user u1_0 on u1_0.id=cm1_0.user_id where cm1_0.campaign_id=? order by u1_0.display_name
2026-03-26T14:58:44.486Z DEBUG 61 --- [           main] org.hibernate.SQL                        : insert into notification (body,campaign_id,payload_json,read_at,recipient_user_id,title,type,id) values (?,?,?,?,?,?,?,?)
2026-03-26T14:58:44.487Z DEBUG 61 --- [           main] org.hibernate.SQL                        : insert into campaign_audit_log (action_type,actor_member_id,actor_type,actor_user_id,after_json,before_json,campaign_id,entity_id,entity_type,id) values (?,?,?,?,?,?,?,?,?,?)
2026-03-26T14:58:44.487Z DEBUG 61 --- [           main] org.hibernate.SQL                        : insert into notification (body,campaign_id,payload_json,read_at,recipient_user_id,title,type,id) values (?,?,?,?,?,?,?,?)
2026-03-26T14:58:44.488Z DEBUG 61 --- [           main] org.hibernate.SQL                        : insert into notification (body,campaign_id,payload_json,read_at,recipient_user_id,title,type,id) values (?,?,?,?,?,?,?,?)
2026-03-26T14:58:44.489Z DEBUG 61 --- [           main] org.hibernate.SQL                        : update campaign set campaign_status=?,created_by_user_id=?,current_phase=?,current_turn_number=?,fog_of_war_enabled=?,gm_controls_enabled=?,name=?,phase_ends_at=?,phase_started_at=?,ruleset_version=?,timers_enabled=? where id=?
2026-03-26T14:58:44.490Z DEBUG 61 --- [           main] org.hibernate.SQL                        : update turn set campaign_id=?,ends_at=?,phase=?,starts_at=?,turn_number=? where id=?
2026-03-26T14:58:44.491Z DEBUG 61 --- [           main] org.hibernate.SQL                        : update order_submission set campaign_id=?,checksum=?,faction_id=?,locked_at=?,reveal_at=?,status=?,submitted_at=?,submitted_by_member_id=?,turn_number=? where id=?
2026-03-26T14:58:44.496Z DEBUG 61 --- [           main] m.m.a.RequestResponseBodyMethodProcessor : Using 'application/json', given [*/*] and supported [application/json, application/*+json]
2026-03-26T14:58:44.502Z DEBUG 61 --- [           main] m.m.a.RequestResponseBodyMethodProcessor : Writing [CampaignPhaseResponse[campaignId=6d706cd9-b611-4142-be94-309bf39e88ae, currentTurnNumber=1, currentP (truncated)...]
2026-03-26T14:58:44.509Z DEBUG 61 --- [           main] org.hibernate.SQL                        : select n1_0.id,n1_0.body,c1_0.id,c1_0.campaign_status,c1_0.created_by_user_id,c1_0.current_phase,c1_0.current_turn_number,c1_0.fog_of_war_enabled,c1_0.gm_controls_enabled,c1_0.name,c1_0.phase_ends_at,c1_0.phase_started_at,c1_0.ruleset_version,c1_0.timers_enabled,n1_0.created_at,n1_0.payload_json,n1_0.read_at,n1_0.recipient_user_id,ru2_0.id,ru2_0.active,ru2_0.display_name,ru2_0.email,n1_0.title,n1_0.type from notification n1_0 left join campaign c1_0 on c1_0.id=n1_0.campaign_id join app_user ru2_0 on ru2_0.id=n1_0.recipient_user_id where n1_0.recipient_user_id=? order by n1_0.created_at desc
]]></system-out>
  </testcase>
  <testcase name="resolutionCreatesBattleAndCompletionNotifications" classname="com.warcampaign.backend.integration.NotificationIntegrationTest" time="0.15">
    <system-out><![CDATA[2026-03-26T14:58:44.525Z DEBUG 61 --- [           main] org.hibernate.SQL                        : select n1_0.id,n1_0.body,n1_0.campaign_id,n1_0.created_at,n1_0.payload_json,n1_0.read_at,n1_0.recipient_user_id,n1_0.title,n1_0.type from notification n1_0
2026-03-26T14:58:44.526Z DEBUG 61 --- [           main] org.hibernate.SQL                        : delete from notification where id=?
2026-03-26T14:58:44.527Z DEBUG 61 --- [           main] org.hibernate.SQL                        : delete from notification where id=?
2026-03-26T14:58:44.527Z DEBUG 61 --- [           main] org.hibernate.SQL                        : delete from notification where id=?
2026-03-26T14:58:44.529Z DEBUG 61 --- [           main] org.hibernate.SQL                        : select vs1_0.id,vs1_0.campaign_id,vs1_0.confidence_score,vs1_0.decay_turn,vs1_0.source_type,vs1_0.territory_id,vs1_0.turn_number,vs1_0.updated_at,vs1_0.viewer_faction_id,vs1_0.visibility_level,vs1_0.visible_forces_summary,vs1_0.visible_fort_level,vs1_0.visible_owner_faction_id from visibility_state vs1_0
2026-03-26T14:58:44.546Z DEBUG 61 --- [           main] org.hibernate.SQL                        : select re1_0.id,re1_0.actor_faction_id,re1_0.campaign_id,re1_0.created_at,re1_0.created_by_member_id,re1_0.created_by_type,re1_0.event_type,re1_0.payload_json,re1_0.phase,re1_0.target_faction_id,re1_0.territory_id,re1_0.turn_number,re1_0.viewer_faction_id,re1_0.visibility_scope from resolution_event re1_0
2026-03-26T14:58:44.547Z DEBUG 61 --- [           main] org.hibernate.SQL                        : select bp1_0.id,bp1_0.battle_id,bp1_0.created_at,bp1_0.platoon_id,bp1_0.post_condition_band,bp1_0.pre_condition_band,bp1_0.side from battle_participant bp1_0
2026-03-26T14:58:44.549Z DEBUG 61 --- [           main] org.hibernate.SQL                        : select b1_0.id,b1_0.attacker_faction_id,b1_0.battle_mode,b1_0.battle_status,b1_0.campaign_id,b1_0.created_at,b1_0.defender_faction_id,b1_0.scenario_key,b1_0.scheduled_for,b1_0.strategic_result_json,b1_0.tabletop_result_summary,b1_0.territory_id,b1_0.turn_number from battle b1_0
2026-03-26T14:58:44.550Z DEBUG 61 --- [           main] org.hibernate.SQL                        : select cal1_0.id,cal1_0.action_type,cal1_0.actor_member_id,cal1_0.actor_type,cal1_0.actor_user_id,cal1_0.after_json,cal1_0.before_json,cal1_0.campaign_id,cal1_0.created_at,cal1_0.entity_id,cal1_0.entity_type from campaign_audit_log cal1_0
2026-03-26T14:58:44.551Z DEBUG 61 --- [           main] org.hibernate.SQL                        : delete from campaign_audit_log where id=?
2026-03-26T14:58:44.552Z DEBUG 61 --- [           main] org.hibernate.SQL                        : select po1_0.id,po1_0.created_at,po1_0.order_submission_id,po1_0.order_type,po1_0.payload_json,po1_0.platoon_id,po1_0.source_territory_id,po1_0.target_territory_id,po1_0.validation_errors_json,po1_0.validation_status from platoon_order po1_0
2026-03-26T14:58:44.553Z DEBUG 61 --- [           main] org.hibernate.SQL                        : delete from platoon_order where id=?
2026-03-26T14:58:44.554Z DEBUG 61 --- [           main] org.hibernate.SQL                        : select os1_0.id,os1_0.campaign_id,os1_0.checksum,os1_0.faction_id,os1_0.locked_at,os1_0.reveal_at,os1_0.status,os1_0.submitted_at,os1_0.submitted_by_member_id,os1_0.turn_number from order_submission os1_0
2026-03-26T14:58:44.555Z DEBUG 61 --- [           main] org.hibernate.SQL                        : delete from order_submission where id=?
2026-03-26T14:58:44.556Z DEBUG 61 --- [           main] org.hibernate.SQL                        : select ps1_0.id,ps1_0.notes,ps1_0.platoon_id,ps1_0.readiness_status,ps1_0.strength,ps1_0.territory_id,ps1_0.turn_id from platoon_state ps1_0
2026-03-26T14:58:44.557Z DEBUG 61 --- [           main] org.hibernate.SQL                        : delete from platoon_state where id=?
2026-03-26T14:58:44.558Z DEBUG 61 --- [           main] org.hibernate.SQL                        : select ts1_0.id,ts1_0.controller_nation_id,ts1_0.controlling_faction_id,ts1_0.damage_json,ts1_0.fort_level,ts1_0.control_status,ts1_0.notes,ts1_0.partisan_risk,ts1_0.strategic_status,ts1_0.supply_status,ts1_0.territory_id,ts1_0.turn_id from territory_state ts1_0
2026-03-26T14:58:44.559Z DEBUG 61 --- [           main] org.hibernate.SQL                        : select p1_0.id,p1_0.assigned_member_id,p1_0.campaign_id,p1_0.faction_id,p1_0.hidden_from_players,p1_0.home_territory_id,p1_0.name,p1_0.nation_id,p1_0.platoon_key,p1_0.unit_type from platoon p1_0
2026-03-26T14:58:44.560Z DEBUG 61 --- [           main] org.hibernate.SQL                        : delete from platoon where id=?
2026-03-26T14:58:44.562Z DEBUG 61 --- [           main] org.hibernate.SQL                        : select cm1_0.id,cm1_0.campaign_id,cm1_0.faction_id,cm1_0.nation_id,cm1_0.role,cm1_0.user_id from campaign_member cm1_0
2026-03-26T14:58:44.563Z DEBUG 61 --- [           main] org.hibernate.SQL                        : delete from campaign_member where id=?
2026-03-26T14:58:44.563Z DEBUG 61 --- [           main] org.hibernate.SQL                        : delete from campaign_member where id=?
2026-03-26T14:58:44.564Z DEBUG 61 --- [           main] org.hibernate.SQL                        : select ci1_0.id,ci1_0.campaign_id,ci1_0.expires_at,ci1_0.intended_role,ci1_0.invite_token,ci1_0.invited_by_user_id,ci1_0.invitee_email,ci1_0.status from campaign_invite ci1_0
2026-03-26T14:58:44.565Z DEBUG 61 --- [           main] org.hibernate.SQL                        : select n1_0.id,n1_0.campaign_id,n1_0.doctrine_profile_key,n1_0.faction_id,n1_0.metadata_json,n1_0.name,n1_0.nation_key,n1_0.is_npc from nation n1_0
2026-03-26T14:58:44.566Z DEBUG 61 --- [           main] org.hibernate.SQL                        : delete from nation where id=?
2026-03-26T14:58:44.567Z DEBUG 61 --- [           main] org.hibernate.SQL                        : select t1_0.id,t1_0.base_industry,t1_0.base_manpower,t1_0.campaign_id,t1_0.has_airfield,t1_0.has_port,t1_0.theatre_key,t1_0.max_fort_level,t1_0.metadata_json,t1_0.name,t1_0.strategic_tags_json,t1_0.terrain_type,t1_0.territory_key,t1_0.theatre_id from territory t1_0
2026-03-26T14:58:44.568Z DEBUG 61 --- [           main] org.hibernate.SQL                        : delete from territory where id=?
2026-03-26T14:58:44.568Z DEBUG 61 --- [           main] org.hibernate.SQL                        : delete from territory where id=?
2026-03-26T14:58:44.569Z DEBUG 61 --- [           main] org.hibernate.SQL                        : select t1_0.id,t1_0.campaign_id,t1_0.ends_at,t1_0.phase,t1_0.starts_at,t1_0.turn_number from turn t1_0
2026-03-26T14:58:44.570Z DEBUG 61 --- [           main] org.hibernate.SQL                        : delete from turn where id=?
2026-03-26T14:58:44.572Z DEBUG 61 --- [           main] org.hibernate.SQL                        : select t1_0.id,t1_0.active,t1_0.campaign_id,t1_0.display_order,t1_0.name,t1_0.theatre_key from theatre t1_0
2026-03-26T14:58:44.572Z DEBUG 61 --- [           main] org.hibernate.SQL                        : delete from theatre where id=?
2026-03-26T14:58:44.574Z DEBUG 61 --- [           main] org.hibernate.SQL                        : select f1_0.id,f1_0.campaign_id,f1_0.color,f1_0.faction_key,f1_0.name,f1_0.is_player_controlled,f1_0.type from faction f1_0
2026-03-26T14:58:44.575Z DEBUG 61 --- [           main] org.hibernate.SQL                        : delete from faction where id=?
2026-03-26T14:58:44.576Z DEBUG 61 --- [           main] org.hibernate.SQL                        : select c1_0.id,c1_0.campaign_status,c1_0.created_by_user_id,c1_0.current_phase,c1_0.current_turn_number,c1_0.fog_of_war_enabled,c1_0.gm_controls_enabled,c1_0.name,c1_0.phase_ends_at,c1_0.phase_started_at,c1_0.ruleset_version,c1_0.timers_enabled from campaign c1_0
2026-03-26T14:58:44.577Z DEBUG 61 --- [           main] org.hibernate.SQL                        : delete from campaign where id=?
2026-03-26T14:58:44.578Z DEBUG 61 --- [           main] org.hibernate.SQL                        : select u1_0.id,u1_0.active,u1_0.display_name,u1_0.email from app_user u1_0
2026-03-26T14:58:44.580Z DEBUG 61 --- [           main] org.hibernate.SQL                        : delete from app_user where id=?
2026-03-26T14:58:44.581Z DEBUG 61 --- [           main] org.hibernate.SQL                        : delete from app_user where id=?
2026-03-26T14:58:44.582Z DEBUG 61 --- [           main] org.hibernate.SQL                        : insert into app_user (active,display_name,email,id) values (?,?,?,?)
2026-03-26T14:58:44.583Z DEBUG 61 --- [           main] org.hibernate.SQL                        : insert into app_user (active,display_name,email,id) values (?,?,?,?)
2026-03-26T14:58:44.584Z DEBUG 61 --- [           main] org.hibernate.SQL                        : insert into app_user (active,display_name,email,id) values (?,?,?,?)
2026-03-26T14:58:44.585Z DEBUG 61 --- [           main] org.hibernate.SQL                        : insert into campaign (campaign_status,created_by_user_id,current_phase,current_turn_number,fog_of_war_enabled,gm_controls_enabled,name,phase_ends_at,phase_started_at,ruleset_version,timers_enabled,id) values (?,?,?,?,?,?,?,?,?,?,?,?)
2026-03-26T14:58:44.586Z DEBUG 61 --- [           main] org.hibernate.SQL                        : insert into theatre (active,campaign_id,display_order,name,theatre_key,id) values (?,?,?,?,?,?)
2026-03-26T14:58:44.587Z DEBUG 61 --- [           main] org.hibernate.SQL                        : insert into faction (campaign_id,color,faction_key,name,is_player_controlled,type,id) values (?,?,?,?,?,?,?)
2026-03-26T14:58:44.588Z DEBUG 61 --- [           main] org.hibernate.SQL                        : insert into faction (campaign_id,color,faction_key,name,is_player_controlled,type,id) values (?,?,?,?,?,?,?)
2026-03-26T14:58:44.588Z DEBUG 61 --- [           main] org.hibernate.SQL                        : insert into nation (campaign_id,doctrine_profile_key,faction_id,metadata_json,name,nation_key,is_npc,id) values (?,?,?,?,?,?,?,?)
2026-03-26T14:58:44.589Z DEBUG 61 --- [           main] org.hibernate.SQL                        : insert into nation (campaign_id,doctrine_profile_key,faction_id,metadata_json,name,nation_key,is_npc,id) values (?,?,?,?,?,?,?,?)
2026-03-26T14:58:44.590Z DEBUG 61 --- [           main] org.hibernate.SQL                        : insert into campaign_member (campaign_id,faction_id,nation_id,role,user_id,id) values (?,?,?,?,?,?)
2026-03-26T14:58:44.591Z DEBUG 61 --- [           main] org.hibernate.SQL                        : insert into campaign_member (campaign_id,faction_id,nation_id,role,user_id,id) values (?,?,?,?,?,?)
2026-03-26T14:58:44.592Z DEBUG 61 --- [           main] org.hibernate.SQL                        : insert into campaign_member (campaign_id,faction_id,nation_id,role,user_id,id) values (?,?,?,?,?,?)
2026-03-26T14:58:44.592Z DEBUG 61 --- [           main] org.hibernate.SQL                        : insert into territory (base_industry,base_manpower,campaign_id,has_airfield,has_port,theatre_key,max_fort_level,metadata_json,name,strategic_tags_json,terrain_type,territory_key,theatre_id,id) values (?,?,?,?,?,?,?,?,?,?,?,?,?,?)
2026-03-26T14:58:44.593Z DEBUG 61 --- [           main] org.hibernate.SQL                        : insert into territory (base_industry,base_manpower,campaign_id,has_airfield,has_port,theatre_key,max_fort_level,metadata_json,name,strategic_tags_json,terrain_type,territory_key,theatre_id,id) values (?,?,?,?,?,?,?,?,?,?,?,?,?,?)
2026-03-26T14:58:44.594Z DEBUG 61 --- [           main] org.hibernate.SQL                        : insert into turn (campaign_id,ends_at,phase,starts_at,turn_number,id) values (?,?,?,?,?,?)
2026-03-26T14:58:44.595Z DEBUG 61 --- [           main] org.hibernate.SQL                        : insert into territory_state (controller_nation_id,controlling_faction_id,damage_json,fort_level,control_status,notes,partisan_risk,strategic_status,supply_status,territory_id,turn_id,id) values (?,?,?,?,?,?,?,?,?,?,?,?)
2026-03-26T14:58:44.597Z DEBUG 61 --- [           main] org.hibernate.SQL                        : insert into platoon (assigned_member_id,campaign_id,faction_id,hidden_from_players,home_territory_id,name,nation_id,platoon_key,unit_type,id) values (?,?,?,?,?,?,?,?,?,?)
2026-03-26T14:58:44.598Z DEBUG 61 --- [           main] org.hibernate.SQL                        : insert into platoon (assigned_member_id,campaign_id,faction_id,hidden_from_players,home_territory_id,name,nation_id,platoon_key,unit_type,id) values (?,?,?,?,?,?,?,?,?,?)
2026-03-26T14:58:44.598Z DEBUG 61 --- [           main] org.hibernate.SQL                        : insert into platoon_state (notes,platoon_id,readiness_status,strength,territory_id,turn_id,id) values (?,?,?,?,?,?,?)
2026-03-26T14:58:44.599Z DEBUG 61 --- [           main] org.hibernate.SQL                        : insert into platoon_state (notes,platoon_id,readiness_status,strength,territory_id,turn_id,id) values (?,?,?,?,?,?,?)
2026-03-26T14:58:44.600Z DEBUG 61 --- [           main] org.hibernate.SQL                        : insert into order_submission (campaign_id,checksum,faction_id,locked_at,reveal_at,status,submitted_at,submitted_by_member_id,turn_number,id) values (?,?,?,?,?,?,?,?,?,?)
2026-03-26T14:58:44.600Z DEBUG 61 --- [           main] org.hibernate.SQL                        : insert into platoon_order (order_submission_id,order_type,payload_json,platoon_id,source_territory_id,target_territory_id,validation_errors_json,validation_status,id) values (?,?,?,?,?,?,?,?,?)
2026-03-26T14:58:44.603Z DEBUG 61 --- [           main] org.hibernate.SQL                        : select u1_0.id,u1_0.active,u1_0.display_name,u1_0.email from app_user u1_0 where upper(u1_0.email)=upper(?)
2026-03-26T14:58:44.604Z DEBUG 61 --- [           main] s.w.s.m.m.a.RequestMappingHandlerMapping : Mapped to com.warcampaign.backend.controller.CampaignController#resolveTurn(UUID, int)
2026-03-26T14:58:44.607Z DEBUG 61 --- [           main] org.hibernate.SQL                        : select cm1_0.id,cm1_0.campaign_id,c1_0.id,c1_0.campaign_status,c1_0.created_by_user_id,cb1_0.id,cb1_0.active,cb1_0.display_name,cb1_0.email,c1_0.current_phase,c1_0.current_turn_number,c1_0.fog_of_war_enabled,c1_0.gm_controls_enabled,c1_0.name,c1_0.phase_ends_at,c1_0.phase_started_at,c1_0.ruleset_version,c1_0.timers_enabled,f1_0.id,f1_0.campaign_id,f1_0.color,f1_0.faction_key,f1_0.name,f1_0.is_player_controlled,f1_0.type,n1_0.id,n1_0.campaign_id,n1_0.doctrine_profile_key,n1_0.faction_id,n1_0.metadata_json,n1_0.name,n1_0.nation_key,n1_0.is_npc,cm1_0.role,cm1_0.user_id,u1_0.id,u1_0.active,u1_0.display_name,u1_0.email from campaign_member cm1_0 join campaign c1_0 on c1_0.id=cm1_0.campaign_id left join app_user cb1_0 on cb1_0.id=c1_0.created_by_user_id left join faction f1_0 on f1_0.id=cm1_0.faction_id left join nation n1_0 on n1_0.id=cm1_0.nation_id join app_user u1_0 on u1_0.id=cm1_0.user_id where cm1_0.campaign_id=? and cm1_0.user_id=?
2026-03-26T14:58:44.609Z DEBUG 61 --- [           main] org.hibernate.SQL                        : select t1_0.id,t1_0.campaign_id,t1_0.ends_at,t1_0.phase,t1_0.starts_at,t1_0.turn_number from turn t1_0 where t1_0.campaign_id=? and t1_0.turn_number=?
2026-03-26T14:58:44.611Z DEBUG 61 --- [           main] org.hibernate.SQL                        : select b1_0.id from battle b1_0 where b1_0.campaign_id=? and b1_0.turn_number=? fetch first ? rows only
2026-03-26T14:58:44.613Z DEBUG 61 --- [           main] org.hibernate.SQL                        : select re1_0.id from resolution_event re1_0 where re1_0.campaign_id=? and re1_0.turn_number=? fetch first ? rows only
2026-03-26T14:58:44.616Z DEBUG 61 --- [           main] org.hibernate.SQL                        : select os1_0.id,os1_0.campaign_id,os1_0.checksum,os1_0.faction_id,f1_0.id,f1_0.campaign_id,f1_0.color,f1_0.faction_key,f1_0.name,f1_0.is_player_controlled,f1_0.type,os1_0.locked_at,os1_0.reveal_at,os1_0.status,os1_0.submitted_at,os1_0.submitted_by_member_id,sbm1_0.id,sbm1_0.campaign_id,sbm1_0.faction_id,sbm1_0.nation_id,sbm1_0.role,sbm1_0.user_id,u1_0.id,u1_0.active,u1_0.display_name,u1_0.email,os1_0.turn_number from order_submission os1_0 join faction f1_0 on f1_0.id=os1_0.faction_id join campaign_member sbm1_0 on sbm1_0.id=os1_0.submitted_by_member_id left join app_user u1_0 on u1_0.id=sbm1_0.user_id where os1_0.campaign_id=? and os1_0.turn_number=? order by os1_0.submitted_at
2026-03-26T14:58:44.619Z DEBUG 61 --- [           main] org.hibernate.SQL                        : select po1_0.id,po1_0.created_at,po1_0.order_submission_id,po1_0.order_type,po1_0.payload_json,po1_0.platoon_id,po1_0.source_territory_id,po1_0.target_territory_id,po1_0.validation_errors_json,po1_0.validation_status from platoon_order po1_0 where po1_0.order_submission_id in (?) order by po1_0.created_at
2026-03-26T14:58:44.622Z DEBUG 61 --- [           main] org.hibernate.SQL                        : select ts1_0.id,cn1_0.id,cn1_0.campaign_id,cn1_0.doctrine_profile_key,f1_0.id,f1_0.campaign_id,f1_0.color,f1_0.faction_key,f1_0.name,f1_0.is_player_controlled,f1_0.type,cn1_0.metadata_json,cn1_0.name,cn1_0.nation_key,cn1_0.is_npc,cf1_0.id,cf1_0.campaign_id,cf1_0.color,cf1_0.faction_key,cf1_0.name,cf1_0.is_player_controlled,cf1_0.type,ts1_0.damage_json,ts1_0.fort_level,ts1_0.control_status,ts1_0.notes,ts1_0.partisan_risk,ts1_0.strategic_status,ts1_0.supply_status,ts1_0.territory_id,t1_0.id,t1_0.base_industry,t1_0.base_manpower,t1_0.campaign_id,t1_0.has_airfield,t1_0.has_port,t1_0.theatre_key,t1_0.max_fort_level,t1_0.metadata_json,t1_0.name,t1_0.strategic_tags_json,t1_0.terrain_type,t1_0.territory_key,t1_0.theatre_id,t2_0.id,t2_0.active,t2_0.campaign_id,t2_0.display_order,t2_0.name,t2_0.theatre_key,ts1_0.turn_id from territory_state ts1_0 left join nation cn1_0 on cn1_0.id=ts1_0.controller_nation_id left join faction f1_0 on f1_0.id=cn1_0.faction_id left join faction cf1_0 on cf1_0.id=ts1_0.controlling_faction_id join territory t1_0 on t1_0.id=ts1_0.territory_id left join theatre t2_0 on t2_0.id=t1_0.theatre_id join turn t3_0 on t3_0.id=ts1_0.turn_id where t1_0.campaign_id=? and t3_0.turn_number=?
2026-03-26T14:58:44.626Z DEBUG 61 --- [           main] org.hibernate.SQL                        : select ps1_0.id,ps1_0.notes,ps1_0.platoon_id,p1_0.id,am1_0.id,am1_0.campaign_id,am1_0.faction_id,am1_0.nation_id,am1_0.role,am1_0.user_id,u1_0.id,u1_0.active,u1_0.display_name,u1_0.email,p1_0.campaign_id,p1_0.faction_id,f2_0.id,f2_0.campaign_id,f2_0.color,f2_0.faction_key,f2_0.name,f2_0.is_player_controlled,f2_0.type,p1_0.hidden_from_players,ht1_0.id,ht1_0.base_industry,ht1_0.base_manpower,ht1_0.campaign_id,ht1_0.has_airfield,ht1_0.has_port,ht1_0.theatre_key,ht1_0.max_fort_level,ht1_0.metadata_json,ht1_0.name,ht1_0.strategic_tags_json,ht1_0.terrain_type,ht1_0.territory_key,ht1_0.theatre_id,p1_0.name,n2_0.id,n2_0.campaign_id,n2_0.doctrine_profile_key,n2_0.faction_id,n2_0.metadata_json,n2_0.name,n2_0.nation_key,n2_0.is_npc,p1_0.platoon_key,p1_0.unit_type,ps1_0.readiness_status,ps1_0.strength,t2_0.id,t2_0.base_industry,t2_0.base_manpower,t2_0.campaign_id,t2_0.has_airfield,t2_0.has_port,t2_0.theatre_key,t2_0.max_fort_level,t2_0.metadata_json,t2_0.name,t2_0.strategic_tags_json,t2_0.terrain_type,t2_0.territory_key,t2_0.theatre_id,ps1_0.turn_id from platoon_state ps1_0 join platoon p1_0 on p1_0.id=ps1_0.platoon_id left join campaign_member am1_0 on am1_0.id=p1_0.assigned_member_id left join app_user u1_0 on u1_0.id=am1_0.user_id left join faction f2_0 on f2_0.id=p1_0.faction_id left join territory ht1_0 on ht1_0.id=p1_0.home_territory_id left join nation n2_0 on n2_0.id=p1_0.nation_id left join territory t2_0 on t2_0.id=ps1_0.territory_id join turn t4_0 on t4_0.id=ps1_0.turn_id where p1_0.campaign_id=? and t4_0.campaign_id=? and t4_0.turn_number=? order by p1_0.name
2026-03-26T14:58:44.631Z DEBUG 61 --- [           main] org.hibernate.SQL                        : select cm1_0.id,cm1_0.campaign_id,f1_0.id,f1_0.campaign_id,f1_0.color,f1_0.faction_key,f1_0.name,f1_0.is_player_controlled,f1_0.type,n1_0.id,n1_0.campaign_id,n1_0.doctrine_profile_key,n1_0.faction_id,n1_0.metadata_json,n1_0.name,n1_0.nation_key,n1_0.is_npc,cm1_0.role,cm1_0.user_id,u1_0.id,u1_0.active,u1_0.display_name,u1_0.email from campaign_member cm1_0 left join faction f1_0 on f1_0.id=cm1_0.faction_id left join nation n1_0 on n1_0.id=cm1_0.nation_id join app_user u1_0 on u1_0.id=cm1_0.user_id where cm1_0.campaign_id=? order by u1_0.display_name
2026-03-26T14:58:44.635Z DEBUG 61 --- [           main] org.hibernate.SQL                        : select cm1_0.id,cm1_0.campaign_id,f1_0.id,f1_0.campaign_id,f1_0.color,f1_0.faction_key,f1_0.name,f1_0.is_player_controlled,f1_0.type,n1_0.id,n1_0.campaign_id,n1_0.doctrine_profile_key,n1_0.faction_id,n1_0.metadata_json,n1_0.name,n1_0.nation_key,n1_0.is_npc,cm1_0.role,cm1_0.user_id,u1_0.id,u1_0.active,u1_0.display_name,u1_0.email from campaign_member cm1_0 left join faction f1_0 on f1_0.id=cm1_0.faction_id left join nation n1_0 on n1_0.id=cm1_0.nation_id join app_user u1_0 on u1_0.id=cm1_0.user_id where cm1_0.campaign_id=? order by u1_0.display_name
2026-03-26T14:58:44.638Z DEBUG 61 --- [           main] org.hibernate.SQL                        : insert into resolution_event (actor_faction_id,campaign_id,created_by_member_id,created_by_type,event_type,payload_json,phase,target_faction_id,territory_id,turn_number,viewer_faction_id,visibility_scope,id) values (?,?,?,?,?,?,?,?,?,?,?,?,?)
2026-03-26T14:58:44.639Z DEBUG 61 --- [           main] org.hibernate.SQL                        : insert into battle (attacker_faction_id,battle_mode,battle_status,campaign_id,defender_faction_id,scenario_key,scheduled_for,strategic_result_json,tabletop_result_summary,territory_id,turn_number,id) values (?,?,?,?,?,?,?,?,?,?,?,?)
2026-03-26T14:58:44.640Z DEBUG 61 --- [           main] org.hibernate.SQL                        : insert into battle_participant (battle_id,platoon_id,post_condition_band,pre_condition_band,side,id) values (?,?,?,?,?,?)
2026-03-26T14:58:44.640Z DEBUG 61 --- [           main] org.hibernate.SQL                        : insert into battle_participant (battle_id,platoon_id,post_condition_band,pre_condition_band,side,id) values (?,?,?,?,?,?)
2026-03-26T14:58:44.640Z DEBUG 61 --- [           main] org.hibernate.SQL                        : insert into resolution_event (actor_faction_id,campaign_id,created_by_member_id,created_by_type,event_type,payload_json,phase,target_faction_id,territory_id,turn_number,viewer_faction_id,visibility_scope,id) values (?,?,?,?,?,?,?,?,?,?,?,?,?)
2026-03-26T14:58:44.641Z DEBUG 61 --- [           main] org.hibernate.SQL                        : insert into notification (body,campaign_id,payload_json,read_at,recipient_user_id,title,type,id) values (?,?,?,?,?,?,?,?)
2026-03-26T14:58:44.641Z DEBUG 61 --- [           main] org.hibernate.SQL                        : insert into notification (body,campaign_id,payload_json,read_at,recipient_user_id,title,type,id) values (?,?,?,?,?,?,?,?)
2026-03-26T14:58:44.642Z DEBUG 61 --- [           main] org.hibernate.SQL                        : insert into notification (body,campaign_id,payload_json,read_at,recipient_user_id,title,type,id) values (?,?,?,?,?,?,?,?)
2026-03-26T14:58:44.642Z DEBUG 61 --- [           main] org.hibernate.SQL                        : insert into resolution_event (actor_faction_id,campaign_id,created_by_member_id,created_by_type,event_type,payload_json,phase,target_faction_id,territory_id,turn_number,viewer_faction_id,visibility_scope,id) values (?,?,?,?,?,?,?,?,?,?,?,?,?)
2026-03-26T14:58:44.643Z DEBUG 61 --- [           main] org.hibernate.SQL                        : insert into notification (body,campaign_id,payload_json,read_at,recipient_user_id,title,type,id) values (?,?,?,?,?,?,?,?)
2026-03-26T14:58:44.643Z DEBUG 61 --- [           main] org.hibernate.SQL                        : insert into notification (body,campaign_id,payload_json,read_at,recipient_user_id,title,type,id) values (?,?,?,?,?,?,?,?)
2026-03-26T14:58:44.643Z DEBUG 61 --- [           main] org.hibernate.SQL                        : insert into notification (body,campaign_id,payload_json,read_at,recipient_user_id,title,type,id) values (?,?,?,?,?,?,?,?)
2026-03-26T14:58:44.644Z DEBUG 61 --- [           main] org.hibernate.SQL                        : update order_submission set campaign_id=?,checksum=?,faction_id=?,locked_at=?,reveal_at=?,status=?,submitted_at=?,submitted_by_member_id=?,turn_number=? where id=?
2026-03-26T14:58:44.645Z DEBUG 61 --- [           main] org.hibernate.SQL                        : select os1_0.id,os1_0.campaign_id,os1_0.checksum,os1_0.faction_id,f1_0.id,f1_0.campaign_id,f1_0.color,f1_0.faction_key,f1_0.name,f1_0.is_player_controlled,f1_0.type,os1_0.locked_at,os1_0.reveal_at,os1_0.status,os1_0.submitted_at,os1_0.submitted_by_member_id,sbm1_0.id,sbm1_0.campaign_id,sbm1_0.faction_id,sbm1_0.nation_id,sbm1_0.role,sbm1_0.user_id,u1_0.id,u1_0.active,u1_0.display_name,u1_0.email,os1_0.turn_number from order_submission os1_0 join faction f1_0 on f1_0.id=os1_0.faction_id join campaign_member sbm1_0 on sbm1_0.id=os1_0.submitted_by_member_id left join app_user u1_0 on u1_0.id=sbm1_0.user_id where os1_0.campaign_id=? and os1_0.turn_number=? order by os1_0.submitted_at
2026-03-26T14:58:44.648Z DEBUG 61 --- [           main] org.hibernate.SQL                        : select po1_0.id,po1_0.created_at,po1_0.order_submission_id,po1_0.order_type,po1_0.payload_json,po1_0.platoon_id,po1_0.source_territory_id,po1_0.target_territory_id,po1_0.validation_errors_json,po1_0.validation_status from platoon_order po1_0 where po1_0.order_submission_id in (?) order by po1_0.created_at
2026-03-26T14:58:44.652Z DEBUG 61 --- [           main] org.hibernate.SQL                        : select b1_0.id,b1_0.attacker_faction_id,af1_0.id,af1_0.campaign_id,af1_0.color,af1_0.faction_key,af1_0.name,af1_0.is_player_controlled,af1_0.type,b1_0.battle_mode,b1_0.battle_status,b1_0.campaign_id,b1_0.created_at,b1_0.defender_faction_id,df1_0.id,df1_0.campaign_id,df1_0.color,df1_0.faction_key,df1_0.name,df1_0.is_player_controlled,df1_0.type,b1_0.scenario_key,b1_0.scheduled_for,b1_0.strategic_result_json,b1_0.tabletop_result_summary,b1_0.territory_id,t1_0.id,t1_0.base_industry,t1_0.base_manpower,t1_0.campaign_id,t1_0.has_airfield,t1_0.has_port,t1_0.theatre_key,t1_0.max_fort_level,t1_0.metadata_json,t1_0.name,t1_0.strategic_tags_json,t1_0.terrain_type,t1_0.territory_key,t1_0.theatre_id,b1_0.turn_number from battle b1_0 join faction af1_0 on af1_0.id=b1_0.attacker_faction_id join faction df1_0 on df1_0.id=b1_0.defender_faction_id join territory t1_0 on t1_0.id=b1_0.territory_id where b1_0.campaign_id=? and b1_0.turn_number=? order by b1_0.created_at
2026-03-26T14:58:44.655Z DEBUG 61 --- [           main] org.hibernate.SQL                        : select bp1_0.id,bp1_0.battle_id,bp1_0.created_at,bp1_0.platoon_id,p1_0.id,p1_0.assigned_member_id,p1_0.campaign_id,p1_0.faction_id,f1_0.id,f1_0.campaign_id,f1_0.color,f1_0.faction_key,f1_0.name,f1_0.is_player_controlled,f1_0.type,p1_0.hidden_from_players,p1_0.home_territory_id,p1_0.name,n1_0.id,n1_0.campaign_id,n1_0.doctrine_profile_key,n1_0.faction_id,n1_0.metadata_json,n1_0.name,n1_0.nation_key,n1_0.is_npc,p1_0.platoon_key,p1_0.unit_type,bp1_0.post_condition_band,bp1_0.pre_condition_band,bp1_0.side from battle_participant bp1_0 join platoon p1_0 on p1_0.id=bp1_0.platoon_id left join faction f1_0 on f1_0.id=p1_0.faction_id left join nation n1_0 on n1_0.id=p1_0.nation_id where bp1_0.battle_id=? order by bp1_0.created_at
2026-03-26T14:58:44.659Z DEBUG 61 --- [           main] org.hibernate.SQL                        : select re1_0.id,af1_0.id,af1_0.campaign_id,af1_0.color,af1_0.faction_key,af1_0.name,af1_0.is_player_controlled,af1_0.type,re1_0.campaign_id,re1_0.created_at,cbm1_0.id,cbm1_0.campaign_id,cbm1_0.faction_id,cbm1_0.nation_id,cbm1_0.role,cbm1_0.user_id,u1_0.id,u1_0.active,u1_0.display_name,u1_0.email,re1_0.created_by_type,re1_0.event_type,re1_0.payload_json,re1_0.phase,tf1_0.id,tf1_0.campaign_id,tf1_0.color,tf1_0.faction_key,tf1_0.name,tf1_0.is_player_controlled,tf1_0.type,t1_0.id,t1_0.base_industry,t1_0.base_manpower,t1_0.campaign_id,t1_0.has_airfield,t1_0.has_port,t1_0.theatre_key,t1_0.max_fort_level,t1_0.metadata_json,t1_0.name,t1_0.strategic_tags_json,t1_0.terrain_type,t1_0.territory_key,t1_0.theatre_id,re1_0.turn_number,re1_0.viewer_faction_id,re1_0.visibility_scope from resolution_event re1_0 left join faction af1_0 on af1_0.id=re1_0.actor_faction_id left join campaign_member cbm1_0 on cbm1_0.id=re1_0.created_by_member_id left join app_user u1_0 on u1_0.id=cbm1_0.user_id left join faction tf1_0 on tf1_0.id=re1_0.target_faction_id left join territory t1_0 on t1_0.id=re1_0.territory_id where re1_0.campaign_id=? and re1_0.turn_number=? order by re1_0.created_at
2026-03-26T14:58:44.662Z DEBUG 61 --- [           main] m.m.a.RequestResponseBodyMethodProcessor : Using 'application/json', given [*/*] and supported [application/json, application/*+json]
2026-03-26T14:58:44.662Z DEBUG 61 --- [           main] m.m.a.RequestResponseBodyMethodProcessor : Writing [CampaignResolutionResponse[campaignId=ad86af33-5646-4244-8616-79c9fa2b04bd, turnNumber=1, currentPha (truncated)...]
2026-03-26T14:58:44.666Z DEBUG 61 --- [           main] org.hibernate.SQL                        : select n1_0.id,n1_0.body,c1_0.id,c1_0.campaign_status,c1_0.created_by_user_id,c1_0.current_phase,c1_0.current_turn_number,c1_0.fog_of_war_enabled,c1_0.gm_controls_enabled,c1_0.name,c1_0.phase_ends_at,c1_0.phase_started_at,c1_0.ruleset_version,c1_0.timers_enabled,n1_0.created_at,n1_0.payload_json,n1_0.read_at,n1_0.recipient_user_id,ru2_0.id,ru2_0.active,ru2_0.display_name,ru2_0.email,n1_0.title,n1_0.type from notification n1_0 left join campaign c1_0 on c1_0.id=n1_0.campaign_id join app_user ru2_0 on ru2_0.id=n1_0.recipient_user_id where n1_0.recipient_user_id=? order by n1_0.created_at desc
]]></system-out>
  </testcase>
  <testcase name="userCannotMarkAnotherUsersNotificationRead" classname="com.warcampaign.backend.integration.NotificationIntegrationTest" time="0.101">
    <system-out><![CDATA[2026-03-26T14:58:44.676Z DEBUG 61 --- [           main] org.hibernate.SQL                        : select n1_0.id,n1_0.body,n1_0.campaign_id,n1_0.created_at,n1_0.payload_json,n1_0.read_at,n1_0.recipient_user_id,n1_0.title,n1_0.type from notification n1_0
2026-03-26T14:58:44.678Z DEBUG 61 --- [           main] org.hibernate.SQL                        : delete from notification where id=?
2026-03-26T14:58:44.679Z DEBUG 61 --- [           main] org.hibernate.SQL                        : delete from notification where id=?
2026-03-26T14:58:44.679Z DEBUG 61 --- [           main] org.hibernate.SQL                        : delete from notification where id=?
2026-03-26T14:58:44.679Z DEBUG 61 --- [           main] org.hibernate.SQL                        : delete from notification where id=?
2026-03-26T14:58:44.679Z DEBUG 61 --- [           main] org.hibernate.SQL                        : delete from notification where id=?
2026-03-26T14:58:44.680Z DEBUG 61 --- [           main] org.hibernate.SQL                        : delete from notification where id=?
2026-03-26T14:58:44.681Z DEBUG 61 --- [           main] org.hibernate.SQL                        : select vs1_0.id,vs1_0.campaign_id,vs1_0.confidence_score,vs1_0.decay_turn,vs1_0.source_type,vs1_0.territory_id,vs1_0.turn_number,vs1_0.updated_at,vs1_0.viewer_faction_id,vs1_0.visibility_level,vs1_0.visible_forces_summary,vs1_0.visible_fort_level,vs1_0.visible_owner_faction_id from visibility_state vs1_0
2026-03-26T14:58:44.682Z DEBUG 61 --- [           main] org.hibernate.SQL                        : select re1_0.id,re1_0.actor_faction_id,re1_0.campaign_id,re1_0.created_at,re1_0.created_by_member_id,re1_0.created_by_type,re1_0.event_type,re1_0.payload_json,re1_0.phase,re1_0.target_faction_id,re1_0.territory_id,re1_0.turn_number,re1_0.viewer_faction_id,re1_0.visibility_scope from resolution_event re1_0
2026-03-26T14:58:44.684Z DEBUG 61 --- [           main] org.hibernate.SQL                        : delete from resolution_event where id=?
2026-03-26T14:58:44.684Z DEBUG 61 --- [           main] org.hibernate.SQL                        : delete from resolution_event where id=?
2026-03-26T14:58:44.685Z DEBUG 61 --- [           main] org.hibernate.SQL                        : delete from resolution_event where id=?
2026-03-26T14:58:44.686Z DEBUG 61 --- [           main] org.hibernate.SQL                        : select bp1_0.id,bp1_0.battle_id,bp1_0.created_at,bp1_0.platoon_id,bp1_0.post_condition_band,bp1_0.pre_condition_band,bp1_0.side from battle_participant bp1_0
2026-03-26T14:58:44.688Z DEBUG 61 --- [           main] org.hibernate.SQL                        : delete from battle_participant where id=?
2026-03-26T14:58:44.688Z DEBUG 61 --- [           main] org.hibernate.SQL                        : delete from battle_participant where id=?
2026-03-26T14:58:44.689Z DEBUG 61 --- [           main] org.hibernate.SQL                        : select b1_0.id,b1_0.attacker_faction_id,b1_0.battle_mode,b1_0.battle_status,b1_0.campaign_id,b1_0.created_at,b1_0.defender_faction_id,b1_0.scenario_key,b1_0.scheduled_for,b1_0.strategic_result_json,b1_0.tabletop_result_summary,b1_0.territory_id,b1_0.turn_number from battle b1_0
2026-03-26T14:58:44.690Z DEBUG 61 --- [           main] org.hibernate.SQL                        : delete from battle where id=?
2026-03-26T14:58:44.692Z DEBUG 61 --- [           main] org.hibernate.SQL                        : select cal1_0.id,cal1_0.action_type,cal1_0.actor_member_id,cal1_0.actor_type,cal1_0.actor_user_id,cal1_0.after_json,cal1_0.before_json,cal1_0.campaign_id,cal1_0.created_at,cal1_0.entity_id,cal1_0.entity_type from campaign_audit_log cal1_0
2026-03-26T14:58:44.694Z DEBUG 61 --- [           main] org.hibernate.SQL                        : select po1_0.id,po1_0.created_at,po1_0.order_submission_id,po1_0.order_type,po1_0.payload_json,po1_0.platoon_id,po1_0.source_territory_id,po1_0.target_territory_id,po1_0.validation_errors_json,po1_0.validation_status from platoon_order po1_0
2026-03-26T14:58:44.695Z DEBUG 61 --- [           main] org.hibernate.SQL                        : delete from platoon_order where id=?
2026-03-26T14:58:44.697Z DEBUG 61 --- [           main] org.hibernate.SQL                        : select os1_0.id,os1_0.campaign_id,os1_0.checksum,os1_0.faction_id,os1_0.locked_at,os1_0.reveal_at,os1_0.status,os1_0.submitted_at,os1_0.submitted_by_member_id,os1_0.turn_number from order_submission os1_0
2026-03-26T14:58:44.697Z DEBUG 61 --- [           main] org.hibernate.SQL                        : delete from order_submission where id=?
2026-03-26T14:58:44.699Z DEBUG 61 --- [           main] org.hibernate.SQL                        : select ps1_0.id,ps1_0.notes,ps1_0.platoon_id,ps1_0.readiness_status,ps1_0.strength,ps1_0.territory_id,ps1_0.turn_id from platoon_state ps1_0
2026-03-26T14:58:44.700Z DEBUG 61 --- [           main] org.hibernate.SQL                        : delete from platoon_state where id=?
2026-03-26T14:58:44.701Z DEBUG 61 --- [           main] org.hibernate.SQL                        : delete from platoon_state where id=?
2026-03-26T14:58:44.702Z DEBUG 61 --- [           main] org.hibernate.SQL                        : select ts1_0.id,ts1_0.controller_nation_id,ts1_0.controlling_faction_id,ts1_0.damage_json,ts1_0.fort_level,ts1_0.control_status,ts1_0.notes,ts1_0.partisan_risk,ts1_0.strategic_status,ts1_0.supply_status,ts1_0.territory_id,ts1_0.turn_id from territory_state ts1_0
2026-03-26T14:58:44.704Z DEBUG 61 --- [           main] org.hibernate.SQL                        : delete from territory_state where id=?
2026-03-26T14:58:44.705Z DEBUG 61 --- [           main] org.hibernate.SQL                        : select p1_0.id,p1_0.assigned_member_id,p1_0.campaign_id,p1_0.faction_id,p1_0.hidden_from_players,p1_0.home_territory_id,p1_0.name,p1_0.nation_id,p1_0.platoon_key,p1_0.unit_type from platoon p1_0
2026-03-26T14:58:44.707Z DEBUG 61 --- [           main] org.hibernate.SQL                        : delete from platoon where id=?
2026-03-26T14:58:44.707Z DEBUG 61 --- [           main] org.hibernate.SQL                        : delete from platoon where id=?
2026-03-26T14:58:44.708Z DEBUG 61 --- [           main] org.hibernate.SQL                        : select cm1_0.id,cm1_0.campaign_id,cm1_0.faction_id,cm1_0.nation_id,cm1_0.role,cm1_0.user_id from campaign_member cm1_0
2026-03-26T14:58:44.709Z DEBUG 61 --- [           main] org.hibernate.SQL                        : delete from campaign_member where id=?
2026-03-26T14:58:44.710Z DEBUG 61 --- [           main] org.hibernate.SQL                        : delete from campaign_member where id=?
2026-03-26T14:58:44.710Z DEBUG 61 --- [           main] org.hibernate.SQL                        : delete from campaign_member where id=?
2026-03-26T14:58:44.711Z DEBUG 61 --- [           main] org.hibernate.SQL                        : select ci1_0.id,ci1_0.campaign_id,ci1_0.expires_at,ci1_0.intended_role,ci1_0.invite_token,ci1_0.invited_by_user_id,ci1_0.invitee_email,ci1_0.status from campaign_invite ci1_0
2026-03-26T14:58:44.713Z DEBUG 61 --- [           main] org.hibernate.SQL                        : select n1_0.id,n1_0.campaign_id,n1_0.doctrine_profile_key,n1_0.faction_id,n1_0.metadata_json,n1_0.name,n1_0.nation_key,n1_0.is_npc from nation n1_0
2026-03-26T14:58:44.714Z DEBUG 61 --- [           main] org.hibernate.SQL                        : delete from nation where id=?
2026-03-26T14:58:44.714Z DEBUG 61 --- [           main] org.hibernate.SQL                        : delete from nation where id=?
2026-03-26T14:58:44.715Z DEBUG 61 --- [           main] org.hibernate.SQL                        : select t1_0.id,t1_0.base_industry,t1_0.base_manpower,t1_0.campaign_id,t1_0.has_airfield,t1_0.has_port,t1_0.theatre_key,t1_0.max_fort_level,t1_0.metadata_json,t1_0.name,t1_0.strategic_tags_json,t1_0.terrain_type,t1_0.territory_key,t1_0.theatre_id from territory t1_0
2026-03-26T14:58:44.716Z DEBUG 61 --- [           main] org.hibernate.SQL                        : delete from territory where id=?
2026-03-26T14:58:44.717Z DEBUG 61 --- [           main] org.hibernate.SQL                        : delete from territory where id=?
2026-03-26T14:58:44.718Z DEBUG 61 --- [           main] org.hibernate.SQL                        : select t1_0.id,t1_0.campaign_id,t1_0.ends_at,t1_0.phase,t1_0.starts_at,t1_0.turn_number from turn t1_0
2026-03-26T14:58:44.719Z DEBUG 61 --- [           main] org.hibernate.SQL                        : delete from turn where id=?
2026-03-26T14:58:44.720Z DEBUG 61 --- [           main] org.hibernate.SQL                        : select t1_0.id,t1_0.active,t1_0.campaign_id,t1_0.display_order,t1_0.name,t1_0.theatre_key from theatre t1_0
2026-03-26T14:58:44.721Z DEBUG 61 --- [           main] org.hibernate.SQL                        : delete from theatre where id=?
2026-03-26T14:58:44.723Z DEBUG 61 --- [           main] org.hibernate.SQL                        : select f1_0.id,f1_0.campaign_id,f1_0.color,f1_0.faction_key,f1_0.name,f1_0.is_player_controlled,f1_0.type from faction f1_0
2026-03-26T14:58:44.724Z DEBUG 61 --- [           main] org.hibernate.SQL                        : delete from faction where id=?
2026-03-26T14:58:44.724Z DEBUG 61 --- [           main] org.hibernate.SQL                        : delete from faction where id=?
2026-03-26T14:58:44.726Z DEBUG 61 --- [           main] org.hibernate.SQL                        : select c1_0.id,c1_0.campaign_status,c1_0.created_by_user_id,c1_0.current_phase,c1_0.current_turn_number,c1_0.fog_of_war_enabled,c1_0.gm_controls_enabled,c1_0.name,c1_0.phase_ends_at,c1_0.phase_started_at,c1_0.ruleset_version,c1_0.timers_enabled from campaign c1_0
2026-03-26T14:58:44.727Z DEBUG 61 --- [           main] org.hibernate.SQL                        : delete from campaign where id=?
2026-03-26T14:58:44.728Z DEBUG 61 --- [           main] org.hibernate.SQL                        : select u1_0.id,u1_0.active,u1_0.display_name,u1_0.email from app_user u1_0
2026-03-26T14:58:44.729Z DEBUG 61 --- [           main] org.hibernate.SQL                        : delete from app_user where id=?
2026-03-26T14:58:44.730Z DEBUG 61 --- [           main] org.hibernate.SQL                        : delete from app_user where id=?
2026-03-26T14:58:44.730Z DEBUG 61 --- [           main] org.hibernate.SQL                        : delete from app_user where id=?
2026-03-26T14:58:44.731Z DEBUG 61 --- [           main] org.hibernate.SQL                        : insert into app_user (active,display_name,email,id) values (?,?,?,?)
2026-03-26T14:58:44.732Z DEBUG 61 --- [           main] org.hibernate.SQL                        : insert into app_user (active,display_name,email,id) values (?,?,?,?)
2026-03-26T14:58:44.733Z DEBUG 61 --- [           main] org.hibernate.SQL                        : insert into campaign (campaign_status,created_by_user_id,current_phase,current_turn_number,fog_of_war_enabled,gm_controls_enabled,name,phase_ends_at,phase_started_at,ruleset_version,timers_enabled,id) values (?,?,?,?,?,?,?,?,?,?,?,?)
2026-03-26T14:58:44.734Z DEBUG 61 --- [           main] org.hibernate.SQL                        : insert into campaign_member (campaign_id,faction_id,nation_id,role,user_id,id) values (?,?,?,?,?,?)
2026-03-26T14:58:44.735Z DEBUG 61 --- [           main] org.hibernate.SQL                        : insert into campaign_member (campaign_id,faction_id,nation_id,role,user_id,id) values (?,?,?,?,?,?)
2026-03-26T14:58:44.738Z DEBUG 61 --- [           main] org.hibernate.SQL                        : select u1_0.id,u1_0.active,u1_0.display_name,u1_0.email from app_user u1_0 where upper(u1_0.email)=upper(?)
2026-03-26T14:58:44.739Z DEBUG 61 --- [           main] s.w.s.m.m.a.RequestMappingHandlerMapping : Mapped to com.warcampaign.backend.controller.CampaignController#advancePhase(UUID)
2026-03-26T14:58:44.742Z DEBUG 61 --- [           main] org.hibernate.SQL                        : select cm1_0.id,cm1_0.campaign_id,c1_0.id,c1_0.campaign_status,c1_0.created_by_user_id,cb1_0.id,cb1_0.active,cb1_0.display_name,cb1_0.email,c1_0.current_phase,c1_0.current_turn_number,c1_0.fog_of_war_enabled,c1_0.gm_controls_enabled,c1_0.name,c1_0.phase_ends_at,c1_0.phase_started_at,c1_0.ruleset_version,c1_0.timers_enabled,f1_0.id,f1_0.campaign_id,f1_0.color,f1_0.faction_key,f1_0.name,f1_0.is_player_controlled,f1_0.type,n1_0.id,n1_0.campaign_id,n1_0.doctrine_profile_key,n1_0.faction_id,n1_0.metadata_json,n1_0.name,n1_0.nation_key,n1_0.is_npc,cm1_0.role,cm1_0.user_id,u1_0.id,u1_0.active,u1_0.display_name,u1_0.email from campaign_member cm1_0 join campaign c1_0 on c1_0.id=cm1_0.campaign_id left join app_user cb1_0 on cb1_0.id=c1_0.created_by_user_id left join faction f1_0 on f1_0.id=cm1_0.faction_id left join nation n1_0 on n1_0.id=cm1_0.nation_id join app_user u1_0 on u1_0.id=cm1_0.user_id where cm1_0.campaign_id=? and cm1_0.user_id=?
2026-03-26T14:58:44.745Z DEBUG 61 --- [           main] org.hibernate.SQL                        : select t1_0.id,t1_0.campaign_id,t1_0.ends_at,t1_0.phase,t1_0.starts_at,t1_0.turn_number from turn t1_0 where t1_0.campaign_id=? and t1_0.turn_number=?
2026-03-26T14:58:44.748Z DEBUG 61 --- [           main] org.hibernate.SQL                        : select cm1_0.id,cm1_0.campaign_id,f1_0.id,f1_0.campaign_id,f1_0.color,f1_0.faction_key,f1_0.name,f1_0.is_player_controlled,f1_0.type,n1_0.id,n1_0.campaign_id,n1_0.doctrine_profile_key,n1_0.faction_id,n1_0.metadata_json,n1_0.name,n1_0.nation_key,n1_0.is_npc,cm1_0.role,cm1_0.user_id,u1_0.id,u1_0.active,u1_0.display_name,u1_0.email from campaign_member cm1_0 left join faction f1_0 on f1_0.id=cm1_0.faction_id left join nation n1_0 on n1_0.id=cm1_0.nation_id join app_user u1_0 on u1_0.id=cm1_0.user_id where cm1_0.campaign_id=? order by u1_0.display_name
2026-03-26T14:58:44.750Z DEBUG 61 --- [           main] org.hibernate.SQL                        : insert into turn (campaign_id,ends_at,phase,starts_at,turn_number,id) values (?,?,?,?,?,?)
2026-03-26T14:58:44.751Z DEBUG 61 --- [           main] org.hibernate.SQL                        : insert into campaign_audit_log (action_type,actor_member_id,actor_type,actor_user_id,after_json,before_json,campaign_id,entity_id,entity_type,id) values (?,?,?,?,?,?,?,?,?,?)
2026-03-26T14:58:44.752Z DEBUG 61 --- [           main] org.hibernate.SQL                        : insert into notification (body,campaign_id,payload_json,read_at,recipient_user_id,title,type,id) values (?,?,?,?,?,?,?,?)
2026-03-26T14:58:44.752Z DEBUG 61 --- [           main] org.hibernate.SQL                        : insert into notification (body,campaign_id,payload_json,read_at,recipient_user_id,title,type,id) values (?,?,?,?,?,?,?,?)
2026-03-26T14:58:44.752Z DEBUG 61 --- [           main] org.hibernate.SQL                        : update campaign set campaign_status=?,created_by_user_id=?,current_phase=?,current_turn_number=?,fog_of_war_enabled=?,gm_controls_enabled=?,name=?,phase_ends_at=?,phase_started_at=?,ruleset_version=?,timers_enabled=? where id=?
2026-03-26T14:58:44.753Z DEBUG 61 --- [           main] org.hibernate.SQL                        : update turn set campaign_id=?,ends_at=?,phase=?,starts_at=?,turn_number=? where id=?
2026-03-26T14:58:44.754Z DEBUG 61 --- [           main] m.m.a.RequestResponseBodyMethodProcessor : Using 'application/json', given [*/*] and supported [application/json, application/*+json]
2026-03-26T14:58:44.754Z DEBUG 61 --- [           main] m.m.a.RequestResponseBodyMethodProcessor : Writing [CampaignPhaseResponse[campaignId=220eba3b-ee55-4c87-942a-7b7a8a967c6b, currentTurnNumber=1, currentP (truncated)...]
2026-03-26T14:58:44.758Z DEBUG 61 --- [           main] org.hibernate.SQL                        : select n1_0.id,n1_0.body,c1_0.id,c1_0.campaign_status,c1_0.created_by_user_id,c1_0.current_phase,c1_0.current_turn_number,c1_0.fog_of_war_enabled,c1_0.gm_controls_enabled,c1_0.name,c1_0.phase_ends_at,c1_0.phase_started_at,c1_0.ruleset_version,c1_0.timers_enabled,n1_0.created_at,n1_0.payload_json,n1_0.read_at,n1_0.recipient_user_id,ru2_0.id,ru2_0.active,ru2_0.display_name,ru2_0.email,n1_0.title,n1_0.type from notification n1_0 left join campaign c1_0 on c1_0.id=n1_0.campaign_id join app_user ru2_0 on ru2_0.id=n1_0.recipient_user_id where n1_0.recipient_user_id=? order by n1_0.created_at desc
2026-03-26T14:58:44.762Z DEBUG 61 --- [           main] org.hibernate.SQL                        : select u1_0.id,u1_0.active,u1_0.display_name,u1_0.email from app_user u1_0 where upper(u1_0.email)=upper(?)
2026-03-26T14:58:44.763Z DEBUG 61 --- [           main] s.w.s.m.m.a.RequestMappingHandlerMapping : Mapped to com.warcampaign.backend.controller.NotificationController#markAsRead(UUID)
2026-03-26T14:58:44.767Z DEBUG 61 --- [           main] org.hibernate.SQL                        : select n1_0.id,n1_0.body,c1_0.id,c1_0.campaign_status,c1_0.created_by_user_id,c1_0.current_phase,c1_0.current_turn_number,c1_0.fog_of_war_enabled,c1_0.gm_controls_enabled,c1_0.name,c1_0.phase_ends_at,c1_0.phase_started_at,c1_0.ruleset_version,c1_0.timers_enabled,n1_0.created_at,n1_0.payload_json,n1_0.read_at,n1_0.recipient_user_id,ru2_0.id,ru2_0.active,ru2_0.display_name,ru2_0.email,n1_0.title,n1_0.type from notification n1_0 left join campaign c1_0 on c1_0.id=n1_0.campaign_id join app_user ru2_0 on ru2_0.id=n1_0.recipient_user_id where n1_0.id=? and n1_0.recipient_user_id=?
2026-03-26T14:58:44.769Z DEBUG 61 --- [           main] .m.m.a.ExceptionHandlerExceptionResolver : Using @ExceptionHandler com.warcampaign.backend.api.ApiExceptionHandler#handleApiException(ApiException, HttpServletRequest)
2026-03-26T14:58:44.770Z DEBUG 61 --- [           main] o.s.w.s.m.m.a.HttpEntityMethodProcessor  : Using 'application/json', given [*/*] and supported [application/json, application/*+json]
2026-03-26T14:58:44.770Z DEBUG 61 --- [           main] o.s.w.s.m.m.a.HttpEntityMethodProcessor  : Writing [ApiErrorResponse[timestamp=2026-03-26T14:58:44.769950068Z, code=NOTIFICATION_NOT_FOUND, message=Noti (truncated)...]
2026-03-26T14:58:44.770Z DEBUG 61 --- [           main] .m.m.a.ExceptionHandlerExceptionResolver : Resolved [com.warcampaign.backend.exception.ApiException: Notification not found]
]]></system-out>
  </testcase>
  <testcase name="inviteAcceptanceCreatesNotificationAndCanBeMarkedRead" classname="com.warcampaign.backend.integration.NotificationIntegrationTest" time="0.079">
    <system-out><![CDATA[2026-03-26T14:58:44.780Z DEBUG 61 --- [           main] org.hibernate.SQL                        : select n1_0.id,n1_0.body,n1_0.campaign_id,n1_0.created_at,n1_0.payload_json,n1_0.read_at,n1_0.recipient_user_id,n1_0.title,n1_0.type from notification n1_0
2026-03-26T14:58:44.781Z DEBUG 61 --- [           main] org.hibernate.SQL                        : delete from notification where id=?
2026-03-26T14:58:44.781Z DEBUG 61 --- [           main] org.hibernate.SQL                        : delete from notification where id=?
2026-03-26T14:58:44.782Z DEBUG 61 --- [           main] org.hibernate.SQL                        : select vs1_0.id,vs1_0.campaign_id,vs1_0.confidence_score,vs1_0.decay_turn,vs1_0.source_type,vs1_0.territory_id,vs1_0.turn_number,vs1_0.updated_at,vs1_0.viewer_faction_id,vs1_0.visibility_level,vs1_0.visible_forces_summary,vs1_0.visible_fort_level,vs1_0.visible_owner_faction_id from visibility_state vs1_0
2026-03-26T14:58:44.784Z DEBUG 61 --- [           main] org.hibernate.SQL                        : select re1_0.id,re1_0.actor_faction_id,re1_0.campaign_id,re1_0.created_at,re1_0.created_by_member_id,re1_0.created_by_type,re1_0.event_type,re1_0.payload_json,re1_0.phase,re1_0.target_faction_id,re1_0.territory_id,re1_0.turn_number,re1_0.viewer_faction_id,re1_0.visibility_scope from resolution_event re1_0
2026-03-26T14:58:44.785Z DEBUG 61 --- [           main] org.hibernate.SQL                        : select bp1_0.id,bp1_0.battle_id,bp1_0.created_at,bp1_0.platoon_id,bp1_0.post_condition_band,bp1_0.pre_condition_band,bp1_0.side from battle_participant bp1_0
2026-03-26T14:58:44.786Z DEBUG 61 --- [           main] org.hibernate.SQL                        : select b1_0.id,b1_0.attacker_faction_id,b1_0.battle_mode,b1_0.battle_status,b1_0.campaign_id,b1_0.created_at,b1_0.defender_faction_id,b1_0.scenario_key,b1_0.scheduled_for,b1_0.strategic_result_json,b1_0.tabletop_result_summary,b1_0.territory_id,b1_0.turn_number from battle b1_0
2026-03-26T14:58:44.787Z DEBUG 61 --- [           main] org.hibernate.SQL                        : select cal1_0.id,cal1_0.action_type,cal1_0.actor_member_id,cal1_0.actor_type,cal1_0.actor_user_id,cal1_0.after_json,cal1_0.before_json,cal1_0.campaign_id,cal1_0.created_at,cal1_0.entity_id,cal1_0.entity_type from campaign_audit_log cal1_0
2026-03-26T14:58:44.788Z DEBUG 61 --- [           main] org.hibernate.SQL                        : delete from campaign_audit_log where id=?
2026-03-26T14:58:44.789Z DEBUG 61 --- [           main] org.hibernate.SQL                        : select po1_0.id,po1_0.created_at,po1_0.order_submission_id,po1_0.order_type,po1_0.payload_json,po1_0.platoon_id,po1_0.source_territory_id,po1_0.target_territory_id,po1_0.validation_errors_json,po1_0.validation_status from platoon_order po1_0
2026-03-26T14:58:44.791Z DEBUG 61 --- [           main] org.hibernate.SQL                        : select os1_0.id,os1_0.campaign_id,os1_0.checksum,os1_0.faction_id,os1_0.locked_at,os1_0.reveal_at,os1_0.status,os1_0.submitted_at,os1_0.submitted_by_member_id,os1_0.turn_number from order_submission os1_0
2026-03-26T14:58:44.792Z DEBUG 61 --- [           main] org.hibernate.SQL                        : select ps1_0.id,ps1_0.notes,ps1_0.platoon_id,ps1_0.readiness_status,ps1_0.strength,ps1_0.territory_id,ps1_0.turn_id from platoon_state ps1_0
2026-03-26T14:58:44.793Z DEBUG 61 --- [           main] org.hibernate.SQL                        : select ts1_0.id,ts1_0.controller_nation_id,ts1_0.controlling_faction_id,ts1_0.damage_json,ts1_0.fort_level,ts1_0.control_status,ts1_0.notes,ts1_0.partisan_risk,ts1_0.strategic_status,ts1_0.supply_status,ts1_0.territory_id,ts1_0.turn_id from territory_state ts1_0
2026-03-26T14:58:44.794Z DEBUG 61 --- [           main] org.hibernate.SQL                        : select p1_0.id,p1_0.assigned_member_id,p1_0.campaign_id,p1_0.faction_id,p1_0.hidden_from_players,p1_0.home_territory_id,p1_0.name,p1_0.nation_id,p1_0.platoon_key,p1_0.unit_type from platoon p1_0
2026-03-26T14:58:44.795Z DEBUG 61 --- [           main] org.hibernate.SQL                        : select cm1_0.id,cm1_0.campaign_id,cm1_0.faction_id,cm1_0.nation_id,cm1_0.role,cm1_0.user_id from campaign_member cm1_0
2026-03-26T14:58:44.796Z DEBUG 61 --- [           main] org.hibernate.SQL                        : delete from campaign_member where id=?
2026-03-26T14:58:44.797Z DEBUG 61 --- [           main] org.hibernate.SQL                        : delete from campaign_member where id=?
2026-03-26T14:58:44.798Z DEBUG 61 --- [           main] org.hibernate.SQL                        : select ci1_0.id,ci1_0.campaign_id,ci1_0.expires_at,ci1_0.intended_role,ci1_0.invite_token,ci1_0.invited_by_user_id,ci1_0.invitee_email,ci1_0.status from campaign_invite ci1_0
2026-03-26T14:58:44.799Z DEBUG 61 --- [           main] org.hibernate.SQL                        : select n1_0.id,n1_0.campaign_id,n1_0.doctrine_profile_key,n1_0.faction_id,n1_0.metadata_json,n1_0.name,n1_0.nation_key,n1_0.is_npc from nation n1_0
2026-03-26T14:58:44.801Z DEBUG 61 --- [           main] org.hibernate.SQL                        : select t1_0.id,t1_0.base_industry,t1_0.base_manpower,t1_0.campaign_id,t1_0.has_airfield,t1_0.has_port,t1_0.theatre_key,t1_0.max_fort_level,t1_0.metadata_json,t1_0.name,t1_0.strategic_tags_json,t1_0.terrain_type,t1_0.territory_key,t1_0.theatre_id from territory t1_0
2026-03-26T14:58:44.802Z DEBUG 61 --- [           main] org.hibernate.SQL                        : select t1_0.id,t1_0.campaign_id,t1_0.ends_at,t1_0.phase,t1_0.starts_at,t1_0.turn_number from turn t1_0
2026-03-26T14:58:44.802Z DEBUG 61 --- [           main] org.hibernate.SQL                        : delete from turn where id=?
2026-03-26T14:58:44.803Z DEBUG 61 --- [           main] org.hibernate.SQL                        : select t1_0.id,t1_0.active,t1_0.campaign_id,t1_0.display_order,t1_0.name,t1_0.theatre_key from theatre t1_0
2026-03-26T14:58:44.804Z DEBUG 61 --- [           main] org.hibernate.SQL                        : select f1_0.id,f1_0.campaign_id,f1_0.color,f1_0.faction_key,f1_0.name,f1_0.is_player_controlled,f1_0.type from faction f1_0
2026-03-26T14:58:44.806Z DEBUG 61 --- [           main] org.hibernate.SQL                        : select c1_0.id,c1_0.campaign_status,c1_0.created_by_user_id,c1_0.current_phase,c1_0.current_turn_number,c1_0.fog_of_war_enabled,c1_0.gm_controls_enabled,c1_0.name,c1_0.phase_ends_at,c1_0.phase_started_at,c1_0.ruleset_version,c1_0.timers_enabled from campaign c1_0
2026-03-26T14:58:44.807Z DEBUG 61 --- [           main] org.hibernate.SQL                        : delete from campaign where id=?
2026-03-26T14:58:44.808Z DEBUG 61 --- [           main] org.hibernate.SQL                        : select u1_0.id,u1_0.active,u1_0.display_name,u1_0.email from app_user u1_0
2026-03-26T14:58:44.808Z DEBUG 61 --- [           main] org.hibernate.SQL                        : delete from app_user where id=?
2026-03-26T14:58:44.809Z DEBUG 61 --- [           main] org.hibernate.SQL                        : delete from app_user where id=?
2026-03-26T14:58:44.810Z DEBUG 61 --- [           main] org.hibernate.SQL                        : insert into app_user (active,display_name,email,id) values (?,?,?,?)
2026-03-26T14:58:44.811Z DEBUG 61 --- [           main] org.hibernate.SQL                        : insert into campaign (campaign_status,created_by_user_id,current_phase,current_turn_number,fog_of_war_enabled,gm_controls_enabled,name,phase_ends_at,phase_started_at,ruleset_version,timers_enabled,id) values (?,?,?,?,?,?,?,?,?,?,?,?)
2026-03-26T14:58:44.812Z DEBUG 61 --- [           main] org.hibernate.SQL                        : insert into campaign_invite (campaign_id,expires_at,intended_role,invite_token,invited_by_user_id,invitee_email,status,id) values (?,?,?,?,?,?,?,?)
2026-03-26T14:58:44.815Z DEBUG 61 --- [           main] org.hibernate.SQL                        : select u1_0.id,u1_0.active,u1_0.display_name,u1_0.email from app_user u1_0 where upper(u1_0.email)=upper(?)
2026-03-26T14:58:44.816Z DEBUG 61 --- [           main] org.hibernate.SQL                        : insert into app_user (active,display_name,email,id) values (?,?,?,?)
2026-03-26T14:58:44.816Z DEBUG 61 --- [           main] s.w.s.m.m.a.RequestMappingHandlerMapping : Mapped to com.warcampaign.backend.controller.InviteController#acceptInvite(String)
2026-03-26T14:58:44.818Z DEBUG 61 --- [           main] org.hibernate.SQL                        : select ci1_0.id,ci1_0.campaign_id,ci1_0.expires_at,ci1_0.intended_role,ci1_0.invite_token,ci1_0.invited_by_user_id,ci1_0.invitee_email,ci1_0.status from campaign_invite ci1_0 where ci1_0.invite_token=?
2026-03-26T14:58:44.819Z DEBUG 61 --- [           main] org.hibernate.SQL                        : select u1_0.id,u1_0.active,u1_0.display_name,u1_0.email from app_user u1_0 where u1_0.id=?
2026-03-26T14:58:44.821Z DEBUG 61 --- [           main] org.hibernate.SQL                        : select cm1_0.id,cm1_0.campaign_id,cm1_0.faction_id,cm1_0.nation_id,cm1_0.role,cm1_0.user_id from campaign_member cm1_0 where cm1_0.campaign_id=? and cm1_0.user_id=?
2026-03-26T14:58:44.822Z DEBUG 61 --- [           main] org.hibernate.SQL                        : select c1_0.id,c1_0.campaign_status,c1_0.created_by_user_id,c1_0.current_phase,c1_0.current_turn_number,c1_0.fog_of_war_enabled,c1_0.gm_controls_enabled,c1_0.name,c1_0.phase_ends_at,c1_0.phase_started_at,c1_0.ruleset_version,c1_0.timers_enabled from campaign c1_0 where c1_0.id=?
2026-03-26T14:58:44.823Z DEBUG 61 --- [           main] org.hibernate.SQL                        : insert into campaign_member (campaign_id,faction_id,nation_id,role,user_id,id) values (?,?,?,?,?,?)
2026-03-26T14:58:44.823Z DEBUG 61 --- [           main] org.hibernate.SQL                        : insert into notification (body,campaign_id,payload_json,read_at,recipient_user_id,title,type,id) values (?,?,?,?,?,?,?,?)
2026-03-26T14:58:44.824Z DEBUG 61 --- [           main] org.hibernate.SQL                        : update campaign_invite set campaign_id=?,expires_at=?,intended_role=?,invite_token=?,invited_by_user_id=?,invitee_email=?,status=? where id=?
2026-03-26T14:58:44.824Z DEBUG 61 --- [           main] m.m.a.RequestResponseBodyMethodProcessor : Using 'application/json', given [*/*] and supported [application/json, application/*+json]
2026-03-26T14:58:44.825Z DEBUG 61 --- [           main] m.m.a.RequestResponseBodyMethodProcessor : Writing [AcceptInviteResponse[campaignId=919afe99-1bc3-4a6e-8eed-4ee1b72392ce, membershipId=0ef8830e-295d-459 (truncated)...]
2026-03-26T14:58:44.827Z DEBUG 61 --- [           main] org.hibernate.SQL                        : select u1_0.id,u1_0.active,u1_0.display_name,u1_0.email from app_user u1_0 where upper(u1_0.email)=upper(?)
2026-03-26T14:58:44.828Z DEBUG 61 --- [           main] s.w.s.m.m.a.RequestMappingHandlerMapping : Mapped to com.warcampaign.backend.controller.NotificationController#listMyNotifications()
2026-03-26T14:58:44.830Z DEBUG 61 --- [           main] org.hibernate.SQL                        : select n1_0.id,n1_0.body,c1_0.id,c1_0.campaign_status,c1_0.created_by_user_id,c1_0.current_phase,c1_0.current_turn_number,c1_0.fog_of_war_enabled,c1_0.gm_controls_enabled,c1_0.name,c1_0.phase_ends_at,c1_0.phase_started_at,c1_0.ruleset_version,c1_0.timers_enabled,n1_0.created_at,n1_0.payload_json,n1_0.read_at,n1_0.recipient_user_id,ru2_0.id,ru2_0.active,ru2_0.display_name,ru2_0.email,n1_0.title,n1_0.type from notification n1_0 left join campaign c1_0 on c1_0.id=n1_0.campaign_id join app_user ru2_0 on ru2_0.id=n1_0.recipient_user_id where n1_0.recipient_user_id=? order by n1_0.created_at desc
2026-03-26T14:58:44.832Z DEBUG 61 --- [           main] m.m.a.RequestResponseBodyMethodProcessor : Using 'application/json', given [*/*] and supported [application/json, application/*+json]
2026-03-26T14:58:44.833Z DEBUG 61 --- [           main] m.m.a.RequestResponseBodyMethodProcessor : Writing [[UserNotificationResponse[id=9ba804a4-61ab-4d1b-abbd-3791d352c93e, campaignId=919afe99-1bc3-4a6e-8ee (truncated)...]
2026-03-26T14:58:44.838Z DEBUG 61 --- [           main] org.hibernate.SQL                        : select u1_0.id,u1_0.active,u1_0.display_name,u1_0.email from app_user u1_0 where upper(u1_0.email)=upper(?)
2026-03-26T14:58:44.840Z DEBUG 61 --- [           main] org.hibernate.SQL                        : select n1_0.id,n1_0.body,c1_0.id,c1_0.campaign_status,c1_0.created_by_user_id,c1_0.current_phase,c1_0.current_turn_number,c1_0.fog_of_war_enabled,c1_0.gm_controls_enabled,c1_0.name,c1_0.phase_ends_at,c1_0.phase_started_at,c1_0.ruleset_version,c1_0.timers_enabled,n1_0.created_at,n1_0.payload_json,n1_0.read_at,n1_0.recipient_user_id,ru2_0.id,ru2_0.active,ru2_0.display_name,ru2_0.email,n1_0.title,n1_0.type from notification n1_0 left join campaign c1_0 on c1_0.id=n1_0.campaign_id join app_user ru2_0 on ru2_0.id=n1_0.recipient_user_id where n1_0.recipient_user_id=? order by n1_0.created_at desc
2026-03-26T14:58:44.843Z DEBUG 61 --- [           main] org.hibernate.SQL                        : select u1_0.id,u1_0.active,u1_0.display_name,u1_0.email from app_user u1_0 where upper(u1_0.email)=upper(?)
2026-03-26T14:58:44.844Z DEBUG 61 --- [           main] s.w.s.m.m.a.RequestMappingHandlerMapping : Mapped to com.warcampaign.backend.controller.NotificationController#markAsRead(UUID)
2026-03-26T14:58:44.846Z DEBUG 61 --- [           main] org.hibernate.SQL                        : select n1_0.id,n1_0.body,c1_0.id,c1_0.campaign_status,c1_0.created_by_user_id,c1_0.current_phase,c1_0.current_turn_number,c1_0.fog_of_war_enabled,c1_0.gm_controls_enabled,c1_0.name,c1_0.phase_ends_at,c1_0.phase_started_at,c1_0.ruleset_version,c1_0.timers_enabled,n1_0.created_at,n1_0.payload_json,n1_0.read_at,n1_0.recipient_user_id,ru2_0.id,ru2_0.active,ru2_0.display_name,ru2_0.email,n1_0.title,n1_0.type from notification n1_0 left join campaign c1_0 on c1_0.id=n1_0.campaign_id join app_user ru2_0 on ru2_0.id=n1_0.recipient_user_id where n1_0.id=? and n1_0.recipient_user_id=?
2026-03-26T14:58:44.847Z DEBUG 61 --- [           main] org.hibernate.SQL                        : update notification set body=?,campaign_id=?,payload_json=?,read_at=?,recipient_user_id=?,title=?,type=? where id=?
2026-03-26T14:58:44.850Z DEBUG 61 --- [           main] m.m.a.RequestResponseBodyMethodProcessor : Using 'application/json', given [*/*] and supported [application/json, application/*+json]
2026-03-26T14:58:44.851Z DEBUG 61 --- [           main] m.m.a.RequestResponseBodyMethodProcessor : Writing [UserNotificationResponse[id=9ba804a4-61ab-4d1b-abbd-3791d352c93e, campaignId=919afe99-1bc3-4a6e-8eed (truncated)...]
]]></system-out>
  </testcase>
  <testcase name="phaseAdvanceCreatesPhaseStartedNotificationForCampaignMembers" classname="com.warcampaign.backend.integration.NotificationIntegrationTest" time="0.059">
    <system-out><![CDATA[2026-03-26T14:58:44.860Z DEBUG 61 --- [           main] org.hibernate.SQL                        : select n1_0.id,n1_0.body,n1_0.campaign_id,n1_0.created_at,n1_0.payload_json,n1_0.read_at,n1_0.recipient_user_id,n1_0.title,n1_0.type from notification n1_0
2026-03-26T14:58:44.861Z DEBUG 61 --- [           main] org.hibernate.SQL                        : delete from notification where id=?
2026-03-26T14:58:44.862Z DEBUG 61 --- [           main] org.hibernate.SQL                        : select vs1_0.id,vs1_0.campaign_id,vs1_0.confidence_score,vs1_0.decay_turn,vs1_0.source_type,vs1_0.territory_id,vs1_0.turn_number,vs1_0.updated_at,vs1_0.viewer_faction_id,vs1_0.visibility_level,vs1_0.visible_forces_summary,vs1_0.visible_fort_level,vs1_0.visible_owner_faction_id from visibility_state vs1_0
2026-03-26T14:58:44.864Z DEBUG 61 --- [           main] org.hibernate.SQL                        : select re1_0.id,re1_0.actor_faction_id,re1_0.campaign_id,re1_0.created_at,re1_0.created_by_member_id,re1_0.created_by_type,re1_0.event_type,re1_0.payload_json,re1_0.phase,re1_0.target_faction_id,re1_0.territory_id,re1_0.turn_number,re1_0.viewer_faction_id,re1_0.visibility_scope from resolution_event re1_0
2026-03-26T14:58:44.865Z DEBUG 61 --- [           main] org.hibernate.SQL                        : select bp1_0.id,bp1_0.battle_id,bp1_0.created_at,bp1_0.platoon_id,bp1_0.post_condition_band,bp1_0.pre_condition_band,bp1_0.side from battle_participant bp1_0
2026-03-26T14:58:44.866Z DEBUG 61 --- [           main] org.hibernate.SQL                        : select b1_0.id,b1_0.attacker_faction_id,b1_0.battle_mode,b1_0.battle_status,b1_0.campaign_id,b1_0.created_at,b1_0.defender_faction_id,b1_0.scenario_key,b1_0.scheduled_for,b1_0.strategic_result_json,b1_0.tabletop_result_summary,b1_0.territory_id,b1_0.turn_number from battle b1_0
2026-03-26T14:58:44.867Z DEBUG 61 --- [           main] org.hibernate.SQL                        : select cal1_0.id,cal1_0.action_type,cal1_0.actor_member_id,cal1_0.actor_type,cal1_0.actor_user_id,cal1_0.after_json,cal1_0.before_json,cal1_0.campaign_id,cal1_0.created_at,cal1_0.entity_id,cal1_0.entity_type from campaign_audit_log cal1_0
2026-03-26T14:58:44.868Z DEBUG 61 --- [           main] org.hibernate.SQL                        : select po1_0.id,po1_0.created_at,po1_0.order_submission_id,po1_0.order_type,po1_0.payload_json,po1_0.platoon_id,po1_0.source_territory_id,po1_0.target_territory_id,po1_0.validation_errors_json,po1_0.validation_status from platoon_order po1_0
2026-03-26T14:58:44.869Z DEBUG 61 --- [           main] org.hibernate.SQL                        : select os1_0.id,os1_0.campaign_id,os1_0.checksum,os1_0.faction_id,os1_0.locked_at,os1_0.reveal_at,os1_0.status,os1_0.submitted_at,os1_0.submitted_by_member_id,os1_0.turn_number from order_submission os1_0
2026-03-26T14:58:44.870Z DEBUG 61 --- [           main] org.hibernate.SQL                        : select ps1_0.id,ps1_0.notes,ps1_0.platoon_id,ps1_0.readiness_status,ps1_0.strength,ps1_0.territory_id,ps1_0.turn_id from platoon_state ps1_0
2026-03-26T14:58:44.870Z DEBUG 61 --- [           main] org.hibernate.SQL                        : select ts1_0.id,ts1_0.controller_nation_id,ts1_0.controlling_faction_id,ts1_0.damage_json,ts1_0.fort_level,ts1_0.control_status,ts1_0.notes,ts1_0.partisan_risk,ts1_0.strategic_status,ts1_0.supply_status,ts1_0.territory_id,ts1_0.turn_id from territory_state ts1_0
2026-03-26T14:58:44.871Z DEBUG 61 --- [           main] org.hibernate.SQL                        : select p1_0.id,p1_0.assigned_member_id,p1_0.campaign_id,p1_0.faction_id,p1_0.hidden_from_players,p1_0.home_territory_id,p1_0.name,p1_0.nation_id,p1_0.platoon_key,p1_0.unit_type from platoon p1_0
2026-03-26T14:58:44.872Z DEBUG 61 --- [           main] org.hibernate.SQL                        : select cm1_0.id,cm1_0.campaign_id,cm1_0.faction_id,cm1_0.nation_id,cm1_0.role,cm1_0.user_id from campaign_member cm1_0
2026-03-26T14:58:44.873Z DEBUG 61 --- [           main] org.hibernate.SQL                        : delete from campaign_member where id=?
2026-03-26T14:58:44.874Z DEBUG 61 --- [           main] org.hibernate.SQL                        : select ci1_0.id,ci1_0.campaign_id,ci1_0.expires_at,ci1_0.intended_role,ci1_0.invite_token,ci1_0.invited_by_user_id,ci1_0.invitee_email,ci1_0.status from campaign_invite ci1_0
2026-03-26T14:58:44.875Z DEBUG 61 --- [           main] org.hibernate.SQL                        : delete from campaign_invite where id=?
2026-03-26T14:58:44.876Z DEBUG 61 --- [           main] org.hibernate.SQL                        : select n1_0.id,n1_0.campaign_id,n1_0.doctrine_profile_key,n1_0.faction_id,n1_0.metadata_json,n1_0.name,n1_0.nation_key,n1_0.is_npc from nation n1_0
2026-03-26T14:58:44.877Z DEBUG 61 --- [           main] org.hibernate.SQL                        : select t1_0.id,t1_0.base_industry,t1_0.base_manpower,t1_0.campaign_id,t1_0.has_airfield,t1_0.has_port,t1_0.theatre_key,t1_0.max_fort_level,t1_0.metadata_json,t1_0.name,t1_0.strategic_tags_json,t1_0.terrain_type,t1_0.territory_key,t1_0.theatre_id from territory t1_0
2026-03-26T14:58:44.879Z DEBUG 61 --- [           main] org.hibernate.SQL                        : select t1_0.id,t1_0.campaign_id,t1_0.ends_at,t1_0.phase,t1_0.starts_at,t1_0.turn_number from turn t1_0
2026-03-26T14:58:44.880Z DEBUG 61 --- [           main] org.hibernate.SQL                        : select t1_0.id,t1_0.active,t1_0.campaign_id,t1_0.display_order,t1_0.name,t1_0.theatre_key from theatre t1_0
2026-03-26T14:58:44.881Z DEBUG 61 --- [           main] org.hibernate.SQL                        : select f1_0.id,f1_0.campaign_id,f1_0.color,f1_0.faction_key,f1_0.name,f1_0.is_player_controlled,f1_0.type from faction f1_0
2026-03-26T14:58:44.882Z DEBUG 61 --- [           main] org.hibernate.SQL                        : select c1_0.id,c1_0.campaign_status,c1_0.created_by_user_id,c1_0.current_phase,c1_0.current_turn_number,c1_0.fog_of_war_enabled,c1_0.gm_controls_enabled,c1_0.name,c1_0.phase_ends_at,c1_0.phase_started_at,c1_0.ruleset_version,c1_0.timers_enabled from campaign c1_0
2026-03-26T14:58:44.883Z DEBUG 61 --- [           main] org.hibernate.SQL                        : delete from campaign where id=?
2026-03-26T14:58:44.884Z DEBUG 61 --- [           main] org.hibernate.SQL                        : select u1_0.id,u1_0.active,u1_0.display_name,u1_0.email from app_user u1_0
2026-03-26T14:58:44.884Z DEBUG 61 --- [           main] org.hibernate.SQL                        : delete from app_user where id=?
2026-03-26T14:58:44.885Z DEBUG 61 --- [           main] org.hibernate.SQL                        : delete from app_user where id=?
2026-03-26T14:58:44.886Z DEBUG 61 --- [           main] org.hibernate.SQL                        : insert into app_user (active,display_name,email,id) values (?,?,?,?)
2026-03-26T14:58:44.887Z DEBUG 61 --- [           main] org.hibernate.SQL                        : insert into app_user (active,display_name,email,id) values (?,?,?,?)
2026-03-26T14:58:44.888Z DEBUG 61 --- [           main] org.hibernate.SQL                        : insert into campaign (campaign_status,created_by_user_id,current_phase,current_turn_number,fog_of_war_enabled,gm_controls_enabled,name,phase_ends_at,phase_started_at,ruleset_version,timers_enabled,id) values (?,?,?,?,?,?,?,?,?,?,?,?)
2026-03-26T14:58:44.889Z DEBUG 61 --- [           main] org.hibernate.SQL                        : insert into campaign_member (campaign_id,faction_id,nation_id,role,user_id,id) values (?,?,?,?,?,?)
2026-03-26T14:58:44.889Z DEBUG 61 --- [           main] org.hibernate.SQL                        : insert into campaign_member (campaign_id,faction_id,nation_id,role,user_id,id) values (?,?,?,?,?,?)
2026-03-26T14:58:44.891Z DEBUG 61 --- [           main] org.hibernate.SQL                        : select u1_0.id,u1_0.active,u1_0.display_name,u1_0.email from app_user u1_0 where upper(u1_0.email)=upper(?)
2026-03-26T14:58:44.893Z DEBUG 61 --- [           main] s.w.s.m.m.a.RequestMappingHandlerMapping : Mapped to com.warcampaign.backend.controller.CampaignController#advancePhase(UUID)
2026-03-26T14:58:44.896Z DEBUG 61 --- [           main] org.hibernate.SQL                        : select cm1_0.id,cm1_0.campaign_id,c1_0.id,c1_0.campaign_status,c1_0.created_by_user_id,cb1_0.id,cb1_0.active,cb1_0.display_name,cb1_0.email,c1_0.current_phase,c1_0.current_turn_number,c1_0.fog_of_war_enabled,c1_0.gm_controls_enabled,c1_0.name,c1_0.phase_ends_at,c1_0.phase_started_at,c1_0.ruleset_version,c1_0.timers_enabled,f1_0.id,f1_0.campaign_id,f1_0.color,f1_0.faction_key,f1_0.name,f1_0.is_player_controlled,f1_0.type,n1_0.id,n1_0.campaign_id,n1_0.doctrine_profile_key,n1_0.faction_id,n1_0.metadata_json,n1_0.name,n1_0.nation_key,n1_0.is_npc,cm1_0.role,cm1_0.user_id,u1_0.id,u1_0.active,u1_0.display_name,u1_0.email from campaign_member cm1_0 join campaign c1_0 on c1_0.id=cm1_0.campaign_id left join app_user cb1_0 on cb1_0.id=c1_0.created_by_user_id left join faction f1_0 on f1_0.id=cm1_0.faction_id left join nation n1_0 on n1_0.id=cm1_0.nation_id join app_user u1_0 on u1_0.id=cm1_0.user_id where cm1_0.campaign_id=? and cm1_0.user_id=?
2026-03-26T14:58:44.898Z DEBUG 61 --- [           main] org.hibernate.SQL                        : select t1_0.id,t1_0.campaign_id,t1_0.ends_at,t1_0.phase,t1_0.starts_at,t1_0.turn_number from turn t1_0 where t1_0.campaign_id=? and t1_0.turn_number=?
2026-03-26T14:58:44.901Z DEBUG 61 --- [           main] org.hibernate.SQL                        : select cm1_0.id,cm1_0.campaign_id,f1_0.id,f1_0.campaign_id,f1_0.color,f1_0.faction_key,f1_0.name,f1_0.is_player_controlled,f1_0.type,n1_0.id,n1_0.campaign_id,n1_0.doctrine_profile_key,n1_0.faction_id,n1_0.metadata_json,n1_0.name,n1_0.nation_key,n1_0.is_npc,cm1_0.role,cm1_0.user_id,u1_0.id,u1_0.active,u1_0.display_name,u1_0.email from campaign_member cm1_0 left join faction f1_0 on f1_0.id=cm1_0.faction_id left join nation n1_0 on n1_0.id=cm1_0.nation_id join app_user u1_0 on u1_0.id=cm1_0.user_id where cm1_0.campaign_id=? order by u1_0.display_name
2026-03-26T14:58:44.902Z DEBUG 61 --- [           main] org.hibernate.SQL                        : insert into turn (campaign_id,ends_at,phase,starts_at,turn_number,id) values (?,?,?,?,?,?)
2026-03-26T14:58:44.903Z DEBUG 61 --- [           main] org.hibernate.SQL                        : insert into campaign_audit_log (action_type,actor_member_id,actor_type,actor_user_id,after_json,before_json,campaign_id,entity_id,entity_type,id) values (?,?,?,?,?,?,?,?,?,?)
2026-03-26T14:58:44.903Z DEBUG 61 --- [           main] org.hibernate.SQL                        : insert into notification (body,campaign_id,payload_json,read_at,recipient_user_id,title,type,id) values (?,?,?,?,?,?,?,?)
2026-03-26T14:58:44.903Z DEBUG 61 --- [           main] org.hibernate.SQL                        : insert into notification (body,campaign_id,payload_json,read_at,recipient_user_id,title,type,id) values (?,?,?,?,?,?,?,?)
2026-03-26T14:58:44.904Z DEBUG 61 --- [           main] org.hibernate.SQL                        : update campaign set campaign_status=?,created_by_user_id=?,current_phase=?,current_turn_number=?,fog_of_war_enabled=?,gm_controls_enabled=?,name=?,phase_ends_at=?,phase_started_at=?,ruleset_version=?,timers_enabled=? where id=?
2026-03-26T14:58:44.904Z DEBUG 61 --- [           main] org.hibernate.SQL                        : update turn set campaign_id=?,ends_at=?,phase=?,starts_at=?,turn_number=? where id=?
2026-03-26T14:58:44.905Z DEBUG 61 --- [           main] m.m.a.RequestResponseBodyMethodProcessor : Using 'application/json', given [*/*] and supported [application/json, application/*+json]
2026-03-26T14:58:44.905Z DEBUG 61 --- [           main] m.m.a.RequestResponseBodyMethodProcessor : Writing [CampaignPhaseResponse[campaignId=cce099ee-3e8d-4c5d-a3a6-ba5823a8590b, currentTurnNumber=1, currentP (truncated)...]
2026-03-26T14:58:44.908Z DEBUG 61 --- [           main] org.hibernate.SQL                        : select u1_0.id,u1_0.active,u1_0.display_name,u1_0.email from app_user u1_0 where upper(u1_0.email)=upper(?)
2026-03-26T14:58:44.909Z DEBUG 61 --- [           main] s.w.s.m.m.a.RequestMappingHandlerMapping : Mapped to com.warcampaign.backend.controller.NotificationController#listMyNotifications()
2026-03-26T14:58:44.911Z DEBUG 61 --- [           main] org.hibernate.SQL                        : select n1_0.id,n1_0.body,c1_0.id,c1_0.campaign_status,c1_0.created_by_user_id,c1_0.current_phase,c1_0.current_turn_number,c1_0.fog_of_war_enabled,c1_0.gm_controls_enabled,c1_0.name,c1_0.phase_ends_at,c1_0.phase_started_at,c1_0.ruleset_version,c1_0.timers_enabled,n1_0.created_at,n1_0.payload_json,n1_0.read_at,n1_0.recipient_user_id,ru2_0.id,ru2_0.active,ru2_0.display_name,ru2_0.email,n1_0.title,n1_0.type from notification n1_0 left join campaign c1_0 on c1_0.id=n1_0.campaign_id join app_user ru2_0 on ru2_0.id=n1_0.recipient_user_id where n1_0.recipient_user_id=? order by n1_0.created_at desc
2026-03-26T14:58:44.912Z DEBUG 61 --- [           main] m.m.a.RequestResponseBodyMethodProcessor : Using 'application/json', given [*/*] and supported [application/json, application/*+json]
2026-03-26T14:58:44.912Z DEBUG 61 --- [           main] m.m.a.RequestResponseBodyMethodProcessor : Writing [[UserNotificationResponse[id=d06fc9d1-57ca-4c55-ba24-d82cd70e625c, campaignId=cce099ee-3e8d-4c5d-a3a (truncated)...]
]]></system-out>
  </testcase>
</testsuite>