<?xml version="1.0" encoding="UTF-8"?>
<testsuite xmlns:xsi="http://www.w3.org/2001/XMLSchema-instance" xsi:noNamespaceSchemaLocation="https://maven.apache.org/surefire/maven-surefire-plugin/xsd/surefire-test-report-3.0.xsd" version="3.0" name="com.warcampaign.backend.integration.CampaignResolutionIntegrationTest" time="1.383" tests="4" errors="0" skipped="0" failures="0">
  <properties>
[...]
</properties>
  <testcase name="nonGmCannotResolveOrReadResolutionSummary" classname="com.warcampaign.backend.integration.CampaignResolutionIntegrationTest" time="0.156">
    <system-out><![CDATA[2026-03-26T15:35:13.882Z DEBUG 60 --- [           main] .b.t.c.SpringBootTestContextBootstrapper : Neither @ContextConfiguration nor @ContextHierarchy found for test class [CampaignResolutionIntegrationTest]: using SpringBootContextLoader
2026-03-26T15:35:13.883Z  INFO 60 --- [           main] t.c.s.AnnotationConfigContextLoaderUtils : Could not detect default configuration classes for test class [com.warcampaign.backend.integration.CampaignResolutionIntegrationTest]: CampaignResolutionIntegrationTest does not declare any static, non-private, non-final, nested classes annotated with @Configuration.
2026-03-26T15:35:13.884Z DEBUG 60 --- [           main] .b.t.c.SpringBootTestContextBootstrapper : Using ContextCustomizerFactory implementations for test class [CampaignResolutionIntegrationTest]: [ImportsContextCustomizerFactory, ExcludeFilterContextCustomizerFactory, HttpGraphQlTesterContextCustomizerFactory, DuplicateJsonObjectContextCustomizerFactory, MockitoContextCustomizerFactory, TestRestTemplateContextCustomizerFactory, WebTestClientContextCustomizerFactory, DisableReactorResourceFactoryGlobalResourcesContextCustomizerFactory, OnFailureConditionReportContextCustomizerFactory, OverrideAutoConfigurationContextCustomizerFactory, ObservabilityContextCustomizerFactory, TypeExcludeFiltersContextCustomizerFactory, PropertyMappingContextCustomizerFactory, WebDriverContextCustomizerFactory, MockServerContainerContextCustomizerFactory, DynamicPropertiesContextCustomizerFactory]
2026-03-26T15:35:13.887Z DEBUG 60 --- [           main] .b.t.c.SpringBootTestContextBootstrapper : Using ContextCustomizers for test class [CampaignResolutionIntegrationTest]: [ImportsContextCustomizer, ExcludeFilterContextCustomizer, DuplicateJsonObjectContextCustomizer, MockitoContextCustomizer, TestRestTemplateContextCustomizer, DisableReactorResourceFactoryGlobalResourcesContextCustomizerCustomizer, OnFailureConditionReportContextCustomizer, DisableObservabilityContextCustomizer, PropertyMappingContextCustomizer, WebDriverContextCustomizer]
2026-03-26T15:35:13.888Z  INFO 60 --- [           main] .b.t.c.SpringBootTestContextBootstrapper : Found @SpringBootConfiguration com.warcampaign.backend.WarApiApplication for test class com.warcampaign.backend.integration.CampaignResolutionIntegrationTest
2026-03-26T15:35:13.891Z DEBUG 60 --- [           main] .b.t.c.SpringBootTestContextBootstrapper : Using TestExecutionListeners for test class [CampaignResolutionIntegrationTest]: [ServletTestExecutionListener, DirtiesContextBeforeModesTestExecutionListener, ApplicationEventsTestExecutionListener, MockitoTestExecutionListener, DependencyInjectionTestExecutionListener, DirtiesContextTestExecutionListener, TransactionalTestExecutionListener, SqlScriptsTestExecutionListener, EventPublishingTestExecutionListener, WithSecurityContextTestExecutionListener, ReactorContextTestExecutionListener, ResetMocksTestExecutionListener, RestDocsTestExecutionListener, MockRestServiceServerResetTestExecutionListener, MockMvcPrintOnlyOnFailureTestExecutionListener, WebDriverTestExecutionListener, MockWebServiceServerTestExecutionListener]
2026-03-26T15:35:13.903Z DEBUG 60 --- [           main] org.hibernate.SQL                        : select n1_0.id,n1_0.body,n1_0.campaign_id,n1_0.created_at,n1_0.payload_json,n1_0.read_at,n1_0.recipient_user_id,n1_0.title,n1_0.type from notification n1_0
2026-03-26T15:35:13.905Z DEBUG 60 --- [           main] org.hibernate.SQL                        : select vs1_0.id,vs1_0.campaign_id,vs1_0.confidence_score,vs1_0.decay_turn,vs1_0.source_type,vs1_0.territory_id,vs1_0.turn_number,vs1_0.updated_at,vs1_0.viewer_faction_id,vs1_0.visibility_level,vs1_0.visible_forces_summary,vs1_0.visible_fort_level,vs1_0.visible_owner_faction_id from visibility_state vs1_0
2026-03-26T15:35:13.908Z DEBUG 60 --- [           main] org.hibernate.SQL                        : select re1_0.id,re1_0.actor_faction_id,re1_0.campaign_id,re1_0.created_at,re1_0.created_by_member_id,re1_0.created_by_type,re1_0.event_type,re1_0.payload_json,re1_0.phase,re1_0.target_faction_id,re1_0.territory_id,re1_0.turn_number,re1_0.viewer_faction_id,re1_0.visibility_scope from resolution_event re1_0
2026-03-26T15:35:13.910Z DEBUG 60 --- [           main] org.hibernate.SQL                        : select bp1_0.id,bp1_0.battle_id,bp1_0.created_at,bp1_0.platoon_id,bp1_0.post_condition_band,bp1_0.pre_condition_band,bp1_0.side from battle_participant bp1_0
2026-03-26T15:35:13.913Z DEBUG 60 --- [           main] org.hibernate.SQL                        : delete from battle_participant where id=?
2026-03-26T15:35:13.913Z DEBUG 60 --- [           main] org.hibernate.SQL                        : delete from battle_participant where id=?
2026-03-26T15:35:13.916Z DEBUG 60 --- [           main] org.hibernate.SQL                        : select b1_0.id,b1_0.attacker_faction_id,b1_0.battle_mode,b1_0.battle_status,b1_0.campaign_id,b1_0.created_at,b1_0.defender_faction_id,b1_0.scenario_key,b1_0.scheduled_for,b1_0.strategic_result_json,b1_0.tabletop_result_summary,b1_0.territory_id,b1_0.turn_number from battle b1_0
2026-03-26T15:35:13.918Z DEBUG 60 --- [           main] org.hibernate.SQL                        : delete from battle where id=?
2026-03-26T15:35:13.920Z DEBUG 60 --- [           main] org.hibernate.SQL                        : select cal1_0.id,cal1_0.action_type,cal1_0.actor_member_id,cal1_0.actor_type,cal1_0.actor_user_id,cal1_0.after_json,cal1_0.before_json,cal1_0.campaign_id,cal1_0.created_at,cal1_0.entity_id,cal1_0.entity_type from campaign_audit_log cal1_0
2026-03-26T15:35:13.923Z DEBUG 60 --- [           main] org.hibernate.SQL                        : select po1_0.id,po1_0.created_at,po1_0.order_submission_id,po1_0.order_type,po1_0.payload_json,po1_0.platoon_id,po1_0.source_territory_id,po1_0.target_territory_id,po1_0.validation_errors_json,po1_0.validation_status from platoon_order po1_0
2026-03-26T15:35:13.926Z DEBUG 60 --- [           main] org.hibernate.SQL                        : select os1_0.id,os1_0.campaign_id,os1_0.checksum,os1_0.faction_id,os1_0.locked_at,os1_0.reveal_at,os1_0.status,os1_0.submitted_at,os1_0.submitted_by_member_id,os1_0.turn_number from order_submission os1_0
2026-03-26T15:35:13.928Z DEBUG 60 --- [           main] org.hibernate.SQL                        : select ps1_0.id,ps1_0.notes,ps1_0.platoon_id,ps1_0.readiness_status,ps1_0.strength,ps1_0.territory_id,ps1_0.turn_id from platoon_state ps1_0
2026-03-26T15:35:13.930Z DEBUG 60 --- [           main] org.hibernate.SQL                        : delete from platoon_state where id=?
2026-03-26T15:35:13.931Z DEBUG 60 --- [           main] org.hibernate.SQL                        : delete from platoon_state where id=?
2026-03-26T15:35:13.934Z DEBUG 60 --- [           main] org.hibernate.SQL                        : select ts1_0.id,ts1_0.controller_nation_id,ts1_0.controlling_faction_id,ts1_0.damage_json,ts1_0.fort_level,ts1_0.control_status,ts1_0.notes,ts1_0.partisan_risk,ts1_0.strategic_status,ts1_0.supply_status,ts1_0.territory_id,ts1_0.turn_id from territory_state ts1_0
2026-03-26T15:35:13.936Z DEBUG 60 --- [           main] org.hibernate.SQL                        : select p1_0.id,p1_0.assigned_member_id,p1_0.campaign_id,p1_0.faction_id,p1_0.hidden_from_players,p1_0.home_territory_id,p1_0.name,p1_0.nation_id,p1_0.platoon_key,p1_0.unit_type from platoon p1_0
2026-03-26T15:35:13.939Z DEBUG 60 --- [           main] org.hibernate.SQL                        : delete from platoon where id=?
2026-03-26T15:35:13.940Z DEBUG 60 --- [           main] org.hibernate.SQL                        : delete from platoon where id=?
2026-03-26T15:35:13.941Z DEBUG 60 --- [           main] org.hibernate.SQL                        : delete from platoon where id=?
2026-03-26T15:35:13.942Z DEBUG 60 --- [           main] org.hibernate.SQL                        : delete from platoon where id=?
2026-03-26T15:35:13.944Z DEBUG 60 --- [           main] org.hibernate.SQL                        : select ci1_0.id,ci1_0.campaign_id,ci1_0.expires_at,ci1_0.intended_role,ci1_0.invite_token,ci1_0.invited_by_user_id,ci1_0.invitee_email,ci1_0.status from campaign_invite ci1_0
2026-03-26T15:35:13.947Z DEBUG 60 --- [           main] org.hibernate.SQL                        : select cm1_0.id,cm1_0.campaign_id,cm1_0.faction_id,cm1_0.nation_id,cm1_0.role,cm1_0.user_id from campaign_member cm1_0
2026-03-26T15:35:13.949Z DEBUG 60 --- [           main] org.hibernate.SQL                        : delete from campaign_member where id=?
2026-03-26T15:35:13.950Z DEBUG 60 --- [           main] org.hibernate.SQL                        : delete from campaign_member where id=?
2026-03-26T15:35:13.951Z DEBUG 60 --- [           main] org.hibernate.SQL                        : delete from campaign_member where id=?
2026-03-26T15:35:13.953Z DEBUG 60 --- [           main] org.hibernate.SQL                        : select n1_0.id,n1_0.campaign_id,n1_0.doctrine_profile_key,n1_0.faction_id,n1_0.metadata_json,n1_0.name,n1_0.nation_key,n1_0.is_npc from nation n1_0
2026-03-26T15:35:13.955Z DEBUG 60 --- [           main] org.hibernate.SQL                        : delete from nation where id=?
2026-03-26T15:35:13.956Z DEBUG 60 --- [           main] org.hibernate.SQL                        : delete from nation where id=?
2026-03-26T15:35:13.957Z DEBUG 60 --- [           main] org.hibernate.SQL                        : delete from nation where id=?
2026-03-26T15:35:13.959Z DEBUG 60 --- [           main] org.hibernate.SQL                        : select t1_0.id,t1_0.base_industry,t1_0.base_manpower,t1_0.campaign_id,t1_0.has_airfield,t1_0.has_port,t1_0.theatre_key,t1_0.max_fort_level,t1_0.metadata_json,t1_0.name,t1_0.strategic_tags_json,t1_0.terrain_type,t1_0.territory_key,t1_0.theatre_id from territory t1_0
2026-03-26T15:35:13.962Z DEBUG 60 --- [           main] org.hibernate.SQL                        : delete from territory where id=?
2026-03-26T15:35:13.963Z DEBUG 60 --- [           main] org.hibernate.SQL                        : delete from territory where id=?
2026-03-26T15:35:13.963Z DEBUG 60 --- [           main] org.hibernate.SQL                        : delete from territory where id=?
2026-03-26T15:35:13.966Z DEBUG 60 --- [           main] org.hibernate.SQL                        : select t1_0.id,t1_0.campaign_id,t1_0.ends_at,t1_0.phase,t1_0.starts_at,t1_0.turn_number from turn t1_0
2026-03-26T15:35:13.967Z DEBUG 60 --- [           main] org.hibernate.SQL                        : delete from turn where id=?
2026-03-26T15:35:13.968Z DEBUG 60 --- [           main] org.hibernate.SQL                        : delete from turn where id=?
2026-03-26T15:35:13.970Z DEBUG 60 --- [           main] org.hibernate.SQL                        : select t1_0.id,t1_0.active,t1_0.campaign_id,t1_0.display_order,t1_0.name,t1_0.theatre_key from theatre t1_0
2026-03-26T15:35:13.972Z DEBUG 60 --- [           main] org.hibernate.SQL                        : delete from theatre where id=?
2026-03-26T15:35:13.973Z DEBUG 60 --- [           main] org.hibernate.SQL                        : delete from theatre where id=?
2026-03-26T15:35:13.975Z DEBUG 60 --- [           main] org.hibernate.SQL                        : select f1_0.id,f1_0.campaign_id,f1_0.color,f1_0.faction_key,f1_0.name,f1_0.is_player_controlled,f1_0.type from faction f1_0
2026-03-26T15:35:13.977Z DEBUG 60 --- [           main] org.hibernate.SQL                        : delete from faction where id=?
2026-03-26T15:35:13.978Z DEBUG 60 --- [           main] org.hibernate.SQL                        : delete from faction where id=?
2026-03-26T15:35:13.979Z DEBUG 60 --- [           main] org.hibernate.SQL                        : delete from faction where id=?
2026-03-26T15:35:13.981Z DEBUG 60 --- [           main] org.hibernate.SQL                        : select c1_0.id,c1_0.campaign_status,c1_0.created_by_user_id,c1_0.current_phase,c1_0.current_turn_number,c1_0.fog_of_war_enabled,c1_0.gm_controls_enabled,c1_0.name,c1_0.phase_ends_at,c1_0.phase_started_at,c1_0.ruleset_version,c1_0.timers_enabled from campaign c1_0
2026-03-26T15:35:13.983Z DEBUG 60 --- [           main] org.hibernate.SQL                        : delete from campaign where id=?
2026-03-26T15:35:13.983Z DEBUG 60 --- [           main] org.hibernate.SQL                        : delete from campaign where id=?
2026-03-26T15:35:13.985Z DEBUG 60 --- [           main] org.hibernate.SQL                        : select u1_0.id,u1_0.active,u1_0.display_name,u1_0.email from app_user u1_0
2026-03-26T15:35:13.986Z DEBUG 60 --- [           main] org.hibernate.SQL                        : delete from app_user where id=?
2026-03-26T15:35:13.987Z DEBUG 60 --- [           main] org.hibernate.SQL                        : delete from app_user where id=?
2026-03-26T15:35:13.987Z DEBUG 60 --- [           main] org.hibernate.SQL                        : delete from app_user where id=?
2026-03-26T15:35:13.989Z DEBUG 60 --- [           main] org.hibernate.SQL                        : insert into app_user (active,display_name,email,id) values (?,?,?,?)
2026-03-26T15:35:13.990Z DEBUG 60 --- [           main] org.hibernate.SQL                        : insert into app_user (active,display_name,email,id) values (?,?,?,?)
2026-03-26T15:35:13.991Z DEBUG 60 --- [           main] org.hibernate.SQL                        : insert into app_user (active,display_name,email,id) values (?,?,?,?)
2026-03-26T15:35:13.993Z DEBUG 60 --- [           main] org.hibernate.SQL                        : insert into campaign (campaign_status,created_by_user_id,current_phase,current_turn_number,fog_of_war_enabled,gm_controls_enabled,name,phase_ends_at,phase_started_at,ruleset_version,timers_enabled,id) values (?,?,?,?,?,?,?,?,?,?,?,?)
2026-03-26T15:35:13.995Z DEBUG 60 --- [           main] org.hibernate.SQL                        : insert into theatre (active,campaign_id,display_order,name,theatre_key,id) values (?,?,?,?,?,?)
2026-03-26T15:35:13.996Z DEBUG 60 --- [           main] org.hibernate.SQL                        : insert into faction (campaign_id,color,faction_key,name,is_player_controlled,type,id) values (?,?,?,?,?,?,?)
2026-03-26T15:35:13.998Z DEBUG 60 --- [           main] org.hibernate.SQL                        : insert into faction (campaign_id,color,faction_key,name,is_player_controlled,type,id) values (?,?,?,?,?,?,?)
2026-03-26T15:35:13.999Z DEBUG 60 --- [           main] org.hibernate.SQL                        : insert into nation (campaign_id,doctrine_profile_key,faction_id,metadata_json,name,nation_key,is_npc,id) values (?,?,?,?,?,?,?,?)
2026-03-26T15:35:14.001Z DEBUG 60 --- [           main] org.hibernate.SQL                        : insert into nation (campaign_id,doctrine_profile_key,faction_id,metadata_json,name,nation_key,is_npc,id) values (?,?,?,?,?,?,?,?)
2026-03-26T15:35:14.002Z DEBUG 60 --- [           main] org.hibernate.SQL                        : insert into campaign_member (campaign_id,faction_id,nation_id,role,user_id,id) values (?,?,?,?,?,?)
2026-03-26T15:35:14.004Z DEBUG 60 --- [           main] org.hibernate.SQL                        : insert into campaign_member (campaign_id,faction_id,nation_id,role,user_id,id) values (?,?,?,?,?,?)
2026-03-26T15:35:14.005Z DEBUG 60 --- [           main] org.hibernate.SQL                        : insert into campaign_member (campaign_id,faction_id,nation_id,role,user_id,id) values (?,?,?,?,?,?)
2026-03-26T15:35:14.006Z DEBUG 60 --- [           main] org.hibernate.SQL                        : insert into territory (base_industry,base_manpower,campaign_id,has_airfield,has_port,theatre_key,max_fort_level,metadata_json,name,strategic_tags_json,terrain_type,territory_key,theatre_id,id) values (?,?,?,?,?,?,?,?,?,?,?,?,?,?)
2026-03-26T15:35:14.008Z DEBUG 60 --- [           main] org.hibernate.SQL                        : insert into territory (base_industry,base_manpower,campaign_id,has_airfield,has_port,theatre_key,max_fort_level,metadata_json,name,strategic_tags_json,terrain_type,territory_key,theatre_id,id) values (?,?,?,?,?,?,?,?,?,?,?,?,?,?)
2026-03-26T15:35:14.010Z DEBUG 60 --- [           main] org.hibernate.SQL                        : insert into turn (campaign_id,ends_at,phase,starts_at,turn_number,id) values (?,?,?,?,?,?)
2026-03-26T15:35:14.012Z DEBUG 60 --- [           main] org.hibernate.SQL                        : insert into territory_state (controller_nation_id,controlling_faction_id,damage_json,fort_level,control_status,notes,partisan_risk,strategic_status,supply_status,territory_id,turn_id,id) values (?,?,?,?,?,?,?,?,?,?,?,?)
2026-03-26T15:35:14.014Z DEBUG 60 --- [           main] org.hibernate.SQL                        : insert into territory_state (controller_nation_id,controlling_faction_id,damage_json,fort_level,control_status,notes,partisan_risk,strategic_status,supply_status,territory_id,turn_id,id) values (?,?,?,?,?,?,?,?,?,?,?,?)
2026-03-26T15:35:14.015Z DEBUG 60 --- [           main] org.hibernate.SQL                        : insert into platoon (assigned_member_id,campaign_id,faction_id,hidden_from_players,home_territory_id,name,nation_id,platoon_key,unit_type,id) values (?,?,?,?,?,?,?,?,?,?)
2026-03-26T15:35:14.016Z DEBUG 60 --- [           main] org.hibernate.SQL                        : insert into platoon (assigned_member_id,campaign_id,faction_id,hidden_from_players,home_territory_id,name,nation_id,platoon_key,unit_type,id) values (?,?,?,?,?,?,?,?,?,?)
2026-03-26T15:35:14.018Z DEBUG 60 --- [           main] org.hibernate.SQL                        : insert into platoon_state (notes,platoon_id,readiness_status,strength,territory_id,turn_id,id) values (?,?,?,?,?,?,?)
2026-03-26T15:35:14.020Z DEBUG 60 --- [           main] org.hibernate.SQL                        : insert into platoon_state (notes,platoon_id,readiness_status,strength,territory_id,turn_id,id) values (?,?,?,?,?,?,?)
2026-03-26T15:35:14.024Z DEBUG 60 --- [           main] org.hibernate.SQL                        : select u1_0.id,u1_0.active,u1_0.display_name,u1_0.email from app_user u1_0 where upper(u1_0.email)=upper(?)
2026-03-26T15:35:14.025Z DEBUG 60 --- [           main] s.w.s.m.m.a.RequestMappingHandlerMapping : Mapped to com.warcampaign.backend.controller.CampaignController#resolveTurn(UUID, int)
2026-03-26T15:35:14.031Z DEBUG 60 --- [           main] org.hibernate.SQL                        : select cm1_0.id,cm1_0.campaign_id,c1_0.id,c1_0.campaign_status,c1_0.created_by_user_id,cb1_0.id,cb1_0.active,cb1_0.display_name,cb1_0.email,c1_0.current_phase,c1_0.current_turn_number,c1_0.fog_of_war_enabled,c1_0.gm_controls_enabled,c1_0.name,c1_0.phase_ends_at,c1_0.phase_started_at,c1_0.ruleset_version,c1_0.timers_enabled,f1_0.id,f1_0.campaign_id,f1_0.color,f1_0.faction_key,f1_0.name,f1_0.is_player_controlled,f1_0.type,n1_0.id,n1_0.campaign_id,n1_0.doctrine_profile_key,n1_0.faction_id,n1_0.metadata_json,n1_0.name,n1_0.nation_key,n1_0.is_npc,cm1_0.role,cm1_0.user_id,u1_0.id,u1_0.active,u1_0.display_name,u1_0.email from campaign_member cm1_0 join campaign c1_0 on c1_0.id=cm1_0.campaign_id left join app_user cb1_0 on cb1_0.id=c1_0.created_by_user_id left join faction f1_0 on f1_0.id=cm1_0.faction_id left join nation n1_0 on n1_0.id=cm1_0.nation_id join app_user u1_0 on u1_0.id=cm1_0.user_id where cm1_0.campaign_id=? and cm1_0.user_id=?
2026-03-26T15:35:14.034Z DEBUG 60 --- [           main] .m.m.a.ExceptionHandlerExceptionResolver : Using @ExceptionHandler com.warcampaign.backend.api.ApiExceptionHandler#handleApiException(ApiException, HttpServletRequest)
2026-03-26T15:35:14.034Z DEBUG 60 --- [           main] o.s.w.s.m.m.a.HttpEntityMethodProcessor  : Using 'application/json', given [*/*] and supported [application/json, application/*+json]
2026-03-26T15:35:14.034Z DEBUG 60 --- [           main] o.s.w.s.m.m.a.HttpEntityMethodProcessor  : Writing [ApiErrorResponse[timestamp=2026-03-26T15:35:14.034590773Z, code=CAMPAIGN_FORBIDDEN, message=GM role  (truncated)...]
2026-03-26T15:35:14.035Z DEBUG 60 --- [           main] .m.m.a.ExceptionHandlerExceptionResolver : Resolved [com.warcampaign.backend.exception.ApiException: GM role required for resolution]
2026-03-26T15:35:14.038Z DEBUG 60 --- [           main] org.hibernate.SQL                        : select u1_0.id,u1_0.active,u1_0.display_name,u1_0.email from app_user u1_0 where upper(u1_0.email)=upper(?)
2026-03-26T15:35:14.040Z DEBUG 60 --- [           main] s.w.s.m.m.a.RequestMappingHandlerMapping : Mapped to com.warcampaign.backend.controller.CampaignController#getResolution(UUID, int)
2026-03-26T15:35:14.046Z DEBUG 60 --- [           main] org.hibernate.SQL                        : select cm1_0.id,cm1_0.campaign_id,c1_0.id,c1_0.campaign_status,c1_0.created_by_user_id,cb1_0.id,cb1_0.active,cb1_0.display_name,cb1_0.email,c1_0.current_phase,c1_0.current_turn_number,c1_0.fog_of_war_enabled,c1_0.gm_controls_enabled,c1_0.name,c1_0.phase_ends_at,c1_0.phase_started_at,c1_0.ruleset_version,c1_0.timers_enabled,f1_0.id,f1_0.campaign_id,f1_0.color,f1_0.faction_key,f1_0.name,f1_0.is_player_controlled,f1_0.type,n1_0.id,n1_0.campaign_id,n1_0.doctrine_profile_key,n1_0.faction_id,n1_0.metadata_json,n1_0.name,n1_0.nation_key,n1_0.is_npc,cm1_0.role,cm1_0.user_id,u1_0.id,u1_0.active,u1_0.display_name,u1_0.email from campaign_member cm1_0 join campaign c1_0 on c1_0.id=cm1_0.campaign_id left join app_user cb1_0 on cb1_0.id=c1_0.created_by_user_id left join faction f1_0 on f1_0.id=cm1_0.faction_id left join nation n1_0 on n1_0.id=cm1_0.nation_id join app_user u1_0 on u1_0.id=cm1_0.user_id where cm1_0.campaign_id=? and cm1_0.user_id=?
2026-03-26T15:35:14.048Z DEBUG 60 --- [           main] .m.m.a.ExceptionHandlerExceptionResolver : Using @ExceptionHandler com.warcampaign.backend.api.ApiExceptionHandler#handleApiException(ApiException, HttpServletRequest)
2026-03-26T15:35:14.049Z DEBUG 60 --- [           main] o.s.w.s.m.m.a.HttpEntityMethodProcessor  : Using 'application/json', given [*/*] and supported [application/json, application/*+json]
2026-03-26T15:35:14.049Z DEBUG 60 --- [           main] o.s.w.s.m.m.a.HttpEntityMethodProcessor  : Writing [ApiErrorResponse[timestamp=2026-03-26T15:35:14.048944537Z, code=CAMPAIGN_FORBIDDEN, message=GM role  (truncated)...]
2026-03-26T15:35:14.049Z DEBUG 60 --- [           main] .m.m.a.ExceptionHandlerExceptionResolver : Resolved [com.warcampaign.backend.exception.ApiException: GM role required for resolution]
]]></system-out>
  </testcase>
  <testcase name="gmCanReadGeneratedResolutionSummary" classname="com.warcampaign.backend.integration.CampaignResolutionIntegrationTest" time="0.432">
    <system-out><![CDATA[2026-03-26T15:35:14.060Z DEBUG 60 --- [           main] org.hibernate.SQL                        : select n1_0.id,n1_0.body,n1_0.campaign_id,n1_0.created_at,n1_0.payload_json,n1_0.read_at,n1_0.recipient_user_id,n1_0.title,n1_0.type from notification n1_0
2026-03-26T15:35:14.062Z DEBUG 60 --- [           main] org.hibernate.SQL                        : select vs1_0.id,vs1_0.campaign_id,vs1_0.confidence_score,vs1_0.decay_turn,vs1_0.source_type,vs1_0.territory_id,vs1_0.turn_number,vs1_0.updated_at,vs1_0.viewer_faction_id,vs1_0.visibility_level,vs1_0.visible_forces_summary,vs1_0.visible_fort_level,vs1_0.visible_owner_faction_id from visibility_state vs1_0
2026-03-26T15:35:14.064Z DEBUG 60 --- [           main] org.hibernate.SQL                        : select re1_0.id,re1_0.actor_faction_id,re1_0.campaign_id,re1_0.created_at,re1_0.created_by_member_id,re1_0.created_by_type,re1_0.event_type,re1_0.payload_json,re1_0.phase,re1_0.target_faction_id,re1_0.territory_id,re1_0.turn_number,re1_0.viewer_faction_id,re1_0.visibility_scope from resolution_event re1_0
2026-03-26T15:35:14.066Z DEBUG 60 --- [           main] org.hibernate.SQL                        : select bp1_0.id,bp1_0.battle_id,bp1_0.created_at,bp1_0.platoon_id,bp1_0.post_condition_band,bp1_0.pre_condition_band,bp1_0.side from battle_participant bp1_0
2026-03-26T15:35:14.067Z DEBUG 60 --- [           main] org.hibernate.SQL                        : select b1_0.id,b1_0.attacker_faction_id,b1_0.battle_mode,b1_0.battle_status,b1_0.campaign_id,b1_0.created_at,b1_0.defender_faction_id,b1_0.scenario_key,b1_0.scheduled_for,b1_0.strategic_result_json,b1_0.tabletop_result_summary,b1_0.territory_id,b1_0.turn_number from battle b1_0
2026-03-26T15:35:14.069Z DEBUG 60 --- [           main] org.hibernate.SQL                        : select cal1_0.id,cal1_0.action_type,cal1_0.actor_member_id,cal1_0.actor_type,cal1_0.actor_user_id,cal1_0.after_json,cal1_0.before_json,cal1_0.campaign_id,cal1_0.created_at,cal1_0.entity_id,cal1_0.entity_type from campaign_audit_log cal1_0
2026-03-26T15:35:14.070Z DEBUG 60 --- [           main] org.hibernate.SQL                        : select po1_0.id,po1_0.created_at,po1_0.order_submission_id,po1_0.order_type,po1_0.payload_json,po1_0.platoon_id,po1_0.source_territory_id,po1_0.target_territory_id,po1_0.validation_errors_json,po1_0.validation_status from platoon_order po1_0
2026-03-26T15:35:14.072Z DEBUG 60 --- [           main] org.hibernate.SQL                        : select os1_0.id,os1_0.campaign_id,os1_0.checksum,os1_0.faction_id,os1_0.locked_at,os1_0.reveal_at,os1_0.status,os1_0.submitted_at,os1_0.submitted_by_member_id,os1_0.turn_number from order_submission os1_0
2026-03-26T15:35:14.074Z DEBUG 60 --- [           main] org.hibernate.SQL                        : select ps1_0.id,ps1_0.notes,ps1_0.platoon_id,ps1_0.readiness_status,ps1_0.strength,ps1_0.territory_id,ps1_0.turn_id from platoon_state ps1_0
2026-03-26T15:35:14.075Z DEBUG 60 --- [           main] org.hibernate.SQL                        : delete from platoon_state where id=?
2026-03-26T15:35:14.076Z DEBUG 60 --- [           main] org.hibernate.SQL                        : delete from platoon_state where id=?
2026-03-26T15:35:14.078Z DEBUG 60 --- [           main] org.hibernate.SQL                        : select ts1_0.id,ts1_0.controller_nation_id,ts1_0.controlling_faction_id,ts1_0.damage_json,ts1_0.fort_level,ts1_0.control_status,ts1_0.notes,ts1_0.partisan_risk,ts1_0.strategic_status,ts1_0.supply_status,ts1_0.territory_id,ts1_0.turn_id from territory_state ts1_0
2026-03-26T15:35:14.080Z DEBUG 60 --- [           main] org.hibernate.SQL                        : delete from territory_state where id=?
2026-03-26T15:35:14.080Z DEBUG 60 --- [           main] org.hibernate.SQL                        : delete from territory_state where id=?
2026-03-26T15:35:14.082Z DEBUG 60 --- [           main] org.hibernate.SQL                        : select p1_0.id,p1_0.assigned_member_id,p1_0.campaign_id,p1_0.faction_id,p1_0.hidden_from_players,p1_0.home_territory_id,p1_0.name,p1_0.nation_id,p1_0.platoon_key,p1_0.unit_type from platoon p1_0
2026-03-26T15:35:14.084Z DEBUG 60 --- [           main] org.hibernate.SQL                        : delete from platoon where id=?
2026-03-26T15:35:14.084Z DEBUG 60 --- [           main] org.hibernate.SQL                        : delete from platoon where id=?
2026-03-26T15:35:14.086Z DEBUG 60 --- [           main] org.hibernate.SQL                        : select ci1_0.id,ci1_0.campaign_id,ci1_0.expires_at,ci1_0.intended_role,ci1_0.invite_token,ci1_0.invited_by_user_id,ci1_0.invitee_email,ci1_0.status from campaign_invite ci1_0
2026-03-26T15:35:14.087Z DEBUG 60 --- [           main] org.hibernate.SQL                        : select cm1_0.id,cm1_0.campaign_id,cm1_0.faction_id,cm1_0.nation_id,cm1_0.role,cm1_0.user_id from campaign_member cm1_0
2026-03-26T15:35:14.089Z DEBUG 60 --- [           main] org.hibernate.SQL                        : delete from campaign_member where id=?
2026-03-26T15:35:14.089Z DEBUG 60 --- [           main] org.hibernate.SQL                        : delete from campaign_member where id=?
2026-03-26T15:35:14.090Z DEBUG 60 --- [           main] org.hibernate.SQL                        : delete from campaign_member where id=?
2026-03-26T15:35:14.092Z DEBUG 60 --- [           main] org.hibernate.SQL                        : select n1_0.id,n1_0.campaign_id,n1_0.doctrine_profile_key,n1_0.faction_id,n1_0.metadata_json,n1_0.name,n1_0.nation_key,n1_0.is_npc from nation n1_0
2026-03-26T15:35:14.093Z DEBUG 60 --- [           main] org.hibernate.SQL                        : delete from nation where id=?
2026-03-26T15:35:14.094Z DEBUG 60 --- [           main] org.hibernate.SQL                        : delete from nation where id=?
2026-03-26T15:35:14.096Z DEBUG 60 --- [           main] org.hibernate.SQL                        : select t1_0.id,t1_0.base_industry,t1_0.base_manpower,t1_0.campaign_id,t1_0.has_airfield,t1_0.has_port,t1_0.theatre_key,t1_0.max_fort_level,t1_0.metadata_json,t1_0.name,t1_0.strategic_tags_json,t1_0.terrain_type,t1_0.territory_key,t1_0.theatre_id from territory t1_0
2026-03-26T15:35:14.098Z DEBUG 60 --- [           main] org.hibernate.SQL                        : delete from territory where id=?
2026-03-26T15:35:14.098Z DEBUG 60 --- [           main] org.hibernate.SQL                        : delete from territory where id=?
2026-03-26T15:35:14.100Z DEBUG 60 --- [           main] org.hibernate.SQL                        : select t1_0.id,t1_0.campaign_id,t1_0.ends_at,t1_0.phase,t1_0.starts_at,t1_0.turn_number from turn t1_0
2026-03-26T15:35:14.102Z DEBUG 60 --- [           main] org.hibernate.SQL                        : delete from turn where id=?
2026-03-26T15:35:14.104Z DEBUG 60 --- [           main] org.hibernate.SQL                        : select t1_0.id,t1_0.active,t1_0.campaign_id,t1_0.display_order,t1_0.name,t1_0.theatre_key from theatre t1_0
2026-03-26T15:35:14.105Z DEBUG 60 --- [           main] org.hibernate.SQL                        : delete from theatre where id=?
2026-03-26T15:35:14.106Z DEBUG 60 --- [           main] org.hibernate.SQL                        : select f1_0.id,f1_0.campaign_id,f1_0.color,f1_0.faction_key,f1_0.name,f1_0.is_player_controlled,f1_0.type from faction f1_0
2026-03-26T15:35:14.108Z DEBUG 60 --- [           main] org.hibernate.SQL                        : delete from faction where id=?
2026-03-26T15:35:14.108Z DEBUG 60 --- [           main] org.hibernate.SQL                        : delete from faction where id=?
2026-03-26T15:35:14.110Z DEBUG 60 --- [           main] org.hibernate.SQL                        : select c1_0.id,c1_0.campaign_status,c1_0.created_by_user_id,c1_0.current_phase,c1_0.current_turn_number,c1_0.fog_of_war_enabled,c1_0.gm_controls_enabled,c1_0.name,c1_0.phase_ends_at,c1_0.phase_started_at,c1_0.ruleset_version,c1_0.timers_enabled from campaign c1_0
2026-03-26T15:35:14.111Z DEBUG 60 --- [           main] org.hibernate.SQL                        : delete from campaign where id=?
2026-03-26T15:35:14.113Z DEBUG 60 --- [           main] org.hibernate.SQL                        : select u1_0.id,u1_0.active,u1_0.display_name,u1_0.email from app_user u1_0
2026-03-26T15:35:14.114Z DEBUG 60 --- [           main] org.hibernate.SQL                        : delete from app_user where id=?
2026-03-26T15:35:14.115Z DEBUG 60 --- [           main] org.hibernate.SQL                        : delete from app_user where id=?
2026-03-26T15:35:14.115Z DEBUG 60 --- [           main] org.hibernate.SQL                        : delete from app_user where id=?
2026-03-26T15:35:14.116Z DEBUG 60 --- [           main] org.hibernate.SQL                        : insert into app_user (active,display_name,email,id) values (?,?,?,?)
2026-03-26T15:35:14.117Z DEBUG 60 --- [           main] org.hibernate.SQL                        : insert into app_user (active,display_name,email,id) values (?,?,?,?)
2026-03-26T15:35:14.119Z DEBUG 60 --- [           main] org.hibernate.SQL                        : insert into app_user (active,display_name,email,id) values (?,?,?,?)
2026-03-26T15:35:14.120Z DEBUG 60 --- [           main] org.hibernate.SQL                        : insert into campaign (campaign_status,created_by_user_id,current_phase,current_turn_number,fog_of_war_enabled,gm_controls_enabled,name,phase_ends_at,phase_started_at,ruleset_version,timers_enabled,id) values (?,?,?,?,?,?,?,?,?,?,?,?)
2026-03-26T15:35:14.121Z DEBUG 60 --- [           main] org.hibernate.SQL                        : insert into theatre (active,campaign_id,display_order,name,theatre_key,id) values (?,?,?,?,?,?)
2026-03-26T15:35:14.122Z DEBUG 60 --- [           main] org.hibernate.SQL                        : insert into faction (campaign_id,color,faction_key,name,is_player_controlled,type,id) values (?,?,?,?,?,?,?)
2026-03-26T15:35:14.124Z DEBUG 60 --- [           main] org.hibernate.SQL                        : insert into faction (campaign_id,color,faction_key,name,is_player_controlled,type,id) values (?,?,?,?,?,?,?)
2026-03-26T15:35:14.125Z DEBUG 60 --- [           main] org.hibernate.SQL                        : insert into nation (campaign_id,doctrine_profile_key,faction_id,metadata_json,name,nation_key,is_npc,id) values (?,?,?,?,?,?,?,?)
2026-03-26T15:35:14.126Z DEBUG 60 --- [           main] org.hibernate.SQL                        : insert into nation (campaign_id,doctrine_profile_key,faction_id,metadata_json,name,nation_key,is_npc,id) values (?,?,?,?,?,?,?,?)
2026-03-26T15:35:14.127Z DEBUG 60 --- [           main] org.hibernate.SQL                        : insert into campaign_member (campaign_id,faction_id,nation_id,role,user_id,id) values (?,?,?,?,?,?)
2026-03-26T15:35:14.128Z DEBUG 60 --- [           main] org.hibernate.SQL                        : insert into campaign_member (campaign_id,faction_id,nation_id,role,user_id,id) values (?,?,?,?,?,?)
2026-03-26T15:35:14.129Z DEBUG 60 --- [           main] org.hibernate.SQL                        : insert into campaign_member (campaign_id,faction_id,nation_id,role,user_id,id) values (?,?,?,?,?,?)
2026-03-26T15:35:14.131Z DEBUG 60 --- [           main] org.hibernate.SQL                        : insert into territory (base_industry,base_manpower,campaign_id,has_airfield,has_port,theatre_key,max_fort_level,metadata_json,name,strategic_tags_json,terrain_type,territory_key,theatre_id,id) values (?,?,?,?,?,?,?,?,?,?,?,?,?,?)
2026-03-26T15:35:14.132Z DEBUG 60 --- [           main] org.hibernate.SQL                        : insert into territory (base_industry,base_manpower,campaign_id,has_airfield,has_port,theatre_key,max_fort_level,metadata_json,name,strategic_tags_json,terrain_type,territory_key,theatre_id,id) values (?,?,?,?,?,?,?,?,?,?,?,?,?,?)
2026-03-26T15:35:14.133Z DEBUG 60 --- [           main] org.hibernate.SQL                        : insert into turn (campaign_id,ends_at,phase,starts_at,turn_number,id) values (?,?,?,?,?,?)
2026-03-26T15:35:14.134Z DEBUG 60 --- [           main] org.hibernate.SQL                        : insert into territory_state (controller_nation_id,controlling_faction_id,damage_json,fort_level,control_status,notes,partisan_risk,strategic_status,supply_status,territory_id,turn_id,id) values (?,?,?,?,?,?,?,?,?,?,?,?)
2026-03-26T15:35:14.136Z DEBUG 60 --- [           main] org.hibernate.SQL                        : insert into territory_state (controller_nation_id,controlling_faction_id,damage_json,fort_level,control_status,notes,partisan_risk,strategic_status,supply_status,territory_id,turn_id,id) values (?,?,?,?,?,?,?,?,?,?,?,?)
2026-03-26T15:35:14.137Z DEBUG 60 --- [           main] org.hibernate.SQL                        : insert into platoon (assigned_member_id,campaign_id,faction_id,hidden_from_players,home_territory_id,name,nation_id,platoon_key,unit_type,id) values (?,?,?,?,?,?,?,?,?,?)
2026-03-26T15:35:14.138Z DEBUG 60 --- [           main] org.hibernate.SQL                        : insert into platoon (assigned_member_id,campaign_id,faction_id,hidden_from_players,home_territory_id,name,nation_id,platoon_key,unit_type,id) values (?,?,?,?,?,?,?,?,?,?)
2026-03-26T15:35:14.140Z DEBUG 60 --- [           main] org.hibernate.SQL                        : insert into platoon_state (notes,platoon_id,readiness_status,strength,territory_id,turn_id,id) values (?,?,?,?,?,?,?)
2026-03-26T15:35:14.141Z DEBUG 60 --- [           main] org.hibernate.SQL                        : insert into platoon_state (notes,platoon_id,readiness_status,strength,territory_id,turn_id,id) values (?,?,?,?,?,?,?)
2026-03-26T15:35:14.144Z DEBUG 60 --- [           main] org.hibernate.SQL                        : select u1_0.id,u1_0.active,u1_0.display_name,u1_0.email from app_user u1_0 where upper(u1_0.email)=upper(?)
2026-03-26T15:35:14.146Z DEBUG 60 --- [           main] s.w.s.m.m.a.RequestMappingHandlerMapping : Mapped to com.warcampaign.backend.controller.CampaignController#saveMyOrders(UUID, int, SaveOrderSubmissionRequest)
2026-03-26T15:35:14.156Z DEBUG 60 --- [           main] m.m.a.RequestResponseBodyMethodProcessor : Read "application/json;charset=UTF-8" to [SaveOrderSubmissionRequest[orders=[OrderLineRequest[platoonId=2d7a8d44-871e-43ea-a1f7-ef231ae5f18a,  (truncated)...]
2026-03-26T15:35:14.164Z DEBUG 60 --- [           main] org.hibernate.SQL                        : select cm1_0.id,cm1_0.campaign_id,c1_0.id,c1_0.campaign_status,c1_0.created_by_user_id,cb1_0.id,cb1_0.active,cb1_0.display_name,cb1_0.email,c1_0.current_phase,c1_0.current_turn_number,c1_0.fog_of_war_enabled,c1_0.gm_controls_enabled,c1_0.name,c1_0.phase_ends_at,c1_0.phase_started_at,c1_0.ruleset_version,c1_0.timers_enabled,f1_0.id,f1_0.campaign_id,f1_0.color,f1_0.faction_key,f1_0.name,f1_0.is_player_controlled,f1_0.type,n1_0.id,n1_0.campaign_id,n1_0.doctrine_profile_key,n1_0.faction_id,n1_0.metadata_json,n1_0.name,n1_0.nation_key,n1_0.is_npc,cm1_0.role,cm1_0.user_id,u1_0.id,u1_0.active,u1_0.display_name,u1_0.email from campaign_member cm1_0 join campaign c1_0 on c1_0.id=cm1_0.campaign_id left join app_user cb1_0 on cb1_0.id=c1_0.created_by_user_id left join faction f1_0 on f1_0.id=cm1_0.faction_id left join nation n1_0 on n1_0.id=cm1_0.nation_id join app_user u1_0 on u1_0.id=cm1_0.user_id where cm1_0.campaign_id=? and cm1_0.user_id=?
2026-03-26T15:35:14.168Z DEBUG 60 --- [           main] org.hibernate.SQL                        : select t1_0.id,t1_0.campaign_id,t1_0.ends_at,t1_0.phase,t1_0.starts_at,t1_0.turn_number from turn t1_0 where t1_0.campaign_id=? and t1_0.turn_number=?
2026-03-26T15:35:14.170Z DEBUG 60 --- [           main] .m.m.a.ExceptionHandlerExceptionResolver : Using @ExceptionHandler com.warcampaign.backend.api.ApiExceptionHandler#handleApiException(ApiException, HttpServletRequest)
2026-03-26T15:35:14.170Z DEBUG 60 --- [           main] o.s.w.s.m.m.a.HttpEntityMethodProcessor  : Using 'application/json', given [*/*] and supported [application/json, application/*+json]
2026-03-26T15:35:14.171Z DEBUG 60 --- [           main] o.s.w.s.m.m.a.HttpEntityMethodProcessor  : Writing [ApiErrorResponse[timestamp=2026-03-26T15:35:14.170649082Z, code=ORDER_PHASE_INVALID, message=Orders  (truncated)...]
2026-03-26T15:35:14.171Z DEBUG 60 --- [           main] .m.m.a.ExceptionHandlerExceptionResolver : Resolved [com.warcampaign.backend.exception.ApiException: Orders can only be edited during the operations phase]
2026-03-26T15:35:14.174Z DEBUG 60 --- [           main] org.hibernate.SQL                        : select c1_0.id,c1_0.campaign_status,c1_0.created_by_user_id,c1_0.current_phase,c1_0.current_turn_number,c1_0.fog_of_war_enabled,c1_0.gm_controls_enabled,c1_0.name,c1_0.phase_ends_at,c1_0.phase_started_at,c1_0.ruleset_version,c1_0.timers_enabled from campaign c1_0 where c1_0.id=?
2026-03-26T15:35:14.176Z DEBUG 60 --- [           main] org.hibernate.SQL                        : update campaign set campaign_status=?,created_by_user_id=?,current_phase=?,current_turn_number=?,fog_of_war_enabled=?,gm_controls_enabled=?,name=?,phase_ends_at=?,phase_started_at=?,ruleset_version=?,timers_enabled=? where id=?
2026-03-26T15:35:14.178Z DEBUG 60 --- [           main] org.hibernate.SQL                        : select t1_0.id,t1_0.campaign_id,t1_0.ends_at,t1_0.phase,t1_0.starts_at,t1_0.turn_number from turn t1_0 where t1_0.campaign_id=? and t1_0.turn_number=?
2026-03-26T15:35:14.180Z DEBUG 60 --- [           main] org.hibernate.SQL                        : select t1_0.id,t1_0.campaign_id,t1_0.ends_at,t1_0.phase,t1_0.starts_at,t1_0.turn_number from turn t1_0 where t1_0.id=?
2026-03-26T15:35:14.182Z DEBUG 60 --- [           main] org.hibernate.SQL                        : update turn set campaign_id=?,ends_at=?,phase=?,starts_at=?,turn_number=? where id=?
2026-03-26T15:35:14.185Z DEBUG 60 --- [           main] org.hibernate.SQL                        : select u1_0.id,u1_0.active,u1_0.display_name,u1_0.email from app_user u1_0 where upper(u1_0.email)=upper(?)
2026-03-26T15:35:14.186Z DEBUG 60 --- [           main] s.w.s.m.m.a.RequestMappingHandlerMapping : Mapped to com.warcampaign.backend.controller.CampaignController#saveMyOrders(UUID, int, SaveOrderSubmissionRequest)
2026-03-26T15:35:14.187Z DEBUG 60 --- [           main] m.m.a.RequestResponseBodyMethodProcessor : Read "application/json;charset=UTF-8" to [SaveOrderSubmissionRequest[orders=[OrderLineRequest[platoonId=2d7a8d44-871e-43ea-a1f7-ef231ae5f18a,  (truncated)...]
2026-03-26T15:35:14.190Z DEBUG 60 --- [           main] org.hibernate.SQL                        : select cm1_0.id,cm1_0.campaign_id,c1_0.id,c1_0.campaign_status,c1_0.created_by_user_id,cb1_0.id,cb1_0.active,cb1_0.display_name,cb1_0.email,c1_0.current_phase,c1_0.current_turn_number,c1_0.fog_of_war_enabled,c1_0.gm_controls_enabled,c1_0.name,c1_0.phase_ends_at,c1_0.phase_started_at,c1_0.ruleset_version,c1_0.timers_enabled,f1_0.id,f1_0.campaign_id,f1_0.color,f1_0.faction_key,f1_0.name,f1_0.is_player_controlled,f1_0.type,n1_0.id,n1_0.campaign_id,n1_0.doctrine_profile_key,n1_0.faction_id,n1_0.metadata_json,n1_0.name,n1_0.nation_key,n1_0.is_npc,cm1_0.role,cm1_0.user_id,u1_0.id,u1_0.active,u1_0.display_name,u1_0.email from campaign_member cm1_0 join campaign c1_0 on c1_0.id=cm1_0.campaign_id left join app_user cb1_0 on cb1_0.id=c1_0.created_by_user_id left join faction f1_0 on f1_0.id=cm1_0.faction_id left join nation n1_0 on n1_0.id=cm1_0.nation_id join app_user u1_0 on u1_0.id=cm1_0.user_id where cm1_0.campaign_id=? and cm1_0.user_id=?
2026-03-26T15:35:14.193Z DEBUG 60 --- [           main] org.hibernate.SQL                        : select t1_0.id,t1_0.campaign_id,t1_0.ends_at,t1_0.phase,t1_0.starts_at,t1_0.turn_number from turn t1_0 where t1_0.campaign_id=? and t1_0.turn_number=?
2026-03-26T15:35:14.197Z DEBUG 60 --- [           main] org.hibernate.SQL                        : select os1_0.id,os1_0.campaign_id,os1_0.checksum,os1_0.faction_id,f1_0.id,f1_0.campaign_id,f1_0.color,f1_0.faction_key,f1_0.name,f1_0.is_player_controlled,f1_0.type,os1_0.locked_at,os1_0.reveal_at,os1_0.status,os1_0.submitted_at,os1_0.submitted_by_member_id,sbm2_0.id,sbm2_0.campaign_id,sbm2_0.faction_id,sbm2_0.nation_id,sbm2_0.role,sbm2_0.user_id,u1_0.id,u1_0.active,u1_0.display_name,u1_0.email,os1_0.turn_number from order_submission os1_0 join faction f1_0 on f1_0.id=os1_0.faction_id join campaign_member sbm2_0 on sbm2_0.id=os1_0.submitted_by_member_id left join app_user u1_0 on u1_0.id=sbm2_0.user_id where os1_0.campaign_id=? and os1_0.turn_number=? and os1_0.submitted_by_member_id=?
2026-03-26T15:35:14.204Z DEBUG 60 --- [           main] org.hibernate.SQL                        : select ps1_0.id,ps1_0.notes,ps1_0.platoon_id,p1_0.id,am1_0.id,am1_0.campaign_id,am1_0.faction_id,am1_0.nation_id,am1_0.role,am1_0.user_id,u1_0.id,u1_0.active,u1_0.display_name,u1_0.email,p1_0.campaign_id,p1_0.faction_id,f2_0.id,f2_0.campaign_id,f2_0.color,f2_0.faction_key,f2_0.name,f2_0.is_player_controlled,f2_0.type,p1_0.hidden_from_players,ht1_0.id,ht1_0.base_industry,ht1_0.base_manpower,ht1_0.campaign_id,ht1_0.has_airfield,ht1_0.has_port,ht1_0.theatre_key,ht1_0.max_fort_level,ht1_0.metadata_json,ht1_0.name,ht1_0.strategic_tags_json,ht1_0.terrain_type,ht1_0.territory_key,ht1_0.theatre_id,p1_0.name,n2_0.id,n2_0.campaign_id,n2_0.doctrine_profile_key,n2_0.faction_id,n2_0.metadata_json,n2_0.name,n2_0.nation_key,n2_0.is_npc,p1_0.platoon_key,p1_0.unit_type,ps1_0.readiness_status,ps1_0.strength,t2_0.id,t2_0.base_industry,t2_0.base_manpower,t2_0.campaign_id,t2_0.has_airfield,t2_0.has_port,t2_0.theatre_key,t2_0.max_fort_level,t2_0.metadata_json,t2_0.name,t2_0.strategic_tags_json,t2_0.terrain_type,t2_0.territory_key,t2_0.theatre_id,ps1_0.turn_id from platoon_state ps1_0 join platoon p1_0 on p1_0.id=ps1_0.platoon_id left join campaign_member am1_0 on am1_0.id=p1_0.assigned_member_id left join app_user u1_0 on u1_0.id=am1_0.user_id left join faction f2_0 on f2_0.id=p1_0.faction_id left join territory ht1_0 on ht1_0.id=p1_0.home_territory_id left join nation n2_0 on n2_0.id=p1_0.nation_id left join territory t2_0 on t2_0.id=ps1_0.territory_id join turn t4_0 on t4_0.id=ps1_0.turn_id where p1_0.campaign_id=? and t4_0.campaign_id=? and t4_0.turn_number=? order by p1_0.name
2026-03-26T15:35:14.211Z DEBUG 60 --- [           main] org.hibernate.SQL                        : select t1_0.id,t1_0.base_industry,t1_0.base_manpower,t1_0.campaign_id,t1_0.has_airfield,t1_0.has_port,t1_0.theatre_key,t1_0.max_fort_level,t1_0.metadata_json,t1_0.name,t1_0.strategic_tags_json,t1_0.terrain_type,t1_0.territory_key,t1_0.theatre_id,t2_0.id,t2_0.active,t2_0.campaign_id,t2_0.display_order,t2_0.name,t2_0.theatre_key from territory t1_0 join theatre t2_0 on t2_0.id=t1_0.theatre_id where t1_0.id=? and t1_0.campaign_id=?
2026-03-26T15:35:14.214Z DEBUG 60 --- [           main] org.hibernate.SQL                        : select t1_0.id,t1_0.base_industry,t1_0.base_manpower,t1_0.campaign_id,t1_0.has_airfield,t1_0.has_port,t1_0.theatre_key,t1_0.max_fort_level,t1_0.metadata_json,t1_0.name,t1_0.strategic_tags_json,t1_0.terrain_type,t1_0.territory_key,t1_0.theatre_id,t2_0.id,t2_0.active,t2_0.campaign_id,t2_0.display_order,t2_0.name,t2_0.theatre_key from territory t1_0 join theatre t2_0 on t2_0.id=t1_0.theatre_id where t1_0.id=? and t1_0.campaign_id=?
2026-03-26T15:35:14.219Z DEBUG 60 --- [           main] org.hibernate.SQL                        : select po1_0.id,po1_0.created_at,po1_0.order_submission_id,po1_0.order_type,po1_0.payload_json,po1_0.platoon_id,po1_0.source_territory_id,po1_0.target_territory_id,po1_0.validation_errors_json,po1_0.validation_status from platoon_order po1_0 where po1_0.order_submission_id=?
2026-03-26T15:35:14.222Z DEBUG 60 --- [           main] org.hibernate.SQL                        : insert into order_submission (campaign_id,checksum,faction_id,locked_at,reveal_at,status,submitted_at,submitted_by_member_id,turn_number,id) values (?,?,?,?,?,?,?,?,?,?)
2026-03-26T15:35:14.223Z DEBUG 60 --- [           main] org.hibernate.SQL                        : insert into platoon_order (order_submission_id,order_type,payload_json,platoon_id,source_territory_id,target_territory_id,validation_errors_json,validation_status,id) values (?,?,?,?,?,?,?,?,?)
2026-03-26T15:35:14.228Z DEBUG 60 --- [           main] m.m.a.RequestResponseBodyMethodProcessor : Using 'application/json', given [*/*] and supported [application/json, application/*+json]
2026-03-26T15:35:14.246Z DEBUG 60 --- [           main] m.m.a.RequestResponseBodyMethodProcessor : Writing [MyOrderSubmissionResponse[submissionId=b70ea28b-2d45-4ed5-828b-70b6b962a749, campaignId=dce76b98-5be (truncated)...]
2026-03-26T15:35:14.254Z DEBUG 60 --- [           main] org.hibernate.SQL                        : select u1_0.id,u1_0.active,u1_0.display_name,u1_0.email from app_user u1_0 where upper(u1_0.email)=upper(?)
2026-03-26T15:35:14.256Z DEBUG 60 --- [           main] s.w.s.m.m.a.RequestMappingHandlerMapping : Mapped to com.warcampaign.backend.controller.CampaignController#lockMyOrders(UUID, int)
2026-03-26T15:35:14.259Z DEBUG 60 --- [           main] org.hibernate.SQL                        : select cm1_0.id,cm1_0.campaign_id,c1_0.id,c1_0.campaign_status,c1_0.created_by_user_id,cb1_0.id,cb1_0.active,cb1_0.display_name,cb1_0.email,c1_0.current_phase,c1_0.current_turn_number,c1_0.fog_of_war_enabled,c1_0.gm_controls_enabled,c1_0.name,c1_0.phase_ends_at,c1_0.phase_started_at,c1_0.ruleset_version,c1_0.timers_enabled,f1_0.id,f1_0.campaign_id,f1_0.color,f1_0.faction_key,f1_0.name,f1_0.is_player_controlled,f1_0.type,n1_0.id,n1_0.campaign_id,n1_0.doctrine_profile_key,n1_0.faction_id,n1_0.metadata_json,n1_0.name,n1_0.nation_key,n1_0.is_npc,cm1_0.role,cm1_0.user_id,u1_0.id,u1_0.active,u1_0.display_name,u1_0.email from campaign_member cm1_0 join campaign c1_0 on c1_0.id=cm1_0.campaign_id left join app_user cb1_0 on cb1_0.id=c1_0.created_by_user_id left join faction f1_0 on f1_0.id=cm1_0.faction_id left join nation n1_0 on n1_0.id=cm1_0.nation_id join app_user u1_0 on u1_0.id=cm1_0.user_id where cm1_0.campaign_id=? and cm1_0.user_id=?
2026-03-26T15:35:14.262Z DEBUG 60 --- [           main] org.hibernate.SQL                        : select t1_0.id,t1_0.campaign_id,t1_0.ends_at,t1_0.phase,t1_0.starts_at,t1_0.turn_number from turn t1_0 where t1_0.campaign_id=? and t1_0.turn_number=?
2026-03-26T15:35:14.266Z DEBUG 60 --- [           main] org.hibernate.SQL                        : select os1_0.id,os1_0.campaign_id,os1_0.checksum,os1_0.faction_id,f1_0.id,f1_0.campaign_id,f1_0.color,f1_0.faction_key,f1_0.name,f1_0.is_player_controlled,f1_0.type,os1_0.locked_at,os1_0.reveal_at,os1_0.status,os1_0.submitted_at,os1_0.submitted_by_member_id,sbm2_0.id,sbm2_0.campaign_id,sbm2_0.faction_id,sbm2_0.nation_id,sbm2_0.role,sbm2_0.user_id,u1_0.id,u1_0.active,u1_0.display_name,u1_0.email,os1_0.turn_number from order_submission os1_0 join faction f1_0 on f1_0.id=os1_0.faction_id join campaign_member sbm2_0 on sbm2_0.id=os1_0.submitted_by_member_id left join app_user u1_0 on u1_0.id=sbm2_0.user_id where os1_0.campaign_id=? and os1_0.turn_number=? and os1_0.submitted_by_member_id=?
2026-03-26T15:35:14.271Z DEBUG 60 --- [           main] org.hibernate.SQL                        : select po1_0.id,po1_0.created_at,po1_0.order_submission_id,po1_0.order_type,po1_0.payload_json,po1_0.platoon_id,p1_0.id,p1_0.assigned_member_id,p1_0.campaign_id,p1_0.faction_id,p1_0.hidden_from_players,p1_0.home_territory_id,p1_0.name,p1_0.nation_id,p1_0.platoon_key,p1_0.unit_type,st1_0.id,st1_0.base_industry,st1_0.base_manpower,st1_0.campaign_id,st1_0.has_airfield,st1_0.has_port,st1_0.theatre_key,st1_0.max_fort_level,st1_0.metadata_json,st1_0.name,st1_0.strategic_tags_json,st1_0.terrain_type,st1_0.territory_key,st1_0.theatre_id,tt1_0.id,tt1_0.base_industry,tt1_0.base_manpower,tt1_0.campaign_id,tt1_0.has_airfield,tt1_0.has_port,tt1_0.theatre_key,tt1_0.max_fort_level,tt1_0.metadata_json,tt1_0.name,tt1_0.strategic_tags_json,tt1_0.terrain_type,tt1_0.territory_key,tt1_0.theatre_id,po1_0.validation_errors_json,po1_0.validation_status from platoon_order po1_0 join platoon p1_0 on p1_0.id=po1_0.platoon_id left join territory st1_0 on st1_0.id=po1_0.source_territory_id left join territory tt1_0 on tt1_0.id=po1_0.target_territory_id where po1_0.order_submission_id=? order by po1_0.created_at
2026-03-26T15:35:14.276Z DEBUG 60 --- [           main] org.hibernate.SQL                        : update order_submission set campaign_id=?,checksum=?,faction_id=?,locked_at=?,reveal_at=?,status=?,submitted_at=?,submitted_by_member_id=?,turn_number=? where id=?
2026-03-26T15:35:14.277Z DEBUG 60 --- [           main] m.m.a.RequestResponseBodyMethodProcessor : Using 'application/json', given [*/*] and supported [application/json, application/*+json]
2026-03-26T15:35:14.277Z DEBUG 60 --- [           main] m.m.a.RequestResponseBodyMethodProcessor : Writing [MyOrderSubmissionResponse[submissionId=b70ea28b-2d45-4ed5-828b-70b6b962a749, campaignId=dce76b98-5be (truncated)...]
2026-03-26T15:35:14.279Z DEBUG 60 --- [           main] org.hibernate.SQL                        : select c1_0.id,c1_0.campaign_status,c1_0.created_by_user_id,c1_0.current_phase,c1_0.current_turn_number,c1_0.fog_of_war_enabled,c1_0.gm_controls_enabled,c1_0.name,c1_0.phase_ends_at,c1_0.phase_started_at,c1_0.ruleset_version,c1_0.timers_enabled from campaign c1_0 where c1_0.id=?
2026-03-26T15:35:14.281Z DEBUG 60 --- [           main] org.hibernate.SQL                        : update campaign set campaign_status=?,created_by_user_id=?,current_phase=?,current_turn_number=?,fog_of_war_enabled=?,gm_controls_enabled=?,name=?,phase_ends_at=?,phase_started_at=?,ruleset_version=?,timers_enabled=? where id=?
2026-03-26T15:35:14.282Z DEBUG 60 --- [           main] org.hibernate.SQL                        : select t1_0.id,t1_0.campaign_id,t1_0.ends_at,t1_0.phase,t1_0.starts_at,t1_0.turn_number from turn t1_0 where t1_0.id=?
2026-03-26T15:35:14.283Z DEBUG 60 --- [           main] org.hibernate.SQL                        : update turn set campaign_id=?,ends_at=?,phase=?,starts_at=?,turn_number=? where id=?
2026-03-26T15:35:14.286Z DEBUG 60 --- [           main] org.hibernate.SQL                        : select u1_0.id,u1_0.active,u1_0.display_name,u1_0.email from app_user u1_0 where upper(u1_0.email)=upper(?)
2026-03-26T15:35:14.287Z DEBUG 60 --- [           main] s.w.s.m.m.a.RequestMappingHandlerMapping : Mapped to com.warcampaign.backend.controller.CampaignController#resolveTurn(UUID, int)
2026-03-26T15:35:14.290Z DEBUG 60 --- [           main] org.hibernate.SQL                        : select cm1_0.id,cm1_0.campaign_id,c1_0.id,c1_0.campaign_status,c1_0.created_by_user_id,cb1_0.id,cb1_0.active,cb1_0.display_name,cb1_0.email,c1_0.current_phase,c1_0.current_turn_number,c1_0.fog_of_war_enabled,c1_0.gm_controls_enabled,c1_0.name,c1_0.phase_ends_at,c1_0.phase_started_at,c1_0.ruleset_version,c1_0.timers_enabled,f1_0.id,f1_0.campaign_id,f1_0.color,f1_0.faction_key,f1_0.name,f1_0.is_player_controlled,f1_0.type,n1_0.id,n1_0.campaign_id,n1_0.doctrine_profile_key,n1_0.faction_id,n1_0.metadata_json,n1_0.name,n1_0.nation_key,n1_0.is_npc,cm1_0.role,cm1_0.user_id,u1_0.id,u1_0.active,u1_0.display_name,u1_0.email from campaign_member cm1_0 join campaign c1_0 on c1_0.id=cm1_0.campaign_id left join app_user cb1_0 on cb1_0.id=c1_0.created_by_user_id left join faction f1_0 on f1_0.id=cm1_0.faction_id left join nation n1_0 on n1_0.id=cm1_0.nation_id join app_user u1_0 on u1_0.id=cm1_0.user_id where cm1_0.campaign_id=? and cm1_0.user_id=?
2026-03-26T15:35:14.293Z DEBUG 60 --- [           main] org.hibernate.SQL                        : select t1_0.id,t1_0.campaign_id,t1_0.ends_at,t1_0.phase,t1_0.starts_at,t1_0.turn_number from turn t1_0 where t1_0.campaign_id=? and t1_0.turn_number=?
2026-03-26T15:35:14.298Z DEBUG 60 --- [           main] org.hibernate.SQL                        : select b1_0.id from battle b1_0 where b1_0.campaign_id=? and b1_0.turn_number=? fetch first ? rows only
2026-03-26T15:35:14.301Z DEBUG 60 --- [           main] org.hibernate.SQL                        : select re1_0.id from resolution_event re1_0 where re1_0.campaign_id=? and re1_0.turn_number=? fetch first ? rows only
2026-03-26T15:35:14.306Z DEBUG 60 --- [           main] org.hibernate.SQL                        : select os1_0.id,os1_0.campaign_id,os1_0.checksum,os1_0.faction_id,f1_0.id,f1_0.campaign_id,f1_0.color,f1_0.faction_key,f1_0.name,f1_0.is_player_controlled,f1_0.type,os1_0.locked_at,os1_0.reveal_at,os1_0.status,os1_0.submitted_at,os1_0.submitted_by_member_id,sbm1_0.id,sbm1_0.campaign_id,sbm1_0.faction_id,sbm1_0.nation_id,sbm1_0.role,sbm1_0.user_id,u1_0.id,u1_0.active,u1_0.display_name,u1_0.email,os1_0.turn_number from order_submission os1_0 join faction f1_0 on f1_0.id=os1_0.faction_id join campaign_member sbm1_0 on sbm1_0.id=os1_0.submitted_by_member_id left join app_user u1_0 on u1_0.id=sbm1_0.user_id where os1_0.campaign_id=? and os1_0.turn_number=? order by os1_0.submitted_at
2026-03-26T15:35:14.314Z DEBUG 60 --- [           main] org.hibernate.SQL                        : select po1_0.id,po1_0.created_at,po1_0.order_submission_id,po1_0.order_type,po1_0.payload_json,po1_0.platoon_id,po1_0.source_territory_id,po1_0.target_territory_id,po1_0.validation_errors_json,po1_0.validation_status from platoon_order po1_0 where po1_0.order_submission_id in (?) order by po1_0.created_at
2026-03-26T15:35:14.319Z DEBUG 60 --- [           main] org.hibernate.SQL                        : select ts1_0.id,cn1_0.id,cn1_0.campaign_id,cn1_0.doctrine_profile_key,f1_0.id,f1_0.campaign_id,f1_0.color,f1_0.faction_key,f1_0.name,f1_0.is_player_controlled,f1_0.type,cn1_0.metadata_json,cn1_0.name,cn1_0.nation_key,cn1_0.is_npc,cf1_0.id,cf1_0.campaign_id,cf1_0.color,cf1_0.faction_key,cf1_0.name,cf1_0.is_player_controlled,cf1_0.type,ts1_0.damage_json,ts1_0.fort_level,ts1_0.control_status,ts1_0.notes,ts1_0.partisan_risk,ts1_0.strategic_status,ts1_0.supply_status,ts1_0.territory_id,t1_0.id,t1_0.base_industry,t1_0.base_manpower,t1_0.campaign_id,t1_0.has_airfield,t1_0.has_port,t1_0.theatre_key,t1_0.max_fort_level,t1_0.metadata_json,t1_0.name,t1_0.strategic_tags_json,t1_0.terrain_type,t1_0.territory_key,t1_0.theatre_id,t2_0.id,t2_0.active,t2_0.campaign_id,t2_0.display_order,t2_0.name,t2_0.theatre_key,ts1_0.turn_id from territory_state ts1_0 left join nation cn1_0 on cn1_0.id=ts1_0.controller_nation_id left join faction f1_0 on f1_0.id=cn1_0.faction_id left join faction cf1_0 on cf1_0.id=ts1_0.controlling_faction_id join territory t1_0 on t1_0.id=ts1_0.territory_id left join theatre t2_0 on t2_0.id=t1_0.theatre_id join turn t3_0 on t3_0.id=ts1_0.turn_id where t1_0.campaign_id=? and t3_0.turn_number=?
2026-03-26T15:35:14.326Z DEBUG 60 --- [           main] org.hibernate.SQL                        : select ps1_0.id,ps1_0.notes,ps1_0.platoon_id,p1_0.id,am1_0.id,am1_0.campaign_id,am1_0.faction_id,am1_0.nation_id,am1_0.role,am1_0.user_id,u1_0.id,u1_0.active,u1_0.display_name,u1_0.email,p1_0.campaign_id,p1_0.faction_id,f2_0.id,f2_0.campaign_id,f2_0.color,f2_0.faction_key,f2_0.name,f2_0.is_player_controlled,f2_0.type,p1_0.hidden_from_players,ht1_0.id,ht1_0.base_industry,ht1_0.base_manpower,ht1_0.campaign_id,ht1_0.has_airfield,ht1_0.has_port,ht1_0.theatre_key,ht1_0.max_fort_level,ht1_0.metadata_json,ht1_0.name,ht1_0.strategic_tags_json,ht1_0.terrain_type,ht1_0.territory_key,ht1_0.theatre_id,p1_0.name,n2_0.id,n2_0.campaign_id,n2_0.doctrine_profile_key,n2_0.faction_id,n2_0.metadata_json,n2_0.name,n2_0.nation_key,n2_0.is_npc,p1_0.platoon_key,p1_0.unit_type,ps1_0.readiness_status,ps1_0.strength,t2_0.id,t2_0.base_industry,t2_0.base_manpower,t2_0.campaign_id,t2_0.has_airfield,t2_0.has_port,t2_0.theatre_key,t2_0.max_fort_level,t2_0.metadata_json,t2_0.name,t2_0.strategic_tags_json,t2_0.terrain_type,t2_0.territory_key,t2_0.theatre_id,ps1_0.turn_id from platoon_state ps1_0 join platoon p1_0 on p1_0.id=ps1_0.platoon_id left join campaign_member am1_0 on am1_0.id=p1_0.assigned_member_id left join app_user u1_0 on u1_0.id=am1_0.user_id left join faction f2_0 on f2_0.id=p1_0.faction_id left join territory ht1_0 on ht1_0.id=p1_0.home_territory_id left join nation n2_0 on n2_0.id=p1_0.nation_id left join territory t2_0 on t2_0.id=ps1_0.territory_id join turn t4_0 on t4_0.id=ps1_0.turn_id where p1_0.campaign_id=? and t4_0.campaign_id=? and t4_0.turn_number=? order by p1_0.name
2026-03-26T15:35:14.337Z DEBUG 60 --- [           main] org.hibernate.SQL                        : select cm1_0.id,cm1_0.campaign_id,f1_0.id,f1_0.campaign_id,f1_0.color,f1_0.faction_key,f1_0.name,f1_0.is_player_controlled,f1_0.type,n1_0.id,n1_0.campaign_id,n1_0.doctrine_profile_key,n1_0.faction_id,n1_0.metadata_json,n1_0.name,n1_0.nation_key,n1_0.is_npc,cm1_0.role,cm1_0.user_id,u1_0.id,u1_0.active,u1_0.display_name,u1_0.email from campaign_member cm1_0 left join faction f1_0 on f1_0.id=cm1_0.faction_id left join nation n1_0 on n1_0.id=cm1_0.nation_id join app_user u1_0 on u1_0.id=cm1_0.user_id where cm1_0.campaign_id=? order by u1_0.display_name
2026-03-26T15:35:14.344Z DEBUG 60 --- [           main] org.hibernate.SQL                        : select cm1_0.id,cm1_0.campaign_id,f1_0.id,f1_0.campaign_id,f1_0.color,f1_0.faction_key,f1_0.name,f1_0.is_player_controlled,f1_0.type,n1_0.id,n1_0.campaign_id,n1_0.doctrine_profile_key,n1_0.faction_id,n1_0.metadata_json,n1_0.name,n1_0.nation_key,n1_0.is_npc,cm1_0.role,cm1_0.user_id,u1_0.id,u1_0.active,u1_0.display_name,u1_0.email from campaign_member cm1_0 left join faction f1_0 on f1_0.id=cm1_0.faction_id left join nation n1_0 on n1_0.id=cm1_0.nation_id join app_user u1_0 on u1_0.id=cm1_0.user_id where cm1_0.campaign_id=? order by u1_0.display_name
2026-03-26T15:35:14.349Z DEBUG 60 --- [           main] org.hibernate.SQL                        : insert into resolution_event (actor_faction_id,campaign_id,created_by_member_id,created_by_type,event_type,payload_json,phase,target_faction_id,territory_id,turn_number,viewer_faction_id,visibility_scope,id) values (?,?,?,?,?,?,?,?,?,?,?,?,?)
2026-03-26T15:35:14.349Z DEBUG 60 --- [           main] org.hibernate.SQL                        : insert into battle (attacker_faction_id,battle_mode,battle_status,campaign_id,defender_faction_id,scenario_key,scheduled_for,strategic_result_json,tabletop_result_summary,territory_id,turn_number,id) values (?,?,?,?,?,?,?,?,?,?,?,?)
2026-03-26T15:35:14.350Z DEBUG 60 --- [           main] org.hibernate.SQL                        : insert into battle_participant (battle_id,platoon_id,post_condition_band,pre_condition_band,side,id) values (?,?,?,?,?,?)
2026-03-26T15:35:14.351Z DEBUG 60 --- [           main] org.hibernate.SQL                        : insert into battle_participant (battle_id,platoon_id,post_condition_band,pre_condition_band,side,id) values (?,?,?,?,?,?)
2026-03-26T15:35:14.351Z DEBUG 60 --- [           main] org.hibernate.SQL                        : insert into resolution_event (actor_faction_id,campaign_id,created_by_member_id,created_by_type,event_type,payload_json,phase,target_faction_id,territory_id,turn_number,viewer_faction_id,visibility_scope,id) values (?,?,?,?,?,?,?,?,?,?,?,?,?)
2026-03-26T15:35:14.352Z DEBUG 60 --- [           main] org.hibernate.SQL                        : insert into notification (body,campaign_id,payload_json,read_at,recipient_user_id,title,type,id) values (?,?,?,?,?,?,?,?)
2026-03-26T15:35:14.352Z DEBUG 60 --- [           main] org.hibernate.SQL                        : insert into notification (body,campaign_id,payload_json,read_at,recipient_user_id,title,type,id) values (?,?,?,?,?,?,?,?)
2026-03-26T15:35:14.353Z DEBUG 60 --- [           main] org.hibernate.SQL                        : insert into notification (body,campaign_id,payload_json,read_at,recipient_user_id,title,type,id) values (?,?,?,?,?,?,?,?)
2026-03-26T15:35:14.353Z DEBUG 60 --- [           main] org.hibernate.SQL                        : insert into resolution_event (actor_faction_id,campaign_id,created_by_member_id,created_by_type,event_type,payload_json,phase,target_faction_id,territory_id,turn_number,viewer_faction_id,visibility_scope,id) values (?,?,?,?,?,?,?,?,?,?,?,?,?)
2026-03-26T15:35:14.354Z DEBUG 60 --- [           main] org.hibernate.SQL                        : insert into notification (body,campaign_id,payload_json,read_at,recipient_user_id,title,type,id) values (?,?,?,?,?,?,?,?)
2026-03-26T15:35:14.354Z DEBUG 60 --- [           main] org.hibernate.SQL                        : insert into notification (body,campaign_id,payload_json,read_at,recipient_user_id,title,type,id) values (?,?,?,?,?,?,?,?)
2026-03-26T15:35:14.355Z DEBUG 60 --- [           main] org.hibernate.SQL                        : insert into notification (body,campaign_id,payload_json,read_at,recipient_user_id,title,type,id) values (?,?,?,?,?,?,?,?)
2026-03-26T15:35:14.355Z DEBUG 60 --- [           main] org.hibernate.SQL                        : update order_submission set campaign_id=?,checksum=?,faction_id=?,locked_at=?,reveal_at=?,status=?,submitted_at=?,submitted_by_member_id=?,turn_number=? where id=?
2026-03-26T15:35:14.356Z DEBUG 60 --- [           main] org.hibernate.SQL                        : select os1_0.id,os1_0.campaign_id,os1_0.checksum,os1_0.faction_id,f1_0.id,f1_0.campaign_id,f1_0.color,f1_0.faction_key,f1_0.name,f1_0.is_player_controlled,f1_0.type,os1_0.locked_at,os1_0.reveal_at,os1_0.status,os1_0.submitted_at,os1_0.submitted_by_member_id,sbm1_0.id,sbm1_0.campaign_id,sbm1_0.faction_id,sbm1_0.nation_id,sbm1_0.role,sbm1_0.user_id,u1_0.id,u1_0.active,u1_0.display_name,u1_0.email,os1_0.turn_number from order_submission os1_0 join faction f1_0 on f1_0.id=os1_0.faction_id join campaign_member sbm1_0 on sbm1_0.id=os1_0.submitted_by_member_id left join app_user u1_0 on u1_0.id=sbm1_0.user_id where os1_0.campaign_id=? and os1_0.turn_number=? order by os1_0.submitted_at
2026-03-26T15:35:14.360Z DEBUG 60 --- [           main] org.hibernate.SQL                        : select po1_0.id,po1_0.created_at,po1_0.order_submission_id,po1_0.order_type,po1_0.payload_json,po1_0.platoon_id,po1_0.source_territory_id,po1_0.target_territory_id,po1_0.validation_errors_json,po1_0.validation_status from platoon_order po1_0 where po1_0.order_submission_id in (?) order by po1_0.created_at
2026-03-26T15:35:14.365Z DEBUG 60 --- [           main] org.hibernate.SQL                        : select b1_0.id,b1_0.attacker_faction_id,af1_0.id,af1_0.campaign_id,af1_0.color,af1_0.faction_key,af1_0.name,af1_0.is_player_controlled,af1_0.type,b1_0.battle_mode,b1_0.battle_status,b1_0.campaign_id,b1_0.created_at,b1_0.defender_faction_id,df1_0.id,df1_0.campaign_id,df1_0.color,df1_0.faction_key,df1_0.name,df1_0.is_player_controlled,df1_0.type,b1_0.scenario_key,b1_0.scheduled_for,b1_0.strategic_result_json,b1_0.tabletop_result_summary,b1_0.territory_id,t1_0.id,t1_0.base_industry,t1_0.base_manpower,t1_0.campaign_id,t1_0.has_airfield,t1_0.has_port,t1_0.theatre_key,t1_0.max_fort_level,t1_0.metadata_json,t1_0.name,t1_0.strategic_tags_json,t1_0.terrain_type,t1_0.territory_key,t1_0.theatre_id,b1_0.turn_number from battle b1_0 join faction af1_0 on af1_0.id=b1_0.attacker_faction_id join faction df1_0 on df1_0.id=b1_0.defender_faction_id join territory t1_0 on t1_0.id=b1_0.territory_id where b1_0.campaign_id=? and b1_0.turn_number=? order by b1_0.created_at
2026-03-26T15:35:14.370Z DEBUG 60 --- [           main] org.hibernate.SQL                        : select bp1_0.id,bp1_0.battle_id,bp1_0.created_at,bp1_0.platoon_id,p1_0.id,p1_0.assigned_member_id,p1_0.campaign_id,p1_0.faction_id,f1_0.id,f1_0.campaign_id,f1_0.color,f1_0.faction_key,f1_0.name,f1_0.is_player_controlled,f1_0.type,p1_0.hidden_from_players,p1_0.home_territory_id,p1_0.name,n1_0.id,n1_0.campaign_id,n1_0.doctrine_profile_key,n1_0.faction_id,n1_0.metadata_json,n1_0.name,n1_0.nation_key,n1_0.is_npc,p1_0.platoon_key,p1_0.unit_type,bp1_0.post_condition_band,bp1_0.pre_condition_band,bp1_0.side from battle_participant bp1_0 join platoon p1_0 on p1_0.id=bp1_0.platoon_id left join faction f1_0 on f1_0.id=p1_0.faction_id left join nation n1_0 on n1_0.id=p1_0.nation_id where bp1_0.battle_id=? order by bp1_0.created_at
2026-03-26T15:35:14.377Z DEBUG 60 --- [           main] org.hibernate.SQL                        : select re1_0.id,af1_0.id,af1_0.campaign_id,af1_0.color,af1_0.faction_key,af1_0.name,af1_0.is_player_controlled,af1_0.type,re1_0.campaign_id,re1_0.created_at,cbm1_0.id,cbm1_0.campaign_id,cbm1_0.faction_id,cbm1_0.nation_id,cbm1_0.role,cbm1_0.user_id,u1_0.id,u1_0.active,u1_0.display_name,u1_0.email,re1_0.created_by_type,re1_0.event_type,re1_0.payload_json,re1_0.phase,tf1_0.id,tf1_0.campaign_id,tf1_0.color,tf1_0.faction_key,tf1_0.name,tf1_0.is_player_controlled,tf1_0.type,t1_0.id,t1_0.base_industry,t1_0.base_manpower,t1_0.campaign_id,t1_0.has_airfield,t1_0.has_port,t1_0.theatre_key,t1_0.max_fort_level,t1_0.metadata_json,t1_0.name,t1_0.strategic_tags_json,t1_0.terrain_type,t1_0.territory_key,t1_0.theatre_id,re1_0.turn_number,re1_0.viewer_faction_id,re1_0.visibility_scope from resolution_event re1_0 left join faction af1_0 on af1_0.id=re1_0.actor_faction_id left join campaign_member cbm1_0 on cbm1_0.id=re1_0.created_by_member_id left join app_user u1_0 on u1_0.id=cbm1_0.user_id left join faction tf1_0 on tf1_0.id=re1_0.target_faction_id left join territory t1_0 on t1_0.id=re1_0.territory_id where re1_0.campaign_id=? and re1_0.turn_number=? order by re1_0.created_at
2026-03-26T15:35:14.384Z DEBUG 60 --- [           main] m.m.a.RequestResponseBodyMethodProcessor : Using 'application/json', given [*/*] and supported [application/json, application/*+json]
2026-03-26T15:35:14.406Z DEBUG 60 --- [           main] m.m.a.RequestResponseBodyMethodProcessor : Writing [CampaignResolutionResponse[campaignId=dce76b98-5bed-4ab4-9553-1bb8ca30fce5, turnNumber=1, currentPha (truncated)...]
2026-03-26T15:35:14.438Z DEBUG 60 --- [           main] org.hibernate.SQL                        : select os1_0.id,os1_0.campaign_id,os1_0.checksum,os1_0.faction_id,os1_0.locked_at,os1_0.reveal_at,os1_0.status,os1_0.submitted_at,os1_0.submitted_by_member_id,os1_0.turn_number from order_submission os1_0
2026-03-26T15:35:14.442Z DEBUG 60 --- [           main] org.hibernate.SQL                        : select b1_0.id,b1_0.attacker_faction_id,b1_0.battle_mode,b1_0.battle_status,b1_0.campaign_id,b1_0.created_at,b1_0.defender_faction_id,b1_0.scenario_key,b1_0.scheduled_for,b1_0.strategic_result_json,b1_0.tabletop_result_summary,b1_0.territory_id,b1_0.turn_number from battle b1_0
2026-03-26T15:35:14.445Z DEBUG 60 --- [           main] org.hibernate.SQL                        : select bp1_0.id,bp1_0.battle_id,bp1_0.created_at,bp1_0.platoon_id,bp1_0.post_condition_band,bp1_0.pre_condition_band,bp1_0.side from battle_participant bp1_0
2026-03-26T15:35:14.448Z DEBUG 60 --- [           main] org.hibernate.SQL                        : select re1_0.id,re1_0.actor_faction_id,re1_0.campaign_id,re1_0.created_at,re1_0.created_by_member_id,re1_0.created_by_type,re1_0.event_type,re1_0.payload_json,re1_0.phase,re1_0.target_faction_id,re1_0.territory_id,re1_0.turn_number,re1_0.viewer_faction_id,re1_0.visibility_scope from resolution_event re1_0
2026-03-26T15:35:14.450Z DEBUG 60 --- [           main] org.hibernate.SQL                        : select b1_0.id,b1_0.attacker_faction_id,b1_0.battle_mode,b1_0.battle_status,b1_0.campaign_id,b1_0.created_at,b1_0.defender_faction_id,b1_0.scenario_key,b1_0.scheduled_for,b1_0.strategic_result_json,b1_0.tabletop_result_summary,b1_0.territory_id,b1_0.turn_number from battle b1_0
2026-03-26T15:35:14.453Z DEBUG 60 --- [           main] org.hibernate.SQL                        : select u1_0.id,u1_0.active,u1_0.display_name,u1_0.email from app_user u1_0 where upper(u1_0.email)=upper(?)
2026-03-26T15:35:14.454Z DEBUG 60 --- [           main] s.w.s.m.m.a.RequestMappingHandlerMapping : Mapped to com.warcampaign.backend.controller.CampaignController#getResolution(UUID, int)
2026-03-26T15:35:14.458Z DEBUG 60 --- [           main] org.hibernate.SQL                        : select cm1_0.id,cm1_0.campaign_id,c1_0.id,c1_0.campaign_status,c1_0.created_by_user_id,cb1_0.id,cb1_0.active,cb1_0.display_name,cb1_0.email,c1_0.current_phase,c1_0.current_turn_number,c1_0.fog_of_war_enabled,c1_0.gm_controls_enabled,c1_0.name,c1_0.phase_ends_at,c1_0.phase_started_at,c1_0.ruleset_version,c1_0.timers_enabled,f1_0.id,f1_0.campaign_id,f1_0.color,f1_0.faction_key,f1_0.name,f1_0.is_player_controlled,f1_0.type,n1_0.id,n1_0.campaign_id,n1_0.doctrine_profile_key,n1_0.faction_id,n1_0.metadata_json,n1_0.name,n1_0.nation_key,n1_0.is_npc,cm1_0.role,cm1_0.user_id,u1_0.id,u1_0.active,u1_0.display_name,u1_0.email from campaign_member cm1_0 join campaign c1_0 on c1_0.id=cm1_0.campaign_id left join app_user cb1_0 on cb1_0.id=c1_0.created_by_user_id left join faction f1_0 on f1_0.id=cm1_0.faction_id left join nation n1_0 on n1_0.id=cm1_0.nation_id join app_user u1_0 on u1_0.id=cm1_0.user_id where cm1_0.campaign_id=? and cm1_0.user_id=?
2026-03-26T15:35:14.460Z DEBUG 60 --- [           main] org.hibernate.SQL                        : select t1_0.id,t1_0.campaign_id,t1_0.ends_at,t1_0.phase,t1_0.starts_at,t1_0.turn_number from turn t1_0 where t1_0.campaign_id=? and t1_0.turn_number=?
2026-03-26T15:35:14.464Z DEBUG 60 --- [           main] org.hibernate.SQL                        : select os1_0.id,os1_0.campaign_id,os1_0.checksum,os1_0.faction_id,f1_0.id,f1_0.campaign_id,f1_0.color,f1_0.faction_key,f1_0.name,f1_0.is_player_controlled,f1_0.type,os1_0.locked_at,os1_0.reveal_at,os1_0.status,os1_0.submitted_at,os1_0.submitted_by_member_id,sbm1_0.id,sbm1_0.campaign_id,sbm1_0.faction_id,sbm1_0.nation_id,sbm1_0.role,sbm1_0.user_id,u1_0.id,u1_0.active,u1_0.display_name,u1_0.email,os1_0.turn_number from order_submission os1_0 join faction f1_0 on f1_0.id=os1_0.faction_id join campaign_member sbm1_0 on sbm1_0.id=os1_0.submitted_by_member_id left join app_user u1_0 on u1_0.id=sbm1_0.user_id where os1_0.campaign_id=? and os1_0.turn_number=? order by os1_0.submitted_at
2026-03-26T15:35:14.466Z DEBUG 60 --- [           main] org.hibernate.SQL                        : select po1_0.id,po1_0.created_at,po1_0.order_submission_id,po1_0.order_type,po1_0.payload_json,po1_0.platoon_id,po1_0.source_territory_id,po1_0.target_territory_id,po1_0.validation_errors_json,po1_0.validation_status from platoon_order po1_0 where po1_0.order_submission_id in (?) order by po1_0.created_at
2026-03-26T15:35:14.470Z DEBUG 60 --- [           main] org.hibernate.SQL                        : select b1_0.id,b1_0.attacker_faction_id,af1_0.id,af1_0.campaign_id,af1_0.color,af1_0.faction_key,af1_0.name,af1_0.is_player_controlled,af1_0.type,b1_0.battle_mode,b1_0.battle_status,b1_0.campaign_id,b1_0.created_at,b1_0.defender_faction_id,df1_0.id,df1_0.campaign_id,df1_0.color,df1_0.faction_key,df1_0.name,df1_0.is_player_controlled,df1_0.type,b1_0.scenario_key,b1_0.scheduled_for,b1_0.strategic_result_json,b1_0.tabletop_result_summary,b1_0.territory_id,t1_0.id,t1_0.base_industry,t1_0.base_manpower,t1_0.campaign_id,t1_0.has_airfield,t1_0.has_port,t1_0.theatre_key,t1_0.max_fort_level,t1_0.metadata_json,t1_0.name,t1_0.strategic_tags_json,t1_0.terrain_type,t1_0.territory_key,t1_0.theatre_id,b1_0.turn_number from battle b1_0 join faction af1_0 on af1_0.id=b1_0.attacker_faction_id join faction df1_0 on df1_0.id=b1_0.defender_faction_id join territory t1_0 on t1_0.id=b1_0.territory_id where b1_0.campaign_id=? and b1_0.turn_number=? order by b1_0.created_at
2026-03-26T15:35:14.474Z DEBUG 60 --- [           main] org.hibernate.SQL                        : select bp1_0.id,bp1_0.battle_id,bp1_0.created_at,bp1_0.platoon_id,p1_0.id,p1_0.assigned_member_id,p1_0.campaign_id,p1_0.faction_id,f1_0.id,f1_0.campaign_id,f1_0.color,f1_0.faction_key,f1_0.name,f1_0.is_player_controlled,f1_0.type,p1_0.hidden_from_players,p1_0.home_territory_id,p1_0.name,n1_0.id,n1_0.campaign_id,n1_0.doctrine_profile_key,n1_0.faction_id,n1_0.metadata_json,n1_0.name,n1_0.nation_key,n1_0.is_npc,p1_0.platoon_key,p1_0.unit_type,bp1_0.post_condition_band,bp1_0.pre_condition_band,bp1_0.side from battle_participant bp1_0 join platoon p1_0 on p1_0.id=bp1_0.platoon_id left join faction f1_0 on f1_0.id=p1_0.faction_id left join nation n1_0 on n1_0.id=p1_0.nation_id where bp1_0.battle_id=? order by bp1_0.created_at
2026-03-26T15:35:14.478Z DEBUG 60 --- [           main] org.hibernate.SQL                        : select re1_0.id,af1_0.id,af1_0.campaign_id,af1_0.color,af1_0.faction_key,af1_0.name,af1_0.is_player_controlled,af1_0.type,re1_0.campaign_id,re1_0.created_at,cbm1_0.id,cbm1_0.campaign_id,cbm1_0.faction_id,cbm1_0.nation_id,cbm1_0.role,cbm1_0.user_id,u1_0.id,u1_0.active,u1_0.display_name,u1_0.email,re1_0.created_by_type,re1_0.event_type,re1_0.payload_json,re1_0.phase,tf1_0.id,tf1_0.campaign_id,tf1_0.color,tf1_0.faction_key,tf1_0.name,tf1_0.is_player_controlled,tf1_0.type,t1_0.id,t1_0.base_industry,t1_0.base_manpower,t1_0.campaign_id,t1_0.has_airfield,t1_0.has_port,t1_0.theatre_key,t1_0.max_fort_level,t1_0.metadata_json,t1_0.name,t1_0.strategic_tags_json,t1_0.terrain_type,t1_0.territory_key,t1_0.theatre_id,re1_0.turn_number,re1_0.viewer_faction_id,re1_0.visibility_scope from resolution_event re1_0 left join faction af1_0 on af1_0.id=re1_0.actor_faction_id left join campaign_member cbm1_0 on cbm1_0.id=re1_0.created_by_member_id left join app_user u1_0 on u1_0.id=cbm1_0.user_id left join faction tf1_0 on tf1_0.id=re1_0.target_faction_id left join territory t1_0 on t1_0.id=re1_0.territory_id where re1_0.campaign_id=? and re1_0.turn_number=? order by re1_0.created_at
2026-03-26T15:35:14.481Z DEBUG 60 --- [           main] m.m.a.RequestResponseBodyMethodProcessor : Using 'application/json', given [*/*] and supported [application/json, application/*+json]
2026-03-26T15:35:14.481Z DEBUG 60 --- [           main] m.m.a.RequestResponseBodyMethodProcessor : Writing [CampaignResolutionResponse[campaignId=dce76b98-5bed-4ab4-9553-1bb8ca30fce5, turnNumber=1, currentPha (truncated)...]
]]></system-out>
  </testcase>
  <testcase name="resolutionCannotRunTwice" classname="com.warcampaign.backend.integration.CampaignResolutionIntegrationTest" time="0.323">
    <system-out><![CDATA[2026-03-26T15:35:14.495Z DEBUG 60 --- [           main] org.hibernate.SQL                        : select n1_0.id,n1_0.body,n1_0.campaign_id,n1_0.created_at,n1_0.payload_json,n1_0.read_at,n1_0.recipient_user_id,n1_0.title,n1_0.type from notification n1_0
2026-03-26T15:35:14.497Z DEBUG 60 --- [           main] org.hibernate.SQL                        : delete from notification where id=?
2026-03-26T15:35:14.498Z DEBUG 60 --- [           main] org.hibernate.SQL                        : delete from notification where id=?
2026-03-26T15:35:14.498Z DEBUG 60 --- [           main] org.hibernate.SQL                        : delete from notification where id=?
2026-03-26T15:35:14.499Z DEBUG 60 --- [           main] org.hibernate.SQL                        : delete from notification where id=?
2026-03-26T15:35:14.499Z DEBUG 60 --- [           main] org.hibernate.SQL                        : delete from notification where id=?
2026-03-26T15:35:14.499Z DEBUG 60 --- [           main] org.hibernate.SQL                        : delete from notification where id=?
2026-03-26T15:35:14.501Z DEBUG 60 --- [           main] org.hibernate.SQL                        : select vs1_0.id,vs1_0.campaign_id,vs1_0.confidence_score,vs1_0.decay_turn,vs1_0.source_type,vs1_0.territory_id,vs1_0.turn_number,vs1_0.updated_at,vs1_0.viewer_faction_id,vs1_0.visibility_level,vs1_0.visible_forces_summary,vs1_0.visible_fort_level,vs1_0.visible_owner_faction_id from visibility_state vs1_0
2026-03-26T15:35:14.502Z DEBUG 60 --- [           main] org.hibernate.SQL                        : select re1_0.id,re1_0.actor_faction_id,re1_0.campaign_id,re1_0.created_at,re1_0.created_by_member_id,re1_0.created_by_type,re1_0.event_type,re1_0.payload_json,re1_0.phase,re1_0.target_faction_id,re1_0.territory_id,re1_0.turn_number,re1_0.viewer_faction_id,re1_0.visibility_scope from resolution_event re1_0
2026-03-26T15:35:14.504Z DEBUG 60 --- [           main] org.hibernate.SQL                        : delete from resolution_event where id=?
2026-03-26T15:35:14.504Z DEBUG 60 --- [           main] org.hibernate.SQL                        : delete from resolution_event where id=?
2026-03-26T15:35:14.504Z DEBUG 60 --- [           main] org.hibernate.SQL                        : delete from resolution_event where id=?
[...]
2026-03-26T15:35:15.032Z DEBUG 60 --- [           main] org.hibernate.SQL                        : update order_submission set campaign_id=?,checksum=?,faction_id=?,locked_at=?,reveal_at=?,status=?,submitted_at=?,submitted_by_member_id=?,turn_number=? where id=?
2026-03-26T15:35:15.034Z DEBUG 60 --- [           main] m.m.a.RequestResponseBodyMethodProcessor : Using 'application/json', given [*/*] and supported [application/json, application/*+json]
2026-03-26T15:35:15.034Z DEBUG 60 --- [           main] m.m.a.RequestResponseBodyMethodProcessor : Writing [MyOrderSubmissionResponse[submissionId=2111ca3c-90e5-4bc5-a68f-b4b3241589bb, campaignId=2939c709-eb6 (truncated)...]
2026-03-26T15:35:15.036Z DEBUG 60 --- [           main] org.hibernate.SQL                        : select c1_0.id,c1_0.campaign_status,c1_0.created_by_user_id,c1_0.current_phase,c1_0.current_turn_number,c1_0.fog_of_war_enabled,c1_0.gm_controls_enabled,c1_0.name,c1_0.phase_ends_at,c1_0.phase_started_at,c1_0.ruleset_version,c1_0.timers_enabled from campaign c1_0 where c1_0.id=?
2026-03-26T15:35:15.037Z DEBUG 60 --- [           main] org.hibernate.SQL                        : update campaign set campaign_status=?,created_by_user_id=?,current_phase=?,current_turn_number=?,fog_of_war_enabled=?,gm_controls_enabled=?,name=?,phase_ends_at=?,phase_started_at=?,ruleset_version=?,timers_enabled=? where id=?
2026-03-26T15:35:15.039Z DEBUG 60 --- [           main] org.hibernate.SQL                        : select t1_0.id,t1_0.campaign_id,t1_0.ends_at,t1_0.phase,t1_0.starts_at,t1_0.turn_number from turn t1_0 where t1_0.id=?
2026-03-26T15:35:15.040Z DEBUG 60 --- [           main] org.hibernate.SQL                        : update turn set campaign_id=?,ends_at=?,phase=?,starts_at=?,turn_number=? where id=?
2026-03-26T15:35:15.044Z DEBUG 60 --- [           main] org.hibernate.SQL                        : select u1_0.id,u1_0.active,u1_0.display_name,u1_0.email from app_user u1_0 where upper(u1_0.email)=upper(?)
2026-03-26T15:35:15.046Z DEBUG 60 --- [           main] s.w.s.m.m.a.RequestMappingHandlerMapping : Mapped to com.warcampaign.backend.controller.CampaignController#resolveTurn(UUID, int)
2026-03-26T15:35:15.050Z DEBUG 60 --- [           main] org.hibernate.SQL                        : select cm1_0.id,cm1_0.campaign_id,c1_0.id,c1_0.campaign_status,c1_0.created_by_user_id,cb1_0.id,cb1_0.active,cb1_0.display_name,cb1_0.email,c1_0.current_phase,c1_0.current_turn_number,c1_0.fog_of_war_enabled,c1_0.gm_controls_enabled,c1_0.name,c1_0.phase_ends_at,c1_0.phase_started_at,c1_0.ruleset_version,c1_0.timers_enabled,f1_0.id,f1_0.campaign_id,f1_0.color,f1_0.faction_key,f1_0.name,f1_0.is_player_controlled,f1_0.type,n1_0.id,n1_0.campaign_id,n1_0.doctrine_profile_key,n1_0.faction_id,n1_0.metadata_json,n1_0.name,n1_0.nation_key,n1_0.is_npc,cm1_0.role,cm1_0.user_id,u1_0.id,u1_0.active,u1_0.display_name,u1_0.email from campaign_member cm1_0 join campaign c1_0 on c1_0.id=cm1_0.campaign_id left join app_user cb1_0 on cb1_0.id=c1_0.created_by_user_id left join faction f1_0 on f1_0.id=cm1_0.faction_id left join nation n1_0 on n1_0.id=cm1_0.nation_id join app_user u1_0 on u1_0.id=cm1_0.user_id where cm1_0.campaign_id=? and cm1_0.user_id=?
2026-03-26T15:35:15.054Z DEBUG 60 --- [           main] org.hibernate.SQL                        : select t1_0.id,t1_0.campaign_id,t1_0.ends_at,t1_0.phase,t1_0.starts_at,t1_0.turn_number from turn t1_0 where t1_0.campaign_id=? and t1_0.turn_number=?
2026-03-26T15:35:15.057Z DEBUG 60 --- [           main] org.hibernate.SQL                        : select b1_0.id from battle b1_0 where b1_0.campaign_id=? and b1_0.turn_number=? fetch first ? rows only
2026-03-26T15:35:15.059Z DEBUG 60 --- [           main] org.hibernate.SQL                        : select re1_0.id from resolution_event re1_0 where re1_0.campaign_id=? and re1_0.turn_number=? fetch first ? rows only
2026-03-26T15:35:15.062Z DEBUG 60 --- [           main] org.hibernate.SQL                        : select os1_0.id,os1_0.campaign_id,os1_0.checksum,os1_0.faction_id,f1_0.id,f1_0.campaign_id,f1_0.color,f1_0.faction_key,f1_0.name,f1_0.is_player_controlled,f1_0.type,os1_0.locked_at,os1_0.reveal_at,os1_0.status,os1_0.submitted_at,os1_0.submitted_by_member_id,sbm1_0.id,sbm1_0.campaign_id,sbm1_0.faction_id,sbm1_0.nation_id,sbm1_0.role,sbm1_0.user_id,u1_0.id,u1_0.active,u1_0.display_name,u1_0.email,os1_0.turn_number from order_submission os1_0 join faction f1_0 on f1_0.id=os1_0.faction_id join campaign_member sbm1_0 on sbm1_0.id=os1_0.submitted_by_member_id left join app_user u1_0 on u1_0.id=sbm1_0.user_id where os1_0.campaign_id=? and os1_0.turn_number=? order by os1_0.submitted_at
2026-03-26T15:35:15.066Z DEBUG 60 --- [           main] org.hibernate.SQL                        : select po1_0.id,po1_0.created_at,po1_0.order_submission_id,po1_0.order_type,po1_0.payload_json,po1_0.platoon_id,po1_0.source_territory_id,po1_0.target_territory_id,po1_0.validation_errors_json,po1_0.validation_status from platoon_order po1_0 where po1_0.order_submission_id in (?) order by po1_0.created_at
2026-03-26T15:35:15.070Z DEBUG 60 --- [           main] org.hibernate.SQL                        : select ts1_0.id,cn1_0.id,cn1_0.campaign_id,cn1_0.doctrine_profile_key,f1_0.id,f1_0.campaign_id,f1_0.color,f1_0.faction_key,f1_0.name,f1_0.is_player_controlled,f1_0.type,cn1_0.metadata_json,cn1_0.name,cn1_0.nation_key,cn1_0.is_npc,cf1_0.id,cf1_0.campaign_id,cf1_0.color,cf1_0.faction_key,cf1_0.name,cf1_0.is_player_controlled,cf1_0.type,ts1_0.damage_json,ts1_0.fort_level,ts1_0.control_status,ts1_0.notes,ts1_0.partisan_risk,ts1_0.strategic_status,ts1_0.supply_status,ts1_0.territory_id,t1_0.id,t1_0.base_industry,t1_0.base_manpower,t1_0.campaign_id,t1_0.has_airfield,t1_0.has_port,t1_0.theatre_key,t1_0.max_fort_level,t1_0.metadata_json,t1_0.name,t1_0.strategic_tags_json,t1_0.terrain_type,t1_0.territory_key,t1_0.theatre_id,t2_0.id,t2_0.active,t2_0.campaign_id,t2_0.display_order,t2_0.name,t2_0.theatre_key,ts1_0.turn_id from territory_state ts1_0 left join nation cn1_0 on cn1_0.id=ts1_0.controller_nation_id left join faction f1_0 on f1_0.id=cn1_0.faction_id left join faction cf1_0 on cf1_0.id=ts1_0.controlling_faction_id join territory t1_0 on t1_0.id=ts1_0.territory_id left join theatre t2_0 on t2_0.id=t1_0.theatre_id join turn t3_0 on t3_0.id=ts1_0.turn_id where t1_0.campaign_id=? and t3_0.turn_number=?
2026-03-26T15:35:15.096Z DEBUG 60 --- [           main] org.hibernate.SQL                        : select ps1_0.id,ps1_0.notes,ps1_0.platoon_id,p1_0.id,am1_0.id,am1_0.campaign_id,am1_0.faction_id,am1_0.nation_id,am1_0.role,am1_0.user_id,u1_0.id,u1_0.active,u1_0.display_name,u1_0.email,p1_0.campaign_id,p1_0.faction_id,f2_0.id,f2_0.campaign_id,f2_0.color,f2_0.faction_key,f2_0.name,f2_0.is_player_controlled,f2_0.type,p1_0.hidden_from_players,ht1_0.id,ht1_0.base_industry,ht1_0.base_manpower,ht1_0.campaign_id,ht1_0.has_airfield,ht1_0.has_port,ht1_0.theatre_key,ht1_0.max_fort_level,ht1_0.metadata_json,ht1_0.name,ht1_0.strategic_tags_json,ht1_0.terrain_type,ht1_0.territory_key,ht1_0.theatre_id,p1_0.name,n2_0.id,n2_0.campaign_id,n2_0.doctrine_profile_key,n2_0.faction_id,n2_0.metadata_json,n2_0.name,n2_0.nation_key,n2_0.is_npc,p1_0.platoon_key,p1_0.unit_type,ps1_0.readiness_status,ps1_0.strength,t2_0.id,t2_0.base_industry,t2_0.base_manpower,t2_0.campaign_id,t2_0.has_airfield,t2_0.has_port,t2_0.theatre_key,t2_0.max_fort_level,t2_0.metadata_json,t2_0.name,t2_0.strategic_tags_json,t2_0.terrain_type,t2_0.territory_key,t2_0.theatre_id,ps1_0.turn_id from platoon_state ps1_0 join platoon p1_0 on p1_0.id=ps1_0.platoon_id left join campaign_member am1_0 on am1_0.id=p1_0.assigned_member_id left join app_user u1_0 on u1_0.id=am1_0.user_id left join faction f2_0 on f2_0.id=p1_0.faction_id left join territory ht1_0 on ht1_0.id=p1_0.home_territory_id left join nation n2_0 on n2_0.id=p1_0.nation_id left join territory t2_0 on t2_0.id=ps1_0.territory_id join turn t4_0 on t4_0.id=ps1_0.turn_id where p1_0.campaign_id=? and t4_0.campaign_id=? and t4_0.turn_number=? order by p1_0.name
2026-03-26T15:35:15.128Z DEBUG 60 --- [           main] org.hibernate.SQL                        : select cm1_0.id,cm1_0.campaign_id,f1_0.id,f1_0.campaign_id,f1_0.color,f1_0.faction_key,f1_0.name,f1_0.is_player_controlled,f1_0.type,n1_0.id,n1_0.campaign_id,n1_0.doctrine_profile_key,n1_0.faction_id,n1_0.metadata_json,n1_0.name,n1_0.nation_key,n1_0.is_npc,cm1_0.role,cm1_0.user_id,u1_0.id,u1_0.active,u1_0.display_name,u1_0.email from campaign_member cm1_0 left join faction f1_0 on f1_0.id=cm1_0.faction_id left join nation n1_0 on n1_0.id=cm1_0.nation_id join app_user u1_0 on u1_0.id=cm1_0.user_id where cm1_0.campaign_id=? order by u1_0.display_name
2026-03-26T15:35:15.141Z DEBUG 60 --- [           main] org.hibernate.SQL                        : select cm1_0.id,cm1_0.campaign_id,f1_0.id,f1_0.campaign_id,f1_0.color,f1_0.faction_key,f1_0.name,f1_0.is_player_controlled,f1_0.type,n1_0.id,n1_0.campaign_id,n1_0.doctrine_profile_key,n1_0.faction_id,n1_0.metadata_json,n1_0.name,n1_0.nation_key,n1_0.is_npc,cm1_0.role,cm1_0.user_id,u1_0.id,u1_0.active,u1_0.display_name,u1_0.email from campaign_member cm1_0 left join faction f1_0 on f1_0.id=cm1_0.faction_id left join nation n1_0 on n1_0.id=cm1_0.nation_id join app_user u1_0 on u1_0.id=cm1_0.user_id where cm1_0.campaign_id=? order by u1_0.display_name
2026-03-26T15:35:15.148Z DEBUG 60 --- [           main] org.hibernate.SQL                        : insert into resolution_event (actor_faction_id,campaign_id,created_by_member_id,created_by_type,event_type,payload_json,phase,target_faction_id,territory_id,turn_number,viewer_faction_id,visibility_scope,id) values (?,?,?,?,?,?,?,?,?,?,?,?,?)
2026-03-26T15:35:15.149Z DEBUG 60 --- [           main] org.hibernate.SQL                        : insert into battle (attacker_faction_id,battle_mode,battle_status,campaign_id,defender_faction_id,scenario_key,scheduled_for,strategic_result_json,tabletop_result_summary,territory_id,turn_number,id) values (?,?,?,?,?,?,?,?,?,?,?,?)
2026-03-26T15:35:15.150Z DEBUG 60 --- [           main] org.hibernate.SQL                        : insert into battle_participant (battle_id,platoon_id,post_condition_band,pre_condition_band,side,id) values (?,?,?,?,?,?)
2026-03-26T15:35:15.155Z DEBUG 60 --- [           main] org.hibernate.SQL                        : insert into battle_participant (battle_id,platoon_id,post_condition_band,pre_condition_band,side,id) values (?,?,?,?,?,?)
2026-03-26T15:35:15.155Z DEBUG 60 --- [           main] org.hibernate.SQL                        : insert into resolution_event (actor_faction_id,campaign_id,created_by_member_id,created_by_type,event_type,payload_json,phase,target_faction_id,territory_id,turn_number,viewer_faction_id,visibility_scope,id) values (?,?,?,?,?,?,?,?,?,?,?,?,?)
2026-03-26T15:35:15.156Z DEBUG 60 --- [           main] org.hibernate.SQL                        : insert into notification (body,campaign_id,payload_json,read_at,recipient_user_id,title,type,id) values (?,?,?,?,?,?,?,?)
2026-03-26T15:35:15.157Z DEBUG 60 --- [           main] org.hibernate.SQL                        : insert into notification (body,campaign_id,payload_json,read_at,recipient_user_id,title,type,id) values (?,?,?,?,?,?,?,?)
2026-03-26T15:35:15.165Z DEBUG 60 --- [           main] org.hibernate.SQL                        : insert into notification (body,campaign_id,payload_json,read_at,recipient_user_id,title,type,id) values (?,?,?,?,?,?,?,?)
2026-03-26T15:35:15.166Z DEBUG 60 --- [           main] org.hibernate.SQL                        : insert into resolution_event (actor_faction_id,campaign_id,created_by_member_id,created_by_type,event_type,payload_json,phase,target_faction_id,territory_id,turn_number,viewer_faction_id,visibility_scope,id) values (?,?,?,?,?,?,?,?,?,?,?,?,?)
2026-03-26T15:35:15.166Z DEBUG 60 --- [           main] org.hibernate.SQL                        : insert into notification (body,campaign_id,payload_json,read_at,recipient_user_id,title,type,id) values (?,?,?,?,?,?,?,?)
2026-03-26T15:35:15.167Z DEBUG 60 --- [           main] org.hibernate.SQL                        : insert into notification (body,campaign_id,payload_json,read_at,recipient_user_id,title,type,id) values (?,?,?,?,?,?,?,?)
2026-03-26T15:35:15.167Z DEBUG 60 --- [           main] org.hibernate.SQL                        : insert into notification (body,campaign_id,payload_json,read_at,recipient_user_id,title,type,id) values (?,?,?,?,?,?,?,?)
2026-03-26T15:35:15.168Z DEBUG 60 --- [           main] org.hibernate.SQL                        : update order_submission set campaign_id=?,checksum=?,faction_id=?,locked_at=?,reveal_at=?,status=?,submitted_at=?,submitted_by_member_id=?,turn_number=? where id=?
2026-03-26T15:35:15.173Z DEBUG 60 --- [           main] org.hibernate.SQL                        : select os1_0.id,os1_0.campaign_id,os1_0.checksum,os1_0.faction_id,f1_0.id,f1_0.campaign_id,f1_0.color,f1_0.faction_key,f1_0.name,f1_0.is_player_controlled,f1_0.type,os1_0.locked_at,os1_0.reveal_at,os1_0.status,os1_0.submitted_at,os1_0.submitted_by_member_id,sbm1_0.id,sbm1_0.campaign_id,sbm1_0.faction_id,sbm1_0.nation_id,sbm1_0.role,sbm1_0.user_id,u1_0.id,u1_0.active,u1_0.display_name,u1_0.email,os1_0.turn_number from order_submission os1_0 join faction f1_0 on f1_0.id=os1_0.faction_id join campaign_member sbm1_0 on sbm1_0.id=os1_0.submitted_by_member_id left join app_user u1_0 on u1_0.id=sbm1_0.user_id where os1_0.campaign_id=? and os1_0.turn_number=? order by os1_0.submitted_at
2026-03-26T15:35:15.179Z DEBUG 60 --- [           main] org.hibernate.SQL                        : select po1_0.id,po1_0.created_at,po1_0.order_submission_id,po1_0.order_type,po1_0.payload_json,po1_0.platoon_id,po1_0.source_territory_id,po1_0.target_territory_id,po1_0.validation_errors_json,po1_0.validation_status from platoon_order po1_0 where po1_0.order_submission_id in (?) order by po1_0.created_at
2026-03-26T15:35:15.184Z DEBUG 60 --- [           main] org.hibernate.SQL                        : select b1_0.id,b1_0.attacker_faction_id,af1_0.id,af1_0.campaign_id,af1_0.color,af1_0.faction_key,af1_0.name,af1_0.is_player_controlled,af1_0.type,b1_0.battle_mode,b1_0.battle_status,b1_0.campaign_id,b1_0.created_at,b1_0.defender_faction_id,df1_0.id,df1_0.campaign_id,df1_0.color,df1_0.faction_key,df1_0.name,df1_0.is_player_controlled,df1_0.type,b1_0.scenario_key,b1_0.scheduled_for,b1_0.strategic_result_json,b1_0.tabletop_result_summary,b1_0.territory_id,t1_0.id,t1_0.base_industry,t1_0.base_manpower,t1_0.campaign_id,t1_0.has_airfield,t1_0.has_port,t1_0.theatre_key,t1_0.max_fort_level,t1_0.metadata_json,t1_0.name,t1_0.strategic_tags_json,t1_0.terrain_type,t1_0.territory_key,t1_0.theatre_id,b1_0.turn_number from battle b1_0 join faction af1_0 on af1_0.id=b1_0.attacker_faction_id join faction df1_0 on df1_0.id=b1_0.defender_faction_id join territory t1_0 on t1_0.id=b1_0.territory_id where b1_0.campaign_id=? and b1_0.turn_number=? order by b1_0.created_at
2026-03-26T15:35:15.191Z DEBUG 60 --- [           main] org.hibernate.SQL                        : select bp1_0.id,bp1_0.battle_id,bp1_0.created_at,bp1_0.platoon_id,p1_0.id,p1_0.assigned_member_id,p1_0.campaign_id,p1_0.faction_id,f1_0.id,f1_0.campaign_id,f1_0.color,f1_0.faction_key,f1_0.name,f1_0.is_player_controlled,f1_0.type,p1_0.hidden_from_players,p1_0.home_territory_id,p1_0.name,n1_0.id,n1_0.campaign_id,n1_0.doctrine_profile_key,n1_0.faction_id,n1_0.metadata_json,n1_0.name,n1_0.nation_key,n1_0.is_npc,p1_0.platoon_key,p1_0.unit_type,bp1_0.post_condition_band,bp1_0.pre_condition_band,bp1_0.side from battle_participant bp1_0 join platoon p1_0 on p1_0.id=bp1_0.platoon_id left join faction f1_0 on f1_0.id=p1_0.faction_id left join nation n1_0 on n1_0.id=p1_0.nation_id where bp1_0.battle_id=? order by bp1_0.created_at
2026-03-26T15:35:15.197Z DEBUG 60 --- [           main] org.hibernate.SQL                        : select re1_0.id,af1_0.id,af1_0.campaign_id,af1_0.color,af1_0.faction_key,af1_0.name,af1_0.is_player_controlled,af1_0.type,re1_0.campaign_id,re1_0.created_at,cbm1_0.id,cbm1_0.campaign_id,cbm1_0.faction_id,cbm1_0.nation_id,cbm1_0.role,cbm1_0.user_id,u1_0.id,u1_0.active,u1_0.display_name,u1_0.email,re1_0.created_by_type,re1_0.event_type,re1_0.payload_json,re1_0.phase,tf1_0.id,tf1_0.campaign_id,tf1_0.color,tf1_0.faction_key,tf1_0.name,tf1_0.is_player_controlled,tf1_0.type,t1_0.id,t1_0.base_industry,t1_0.base_manpower,t1_0.campaign_id,t1_0.has_airfield,t1_0.has_port,t1_0.theatre_key,t1_0.max_fort_level,t1_0.metadata_json,t1_0.name,t1_0.strategic_tags_json,t1_0.terrain_type,t1_0.territory_key,t1_0.theatre_id,re1_0.turn_number,re1_0.viewer_faction_id,re1_0.visibility_scope from resolution_event re1_0 left join faction af1_0 on af1_0.id=re1_0.actor_faction_id left join campaign_member cbm1_0 on cbm1_0.id=re1_0.created_by_member_id left join app_user u1_0 on u1_0.id=cbm1_0.user_id left join faction tf1_0 on tf1_0.id=re1_0.target_faction_id left join territory t1_0 on t1_0.id=re1_0.territory_id where re1_0.campaign_id=? and re1_0.turn_number=? order by re1_0.created_at
2026-03-26T15:35:15.201Z DEBUG 60 --- [           main] m.m.a.RequestResponseBodyMethodProcessor : Using 'application/json', given [*/*] and supported [application/json, application/*+json]
2026-03-26T15:35:15.201Z DEBUG 60 --- [           main] m.m.a.RequestResponseBodyMethodProcessor : Writing [CampaignResolutionResponse[campaignId=2939c709-eb6f-4207-8ed1-766ac0b826ae, turnNumber=1, currentPha (truncated)...]
2026-03-26T15:35:15.241Z DEBUG 60 --- [           main] org.hibernate.SQL                        : select os1_0.id,os1_0.campaign_id,os1_0.checksum,os1_0.faction_id,os1_0.locked_at,os1_0.reveal_at,os1_0.status,os1_0.submitted_at,os1_0.submitted_by_member_id,os1_0.turn_number from order_submission os1_0
2026-03-26T15:35:15.248Z DEBUG 60 --- [           main] org.hibernate.SQL                        : select b1_0.id,b1_0.attacker_faction_id,b1_0.battle_mode,b1_0.battle_status,b1_0.campaign_id,b1_0.created_at,b1_0.defender_faction_id,b1_0.scenario_key,b1_0.scheduled_for,b1_0.strategic_result_json,b1_0.tabletop_result_summary,b1_0.territory_id,b1_0.turn_number from battle b1_0
2026-03-26T15:35:15.252Z DEBUG 60 --- [           main] org.hibernate.SQL                        : select bp1_0.id,bp1_0.battle_id,bp1_0.created_at,bp1_0.platoon_id,bp1_0.post_condition_band,bp1_0.pre_condition_band,bp1_0.side from battle_participant bp1_0
2026-03-26T15:35:15.255Z DEBUG 60 --- [           main] org.hibernate.SQL                        : select re1_0.id,re1_0.actor_faction_id,re1_0.campaign_id,re1_0.created_at,re1_0.created_by_member_id,re1_0.created_by_type,re1_0.event_type,re1_0.payload_json,re1_0.phase,re1_0.target_faction_id,re1_0.territory_id,re1_0.turn_number,re1_0.viewer_faction_id,re1_0.visibility_scope from resolution_event re1_0
2026-03-26T15:35:15.258Z DEBUG 60 --- [           main] org.hibernate.SQL                        : select b1_0.id,b1_0.attacker_faction_id,b1_0.battle_mode,b1_0.battle_status,b1_0.campaign_id,b1_0.created_at,b1_0.defender_faction_id,b1_0.scenario_key,b1_0.scheduled_for,b1_0.strategic_result_json,b1_0.tabletop_result_summary,b1_0.territory_id,b1_0.turn_number from battle b1_0
]]></system-out>
  </testcase>
</testsuite>